== bench=repeated_l1_hit l1=0 l2=0 l2_hit_latency=2 l2_miss_penalty=6 ==
HIER cycle=7 bench=repeated_l1_hit L1 access=1 addr=00000080 hit=0 miss=0 stall=0 fill=0 L2 access=0 hit=0 miss=0 backing=0
HIER cycle=8 bench=repeated_l1_hit L1 access=1 addr=00000080 hit=0 miss=0 stall=0 fill=0 L2 access=0 hit=0 miss=0 backing=0
== bench=l1_conflict_l2_hit l1=0 l2=0 l2_hit_latency=2 l2_miss_penalty=6 ==
HIER cycle=7 bench=l1_conflict_l2_hit L1 access=1 addr=00000000 hit=0 miss=0 stall=0 fill=0 L2 access=0 hit=0 miss=0 backing=0
HIER cycle=8 bench=l1_conflict_l2_hit L1 access=1 addr=00000010 hit=0 miss=0 stall=0 fill=0 L2 access=0 hit=0 miss=0 backing=0
HIER cycle=9 bench=l1_conflict_l2_hit L1 access=1 addr=00000000 hit=0 miss=0 stall=0 fill=0 L2 access=0 hit=0 miss=0 backing=0
== bench=store_load_policy_check l1=0 l2=0 l2_hit_latency=2 l2_miss_penalty=6 ==
HIER cycle=8 bench=store_load_policy_check L1 access=1 addr=00000090 hit=0 miss=0 stall=0 fill=0 L2 access=0 hit=0 miss=0 backing=0
HIER cycle=9 bench=store_load_policy_check L1 access=1 addr=00000090 hit=0 miss=0 stall=0 fill=0 L2 access=0 hit=0 miss=0 backing=0
== bench=mixed_l1_l2_program l1=0 l2=0 l2_hit_latency=2 l2_miss_penalty=6 ==
HIER cycle=8 bench=mixed_l1_l2_program L1 access=1 addr=000000a0 hit=0 miss=0 stall=0 fill=0 L2 access=0 hit=0 miss=0 backing=0
HIER cycle=9 bench=mixed_l1_l2_program L1 access=1 addr=000000a0 hit=0 miss=0 stall=0 fill=0 L2 access=0 hit=0 miss=0 backing=0
HIER cycle=10 bench=mixed_l1_l2_program L1 access=1 addr=000000a0 hit=0 miss=0 stall=0 fill=0 L2 access=0 hit=0 miss=0 backing=0
HIER cycle=15 bench=mixed_l1_l2_program L1 access=1 addr=000000b0 hit=0 miss=0 stall=0 fill=0 L2 access=0 hit=0 miss=0 backing=0
== bench=repeated_l1_hit l1=1 l2=0 l2_hit_latency=2 l2_miss_penalty=6 ==
HIER cycle=7 bench=repeated_l1_hit L1 access=1 addr=00000080 hit=0 miss=1 stall=1 fill=0 L2 access=0 hit=0 miss=0 backing=0
HIER cycle=8 bench=repeated_l1_hit L1 access=0 addr=00000080 hit=0 miss=0 stall=1 fill=0 L2 access=0 hit=0 miss=0 backing=1
HIER cycle=9 bench=repeated_l1_hit L1 access=0 addr=00000080 hit=0 miss=0 stall=1 fill=0 L2 access=0 hit=0 miss=0 backing=0
HIER cycle=10 bench=repeated_l1_hit L1 access=0 addr=00000080 hit=0 miss=0 stall=0 fill=1 L2 access=0 hit=0 miss=0 backing=0
HIER cycle=11 bench=repeated_l1_hit L1 access=1 addr=00000080 hit=1 miss=0 stall=0 fill=0 L2 access=0 hit=0 miss=0 backing=0
== bench=l1_conflict_l2_hit l1=1 l2=0 l2_hit_latency=2 l2_miss_penalty=6 ==
HIER cycle=7 bench=l1_conflict_l2_hit L1 access=1 addr=00000000 hit=0 miss=1 stall=1 fill=0 L2 access=0 hit=0 miss=0 backing=0
HIER cycle=8 bench=l1_conflict_l2_hit L1 access=0 addr=00000000 hit=0 miss=0 stall=1 fill=0 L2 access=0 hit=0 miss=0 backing=1
HIER cycle=9 bench=l1_conflict_l2_hit L1 access=0 addr=00000000 hit=0 miss=0 stall=1 fill=0 L2 access=0 hit=0 miss=0 backing=0
HIER cycle=10 bench=l1_conflict_l2_hit L1 access=0 addr=00000000 hit=0 miss=0 stall=0 fill=1 L2 access=0 hit=0 miss=0 backing=0
HIER cycle=11 bench=l1_conflict_l2_hit L1 access=1 addr=00000010 hit=0 miss=1 stall=1 fill=0 L2 access=0 hit=0 miss=0 backing=0
HIER cycle=12 bench=l1_conflict_l2_hit L1 access=0 addr=00000010 hit=0 miss=0 stall=1 fill=0 L2 access=0 hit=0 miss=0 backing=1
HIER cycle=13 bench=l1_conflict_l2_hit L1 access=0 addr=00000010 hit=0 miss=0 stall=1 fill=0 L2 access=0 hit=0 miss=0 backing=0
HIER cycle=14 bench=l1_conflict_l2_hit L1 access=0 addr=00000010 hit=0 miss=0 stall=0 fill=1 L2 access=0 hit=0 miss=0 backing=0
HIER cycle=15 bench=l1_conflict_l2_hit L1 access=1 addr=00000000 hit=0 miss=1 stall=1 fill=0 L2 access=0 hit=0 miss=0 backing=0
HIER cycle=16 bench=l1_conflict_l2_hit L1 access=0 addr=00000000 hit=0 miss=0 stall=1 fill=0 L2 access=0 hit=0 miss=0 backing=1
HIER cycle=17 bench=l1_conflict_l2_hit L1 access=0 addr=00000000 hit=0 miss=0 stall=1 fill=0 L2 access=0 hit=0 miss=0 backing=0
HIER cycle=18 bench=l1_conflict_l2_hit L1 access=0 addr=00000000 hit=0 miss=0 stall=0 fill=1 L2 access=0 hit=0 miss=0 backing=0
== bench=store_load_policy_check l1=1 l2=0 l2_hit_latency=2 l2_miss_penalty=6 ==
HIER cycle=8 bench=store_load_policy_check L1 access=1 addr=00000090 hit=0 miss=1 stall=1 fill=0 L2 access=0 hit=0 miss=0 backing=0
HIER cycle=9 bench=store_load_policy_check L1 access=0 addr=00000090 hit=0 miss=0 stall=1 fill=0 L2 access=0 hit=0 miss=0 backing=1
HIER cycle=10 bench=store_load_policy_check L1 access=0 addr=00000090 hit=0 miss=0 stall=1 fill=0 L2 access=0 hit=0 miss=0 backing=0
HIER cycle=11 bench=store_load_policy_check L1 access=0 addr=00000090 hit=0 miss=0 stall=0 fill=1 L2 access=0 hit=0 miss=0 backing=0
HIER cycle=12 bench=store_load_policy_check L1 access=1 addr=00000090 hit=1 miss=0 stall=0 fill=0 L2 access=0 hit=0 miss=0 backing=0
== bench=mixed_l1_l2_program l1=1 l2=0 l2_hit_latency=2 l2_miss_penalty=6 ==
HIER cycle=8 bench=mixed_l1_l2_program L1 access=1 addr=000000a0 hit=0 miss=1 stall=1 fill=0 L2 access=0 hit=0 miss=0 backing=0
HIER cycle=9 bench=mixed_l1_l2_program L1 access=0 addr=000000a0 hit=0 miss=0 stall=1 fill=0 L2 access=0 hit=0 miss=0 backing=1
HIER cycle=10 bench=mixed_l1_l2_program L1 access=0 addr=000000a0 hit=0 miss=0 stall=1 fill=0 L2 access=0 hit=0 miss=0 backing=0
HIER cycle=11 bench=mixed_l1_l2_program L1 access=0 addr=000000a0 hit=0 miss=0 stall=0 fill=1 L2 access=0 hit=0 miss=0 backing=0
HIER cycle=12 bench=mixed_l1_l2_program L1 access=1 addr=000000a0 hit=1 miss=0 stall=0 fill=0 L2 access=0 hit=0 miss=0 backing=0
HIER cycle=13 bench=mixed_l1_l2_program L1 access=1 addr=000000a0 hit=1 miss=0 stall=0 fill=0 L2 access=0 hit=0 miss=0 backing=0
HIER cycle=18 bench=mixed_l1_l2_program L1 access=1 addr=000000b0 hit=0 miss=1 stall=1 fill=0 L2 access=0 hit=0 miss=0 backing=0
HIER cycle=19 bench=mixed_l1_l2_program L1 access=0 addr=000000b0 hit=0 miss=0 stall=1 fill=0 L2 access=0 hit=0 miss=0 backing=1
HIER cycle=20 bench=mixed_l1_l2_program L1 access=0 addr=000000b0 hit=0 miss=0 stall=1 fill=0 L2 access=0 hit=0 miss=0 backing=0
HIER cycle=21 bench=mixed_l1_l2_program L1 access=0 addr=000000b0 hit=0 miss=0 stall=0 fill=1 L2 access=0 hit=0 miss=0 backing=0
== bench=repeated_l1_hit l1=1 l2=1 l2_hit_latency=2 l2_miss_penalty=6 ==
HIER cycle=7 bench=repeated_l1_hit L1 access=1 addr=00000080 hit=0 miss=1 stall=1 fill=0 L2 access=0 hit=0 miss=0 backing=0
HIER cycle=8 bench=repeated_l1_hit L1 access=0 addr=00000080 hit=0 miss=0 stall=1 fill=0 L2 access=1 hit=0 miss=1 backing=1
HIER cycle=9 bench=repeated_l1_hit L1 access=0 addr=00000080 hit=0 miss=0 stall=1 fill=0 L2 access=0 hit=0 miss=0 backing=0
HIER cycle=10 bench=repeated_l1_hit L1 access=0 addr=00000080 hit=0 miss=0 stall=1 fill=0 L2 access=0 hit=0 miss=0 backing=0
HIER cycle=11 bench=repeated_l1_hit L1 access=0 addr=00000080 hit=0 miss=0 stall=1 fill=0 L2 access=0 hit=0 miss=0 backing=0
HIER cycle=12 bench=repeated_l1_hit L1 access=0 addr=00000080 hit=0 miss=0 stall=1 fill=0 L2 access=0 hit=0 miss=0 backing=0
HIER cycle=13 bench=repeated_l1_hit L1 access=0 addr=00000080 hit=0 miss=0 stall=0 fill=1 L2 access=0 hit=0 miss=0 backing=0
HIER cycle=14 bench=repeated_l1_hit L1 access=1 addr=00000080 hit=1 miss=0 stall=0 fill=0 L2 access=0 hit=0 miss=0 backing=0
== bench=l1_conflict_l2_hit l1=1 l2=1 l2_hit_latency=2 l2_miss_penalty=6 ==
HIER cycle=7 bench=l1_conflict_l2_hit L1 access=1 addr=00000000 hit=0 miss=1 stall=1 fill=0 L2 access=0 hit=0 miss=0 backing=0
HIER cycle=8 bench=l1_conflict_l2_hit L1 access=0 addr=00000000 hit=0 miss=0 stall=1 fill=0 L2 access=1 hit=0 miss=1 backing=1
HIER cycle=9 bench=l1_conflict_l2_hit L1 access=0 addr=00000000 hit=0 miss=0 stall=1 fill=0 L2 access=0 hit=0 miss=0 backing=0
HIER cycle=10 bench=l1_conflict_l2_hit L1 access=0 addr=00000000 hit=0 miss=0 stall=1 fill=0 L2 access=0 hit=0 miss=0 backing=0
HIER cycle=11 bench=l1_conflict_l2_hit L1 access=0 addr=00000000 hit=0 miss=0 stall=1 fill=0 L2 access=0 hit=0 miss=0 backing=0
HIER cycle=12 bench=l1_conflict_l2_hit L1 access=0 addr=00000000 hit=0 miss=0 stall=1 fill=0 L2 access=0 hit=0 miss=0 backing=0
HIER cycle=13 bench=l1_conflict_l2_hit L1 access=0 addr=00000000 hit=0 miss=0 stall=0 fill=1 L2 access=0 hit=0 miss=0 backing=0
HIER cycle=14 bench=l1_conflict_l2_hit L1 access=1 addr=00000010 hit=0 miss=1 stall=1 fill=0 L2 access=0 hit=0 miss=0 backing=0
HIER cycle=15 bench=l1_conflict_l2_hit L1 access=0 addr=00000010 hit=0 miss=0 stall=1 fill=0 L2 access=1 hit=0 miss=1 backing=1
HIER cycle=16 bench=l1_conflict_l2_hit L1 access=0 addr=00000010 hit=0 miss=0 stall=1 fill=0 L2 access=0 hit=0 miss=0 backing=0
HIER cycle=17 bench=l1_conflict_l2_hit L1 access=0 addr=00000010 hit=0 miss=0 stall=1 fill=0 L2 access=0 hit=0 miss=0 backing=0
HIER cycle=18 bench=l1_conflict_l2_hit L1 access=0 addr=00000010 hit=0 miss=0 stall=1 fill=0 L2 access=0 hit=0 miss=0 backing=0
HIER cycle=19 bench=l1_conflict_l2_hit L1 access=0 addr=00000010 hit=0 miss=0 stall=1 fill=0 L2 access=0 hit=0 miss=0 backing=0
HIER cycle=20 bench=l1_conflict_l2_hit L1 access=0 addr=00000010 hit=0 miss=0 stall=0 fill=1 L2 access=0 hit=0 miss=0 backing=0
HIER cycle=21 bench=l1_conflict_l2_hit L1 access=1 addr=00000000 hit=0 miss=1 stall=1 fill=0 L2 access=0 hit=0 miss=0 backing=0
HIER cycle=22 bench=l1_conflict_l2_hit L1 access=0 addr=00000000 hit=0 miss=0 stall=1 fill=0 L2 access=1 hit=1 miss=0 backing=0
HIER cycle=23 bench=l1_conflict_l2_hit L1 access=0 addr=00000000 hit=0 miss=0 stall=0 fill=1 L2 access=0 hit=0 miss=0 backing=0
== bench=store_load_policy_check l1=1 l2=1 l2_hit_latency=2 l2_miss_penalty=6 ==
HIER cycle=8 bench=store_load_policy_check L1 access=1 addr=00000090 hit=0 miss=1 stall=1 fill=0 L2 access=0 hit=0 miss=0 backing=0
HIER cycle=9 bench=store_load_policy_check L1 access=0 addr=00000090 hit=0 miss=0 stall=1 fill=0 L2 access=1 hit=0 miss=1 backing=1
HIER cycle=10 bench=store_load_policy_check L1 access=0 addr=00000090 hit=0 miss=0 stall=1 fill=0 L2 access=0 hit=0 miss=0 backing=0
HIER cycle=11 bench=store_load_policy_check L1 access=0 addr=00000090 hit=0 miss=0 stall=1 fill=0 L2 access=0 hit=0 miss=0 backing=0
HIER cycle=12 bench=store_load_policy_check L1 access=0 addr=00000090 hit=0 miss=0 stall=1 fill=0 L2 access=0 hit=0 miss=0 backing=0
HIER cycle=13 bench=store_load_policy_check L1 access=0 addr=00000090 hit=0 miss=0 stall=1 fill=0 L2 access=0 hit=0 miss=0 backing=0
HIER cycle=14 bench=store_load_policy_check L1 access=0 addr=00000090 hit=0 miss=0 stall=0 fill=1 L2 access=0 hit=0 miss=0 backing=0
HIER cycle=15 bench=store_load_policy_check L1 access=1 addr=00000090 hit=1 miss=0 stall=0 fill=0 L2 access=0 hit=0 miss=0 backing=0
== bench=mixed_l1_l2_program l1=1 l2=1 l2_hit_latency=2 l2_miss_penalty=6 ==
HIER cycle=8 bench=mixed_l1_l2_program L1 access=1 addr=000000a0 hit=0 miss=1 stall=1 fill=0 L2 access=0 hit=0 miss=0 backing=0
HIER cycle=9 bench=mixed_l1_l2_program L1 access=0 addr=000000a0 hit=0 miss=0 stall=1 fill=0 L2 access=1 hit=0 miss=1 backing=1
HIER cycle=10 bench=mixed_l1_l2_program L1 access=0 addr=000000a0 hit=0 miss=0 stall=1 fill=0 L2 access=0 hit=0 miss=0 backing=0
HIER cycle=11 bench=mixed_l1_l2_program L1 access=0 addr=000000a0 hit=0 miss=0 stall=1 fill=0 L2 access=0 hit=0 miss=0 backing=0
HIER cycle=12 bench=mixed_l1_l2_program L1 access=0 addr=000000a0 hit=0 miss=0 stall=1 fill=0 L2 access=0 hit=0 miss=0 backing=0
HIER cycle=13 bench=mixed_l1_l2_program L1 access=0 addr=000000a0 hit=0 miss=0 stall=1 fill=0 L2 access=0 hit=0 miss=0 backing=0
HIER cycle=14 bench=mixed_l1_l2_program L1 access=0 addr=000000a0 hit=0 miss=0 stall=0 fill=1 L2 access=0 hit=0 miss=0 backing=0
HIER cycle=15 bench=mixed_l1_l2_program L1 access=1 addr=000000a0 hit=1 miss=0 stall=0 fill=0 L2 access=0 hit=0 miss=0 backing=0
HIER cycle=16 bench=mixed_l1_l2_program L1 access=1 addr=000000a0 hit=1 miss=0 stall=0 fill=0 L2 access=0 hit=0 miss=0 backing=0
HIER cycle=21 bench=mixed_l1_l2_program L1 access=1 addr=000000b0 hit=0 miss=1 stall=1 fill=0 L2 access=0 hit=0 miss=0 backing=0
HIER cycle=22 bench=mixed_l1_l2_program L1 access=0 addr=000000b0 hit=0 miss=0 stall=1 fill=0 L2 access=1 hit=0 miss=1 backing=1
HIER cycle=23 bench=mixed_l1_l2_program L1 access=0 addr=000000b0 hit=0 miss=0 stall=1 fill=0 L2 access=0 hit=0 miss=0 backing=0
HIER cycle=24 bench=mixed_l1_l2_program L1 access=0 addr=000000b0 hit=0 miss=0 stall=1 fill=0 L2 access=0 hit=0 miss=0 backing=0
HIER cycle=25 bench=mixed_l1_l2_program L1 access=0 addr=000000b0 hit=0 miss=0 stall=1 fill=0 L2 access=0 hit=0 miss=0 backing=0
HIER cycle=26 bench=mixed_l1_l2_program L1 access=0 addr=000000b0 hit=0 miss=0 stall=1 fill=0 L2 access=0 hit=0 miss=0 backing=0
HIER cycle=27 bench=mixed_l1_l2_program L1 access=0 addr=000000b0 hit=0 miss=0 stall=0 fill=1 L2 access=0 hit=0 miss=0 backing=0
== bench=repeated_l1_hit l1=1 l2=1 l2_hit_latency=2 l2_miss_penalty=10 ==
HIER cycle=7 bench=repeated_l1_hit L1 access=1 addr=00000080 hit=0 miss=1 stall=1 fill=0 L2 access=0 hit=0 miss=0 backing=0
HIER cycle=8 bench=repeated_l1_hit L1 access=0 addr=00000080 hit=0 miss=0 stall=1 fill=0 L2 access=1 hit=0 miss=1 backing=1
HIER cycle=9 bench=repeated_l1_hit L1 access=0 addr=00000080 hit=0 miss=0 stall=1 fill=0 L2 access=0 hit=0 miss=0 backing=0
HIER cycle=10 bench=repeated_l1_hit L1 access=0 addr=00000080 hit=0 miss=0 stall=1 fill=0 L2 access=0 hit=0 miss=0 backing=0
HIER cycle=11 bench=repeated_l1_hit L1 access=0 addr=00000080 hit=0 miss=0 stall=1 fill=0 L2 access=0 hit=0 miss=0 backing=0
HIER cycle=12 bench=repeated_l1_hit L1 access=0 addr=00000080 hit=0 miss=0 stall=1 fill=0 L2 access=0 hit=0 miss=0 backing=0
HIER cycle=13 bench=repeated_l1_hit L1 access=0 addr=00000080 hit=0 miss=0 stall=1 fill=0 L2 access=0 hit=0 miss=0 backing=0
HIER cycle=14 bench=repeated_l1_hit L1 access=0 addr=00000080 hit=0 miss=0 stall=1 fill=0 L2 access=0 hit=0 miss=0 backing=0
HIER cycle=15 bench=repeated_l1_hit L1 access=0 addr=00000080 hit=0 miss=0 stall=1 fill=0 L2 access=0 hit=0 miss=0 backing=0
HIER cycle=16 bench=repeated_l1_hit L1 access=0 addr=00000080 hit=0 miss=0 stall=1 fill=0 L2 access=0 hit=0 miss=0 backing=0
HIER cycle=17 bench=repeated_l1_hit L1 access=0 addr=00000080 hit=0 miss=0 stall=0 fill=1 L2 access=0 hit=0 miss=0 backing=0
HIER cycle=18 bench=repeated_l1_hit L1 access=1 addr=00000080 hit=1 miss=0 stall=0 fill=0 L2 access=0 hit=0 miss=0 backing=0
== bench=l1_conflict_l2_hit l1=1 l2=1 l2_hit_latency=2 l2_miss_penalty=10 ==
HIER cycle=7 bench=l1_conflict_l2_hit L1 access=1 addr=00000000 hit=0 miss=1 stall=1 fill=0 L2 access=0 hit=0 miss=0 backing=0
HIER cycle=8 bench=l1_conflict_l2_hit L1 access=0 addr=00000000 hit=0 miss=0 stall=1 fill=0 L2 access=1 hit=0 miss=1 backing=1
HIER cycle=9 bench=l1_conflict_l2_hit L1 access=0 addr=00000000 hit=0 miss=0 stall=1 fill=0 L2 access=0 hit=0 miss=0 backing=0
HIER cycle=10 bench=l1_conflict_l2_hit L1 access=0 addr=00000000 hit=0 miss=0 stall=1 fill=0 L2 access=0 hit=0 miss=0 backing=0
HIER cycle=11 bench=l1_conflict_l2_hit L1 access=0 addr=00000000 hit=0 miss=0 stall=1 fill=0 L2 access=0 hit=0 miss=0 backing=0
HIER cycle=12 bench=l1_conflict_l2_hit L1 access=0 addr=00000000 hit=0 miss=0 stall=1 fill=0 L2 access=0 hit=0 miss=0 backing=0
HIER cycle=13 bench=l1_conflict_l2_hit L1 access=0 addr=00000000 hit=0 miss=0 stall=1 fill=0 L2 access=0 hit=0 miss=0 backing=0
HIER cycle=14 bench=l1_conflict_l2_hit L1 access=0 addr=00000000 hit=0 miss=0 stall=1 fill=0 L2 access=0 hit=0 miss=0 backing=0
HIER cycle=15 bench=l1_conflict_l2_hit L1 access=0 addr=00000000 hit=0 miss=0 stall=1 fill=0 L2 access=0 hit=0 miss=0 backing=0
HIER cycle=16 bench=l1_conflict_l2_hit L1 access=0 addr=00000000 hit=0 miss=0 stall=1 fill=0 L2 access=0 hit=0 miss=0 backing=0
HIER cycle=17 bench=l1_conflict_l2_hit L1 access=0 addr=00000000 hit=0 miss=0 stall=0 fill=1 L2 access=0 hit=0 miss=0 backing=0
HIER cycle=18 bench=l1_conflict_l2_hit L1 access=1 addr=00000010 hit=0 miss=1 stall=1 fill=0 L2 access=0 hit=0 miss=0 backing=0
HIER cycle=19 bench=l1_conflict_l2_hit L1 access=0 addr=00000010 hit=0 miss=0 stall=1 fill=0 L2 access=1 hit=0 miss=1 backing=1
HIER cycle=20 bench=l1_conflict_l2_hit L1 access=0 addr=00000010 hit=0 miss=0 stall=1 fill=0 L2 access=0 hit=0 miss=0 backing=0
HIER cycle=21 bench=l1_conflict_l2_hit L1 access=0 addr=00000010 hit=0 miss=0 stall=1 fill=0 L2 access=0 hit=0 miss=0 backing=0
HIER cycle=22 bench=l1_conflict_l2_hit L1 access=0 addr=00000010 hit=0 miss=0 stall=1 fill=0 L2 access=0 hit=0 miss=0 backing=0
HIER cycle=23 bench=l1_conflict_l2_hit L1 access=0 addr=00000010 hit=0 miss=0 stall=1 fill=0 L2 access=0 hit=0 miss=0 backing=0
HIER cycle=24 bench=l1_conflict_l2_hit L1 access=0 addr=00000010 hit=0 miss=0 stall=1 fill=0 L2 access=0 hit=0 miss=0 backing=0
HIER cycle=25 bench=l1_conflict_l2_hit L1 access=0 addr=00000010 hit=0 miss=0 stall=1 fill=0 L2 access=0 hit=0 miss=0 backing=0
HIER cycle=26 bench=l1_conflict_l2_hit L1 access=0 addr=00000010 hit=0 miss=0 stall=1 fill=0 L2 access=0 hit=0 miss=0 backing=0
HIER cycle=27 bench=l1_conflict_l2_hit L1 access=0 addr=00000010 hit=0 miss=0 stall=1 fill=0 L2 access=0 hit=0 miss=0 backing=0
HIER cycle=28 bench=l1_conflict_l2_hit L1 access=0 addr=00000010 hit=0 miss=0 stall=0 fill=1 L2 access=0 hit=0 miss=0 backing=0
HIER cycle=29 bench=l1_conflict_l2_hit L1 access=1 addr=00000000 hit=0 miss=1 stall=1 fill=0 L2 access=0 hit=0 miss=0 backing=0
HIER cycle=30 bench=l1_conflict_l2_hit L1 access=0 addr=00000000 hit=0 miss=0 stall=1 fill=0 L2 access=1 hit=1 miss=0 backing=0
HIER cycle=31 bench=l1_conflict_l2_hit L1 access=0 addr=00000000 hit=0 miss=0 stall=0 fill=1 L2 access=0 hit=0 miss=0 backing=0
== bench=store_load_policy_check l1=1 l2=1 l2_hit_latency=2 l2_miss_penalty=10 ==
HIER cycle=8 bench=store_load_policy_check L1 access=1 addr=00000090 hit=0 miss=1 stall=1 fill=0 L2 access=0 hit=0 miss=0 backing=0
HIER cycle=9 bench=store_load_policy_check L1 access=0 addr=00000090 hit=0 miss=0 stall=1 fill=0 L2 access=1 hit=0 miss=1 backing=1
HIER cycle=10 bench=store_load_policy_check L1 access=0 addr=00000090 hit=0 miss=0 stall=1 fill=0 L2 access=0 hit=0 miss=0 backing=0
HIER cycle=11 bench=store_load_policy_check L1 access=0 addr=00000090 hit=0 miss=0 stall=1 fill=0 L2 access=0 hit=0 miss=0 backing=0
HIER cycle=12 bench=store_load_policy_check L1 access=0 addr=00000090 hit=0 miss=0 stall=1 fill=0 L2 access=0 hit=0 miss=0 backing=0
HIER cycle=13 bench=store_load_policy_check L1 access=0 addr=00000090 hit=0 miss=0 stall=1 fill=0 L2 access=0 hit=0 miss=0 backing=0
HIER cycle=14 bench=store_load_policy_check L1 access=0 addr=00000090 hit=0 miss=0 stall=1 fill=0 L2 access=0 hit=0 miss=0 backing=0
HIER cycle=15 bench=store_load_policy_check L1 access=0 addr=00000090 hit=0 miss=0 stall=1 fill=0 L2 access=0 hit=0 miss=0 backing=0
HIER cycle=16 bench=store_load_policy_check L1 access=0 addr=00000090 hit=0 miss=0 stall=1 fill=0 L2 access=0 hit=0 miss=0 backing=0
HIER cycle=17 bench=store_load_policy_check L1 access=0 addr=00000090 hit=0 miss=0 stall=1 fill=0 L2 access=0 hit=0 miss=0 backing=0
HIER cycle=18 bench=store_load_policy_check L1 access=0 addr=00000090 hit=0 miss=0 stall=0 fill=1 L2 access=0 hit=0 miss=0 backing=0
HIER cycle=19 bench=store_load_policy_check L1 access=1 addr=00000090 hit=1 miss=0 stall=0 fill=0 L2 access=0 hit=0 miss=0 backing=0
== bench=mixed_l1_l2_program l1=1 l2=1 l2_hit_latency=2 l2_miss_penalty=10 ==
HIER cycle=8 bench=mixed_l1_l2_program L1 access=1 addr=000000a0 hit=0 miss=1 stall=1 fill=0 L2 access=0 hit=0 miss=0 backing=0
HIER cycle=9 bench=mixed_l1_l2_program L1 access=0 addr=000000a0 hit=0 miss=0 stall=1 fill=0 L2 access=1 hit=0 miss=1 backing=1
HIER cycle=10 bench=mixed_l1_l2_program L1 access=0 addr=000000a0 hit=0 miss=0 stall=1 fill=0 L2 access=0 hit=0 miss=0 backing=0
HIER cycle=11 bench=mixed_l1_l2_program L1 access=0 addr=000000a0 hit=0 miss=0 stall=1 fill=0 L2 access=0 hit=0 miss=0 backing=0
HIER cycle=12 bench=mixed_l1_l2_program L1 access=0 addr=000000a0 hit=0 miss=0 stall=1 fill=0 L2 access=0 hit=0 miss=0 backing=0
HIER cycle=13 bench=mixed_l1_l2_program L1 access=0 addr=000000a0 hit=0 miss=0 stall=1 fill=0 L2 access=0 hit=0 miss=0 backing=0
HIER cycle=14 bench=mixed_l1_l2_program L1 access=0 addr=000000a0 hit=0 miss=0 stall=1 fill=0 L2 access=0 hit=0 miss=0 backing=0
HIER cycle=15 bench=mixed_l1_l2_program L1 access=0 addr=000000a0 hit=0 miss=0 stall=1 fill=0 L2 access=0 hit=0 miss=0 backing=0
HIER cycle=16 bench=mixed_l1_l2_program L1 access=0 addr=000000a0 hit=0 miss=0 stall=1 fill=0 L2 access=0 hit=0 miss=0 backing=0
HIER cycle=17 bench=mixed_l1_l2_program L1 access=0 addr=000000a0 hit=0 miss=0 stall=1 fill=0 L2 access=0 hit=0 miss=0 backing=0
HIER cycle=18 bench=mixed_l1_l2_program L1 access=0 addr=000000a0 hit=0 miss=0 stall=0 fill=1 L2 access=0 hit=0 miss=0 backing=0
HIER cycle=19 bench=mixed_l1_l2_program L1 access=1 addr=000000a0 hit=1 miss=0 stall=0 fill=0 L2 access=0 hit=0 miss=0 backing=0
HIER cycle=20 bench=mixed_l1_l2_program L1 access=1 addr=000000a0 hit=1 miss=0 stall=0 fill=0 L2 access=0 hit=0 miss=0 backing=0
HIER cycle=25 bench=mixed_l1_l2_program L1 access=1 addr=000000b0 hit=0 miss=1 stall=1 fill=0 L2 access=0 hit=0 miss=0 backing=0
HIER cycle=26 bench=mixed_l1_l2_program L1 access=0 addr=000000b0 hit=0 miss=0 stall=1 fill=0 L2 access=1 hit=0 miss=1 backing=1
HIER cycle=27 bench=mixed_l1_l2_program L1 access=0 addr=000000b0 hit=0 miss=0 stall=1 fill=0 L2 access=0 hit=0 miss=0 backing=0
HIER cycle=28 bench=mixed_l1_l2_program L1 access=0 addr=000000b0 hit=0 miss=0 stall=1 fill=0 L2 access=0 hit=0 miss=0 backing=0
HIER cycle=29 bench=mixed_l1_l2_program L1 access=0 addr=000000b0 hit=0 miss=0 stall=1 fill=0 L2 access=0 hit=0 miss=0 backing=0
HIER cycle=30 bench=mixed_l1_l2_program L1 access=0 addr=000000b0 hit=0 miss=0 stall=1 fill=0 L2 access=0 hit=0 miss=0 backing=0
HIER cycle=31 bench=mixed_l1_l2_program L1 access=0 addr=000000b0 hit=0 miss=0 stall=1 fill=0 L2 access=0 hit=0 miss=0 backing=0
HIER cycle=32 bench=mixed_l1_l2_program L1 access=0 addr=000000b0 hit=0 miss=0 stall=1 fill=0 L2 access=0 hit=0 miss=0 backing=0
HIER cycle=33 bench=mixed_l1_l2_program L1 access=0 addr=000000b0 hit=0 miss=0 stall=1 fill=0 L2 access=0 hit=0 miss=0 backing=0
HIER cycle=34 bench=mixed_l1_l2_program L1 access=0 addr=000000b0 hit=0 miss=0 stall=1 fill=0 L2 access=0 hit=0 miss=0 backing=0
HIER cycle=35 bench=mixed_l1_l2_program L1 access=0 addr=000000b0 hit=0 miss=0 stall=0 fill=1 L2 access=0 hit=0 miss=0 backing=0
