CYCLE=0
IF:  valid=1 pc=00000000 instr=00000093
ID:  valid=0 pc=00000000 instr=00000013
EX:  valid=0 pc=00000000 instr=00000013
MEM: valid=0 pc=00000000 instr=00000013
WB:  valid=0 pc=00000000 instr=00000013 rd=x0 we=0 wdata=00000000
CTRL: stall=0 flush=0 taken=0 target=00000000
BP: mode=GSHARE pc=00000000 ghr=0 index=0 pred_taken=0 pred_target=00000000 actual_taken=0 actual_target=00000000 mispredict=0

CYCLE=1
IF:  valid=1 pc=00000004 instr=00800113
ID:  valid=1 pc=00000000 instr=00000093
EX:  valid=0 pc=00000000 instr=00000013
MEM: valid=0 pc=00000000 instr=00000013
WB:  valid=0 pc=00000000 instr=00000013 rd=x0 we=0 wdata=00000000
CTRL: stall=0 flush=0 taken=0 target=00000000
BP: mode=GSHARE pc=00000000 ghr=0 index=1 pred_taken=0 pred_target=00000000 actual_taken=0 actual_target=00000000 mispredict=0

CYCLE=2
IF:  valid=1 pc=00000008 instr=00100213
ID:  valid=1 pc=00000004 instr=00800113
EX:  valid=1 pc=00000000 instr=00000093
MEM: valid=0 pc=00000000 instr=00000013
WB:  valid=0 pc=00000000 instr=00000013 rd=x0 we=0 wdata=00000000
CTRL: stall=0 flush=0 taken=0 target=00000004
BP: mode=GSHARE pc=00000000 ghr=0 index=2 pred_taken=0 pred_target=00000800 actual_taken=0 actual_target=00000004 mispredict=0

CYCLE=3
IF:  valid=1 pc=0000000c instr=00000013
ID:  valid=1 pc=00000008 instr=00100213
EX:  valid=1 pc=00000004 instr=00800113
MEM: valid=1 pc=00000000 instr=00000093
WB:  valid=0 pc=00000000 instr=00000013 rd=x0 we=0 wdata=00000000
CTRL: stall=0 flush=0 taken=0 target=00000008
BP: mode=GSHARE pc=00000004 ghr=0 index=3 pred_taken=0 pred_target=00000006 actual_taken=0 actual_target=00000008 mispredict=0

CYCLE=4
IF:  valid=1 pc=00000010 instr=00000013
ID:  valid=1 pc=0000000c instr=00000013
EX:  valid=1 pc=00000008 instr=00100213
MEM: valid=1 pc=00000004 instr=00800113
WB:  valid=1 pc=00000000 instr=00000093 rd=x1 we=1 wdata=00000000
CTRL: stall=0 flush=0 taken=0 target=0000000c
BP: mode=GSHARE pc=00000008 ghr=0 index=4 pred_taken=0 pred_target=0000000c actual_taken=0 actual_target=0000000c mispredict=0

CYCLE=5
IF:  valid=1 pc=00000014 instr=00000013
ID:  valid=1 pc=00000010 instr=00000013
EX:  valid=1 pc=0000000c instr=00000013
MEM: valid=1 pc=00000008 instr=00100213
WB:  valid=1 pc=00000004 instr=00800113 rd=x2 we=1 wdata=00000008
CTRL: stall=0 flush=0 taken=0 target=00000010
BP: mode=GSHARE pc=0000000c ghr=0 index=5 pred_taken=0 pred_target=0000000c actual_taken=0 actual_target=00000010 mispredict=0

CYCLE=6
IF:  valid=1 pc=00000018 instr=00108093
ID:  valid=1 pc=00000014 instr=00000013
EX:  valid=1 pc=00000010 instr=00000013
MEM: valid=1 pc=0000000c instr=00000013
WB:  valid=1 pc=00000008 instr=00100213 rd=x4 we=1 wdata=00000001
CTRL: stall=0 flush=0 taken=0 target=00000014
BP: mode=GSHARE pc=00000010 ghr=0 index=6 pred_taken=0 pred_target=00000010 actual_taken=0 actual_target=00000014 mispredict=0

CYCLE=7
IF:  valid=1 pc=0000001c instr=00000013
ID:  valid=1 pc=00000018 instr=00108093
EX:  valid=1 pc=00000014 instr=00000013
MEM: valid=1 pc=00000010 instr=00000013
WB:  valid=1 pc=0000000c instr=00000013 rd=x0 we=1 wdata=00000000
CTRL: stall=0 flush=0 taken=0 target=00000018
BP: mode=GSHARE pc=00000014 ghr=0 index=7 pred_taken=0 pred_target=00000014 actual_taken=0 actual_target=00000018 mispredict=0

CYCLE=8
IF:  valid=1 pc=00000020 instr=00000013
ID:  valid=1 pc=0000001c instr=00000013
EX:  valid=1 pc=00000018 instr=00108093
MEM: valid=1 pc=00000014 instr=00000013
WB:  valid=1 pc=00000010 instr=00000013 rd=x0 we=1 wdata=00000000
CTRL: stall=0 flush=0 taken=0 target=0000001c
BP: mode=GSHARE pc=00000018 ghr=0 index=8 pred_taken=0 pred_target=00000818 actual_taken=0 actual_target=0000001c mispredict=0

CYCLE=9
IF:  valid=1 pc=00000024 instr=00000013
ID:  valid=1 pc=00000020 instr=00000013
EX:  valid=1 pc=0000001c instr=00000013
MEM: valid=1 pc=00000018 instr=00108093
WB:  valid=1 pc=00000014 instr=00000013 rd=x0 we=1 wdata=00000000
CTRL: stall=0 flush=0 taken=0 target=00000020
BP: mode=GSHARE pc=0000001c ghr=0 index=9 pred_taken=0 pred_target=0000001c actual_taken=0 actual_target=00000020 mispredict=0

CYCLE=10
IF:  valid=1 pc=00000028 instr=fe2098e3
ID:  valid=1 pc=00000024 instr=00000013
EX:  valid=1 pc=00000020 instr=00000013
MEM: valid=1 pc=0000001c instr=00000013
WB:  valid=1 pc=00000018 instr=00108093 rd=x1 we=1 wdata=00000001
CTRL: stall=0 flush=0 taken=0 target=00000024
BP: mode=GSHARE pc=00000020 ghr=0 index=10 pred_taken=0 pred_target=00000020 actual_taken=0 actual_target=00000024 mispredict=0

CYCLE=11
IF:  valid=1 pc=0000002c instr=00000013
ID:  valid=1 pc=00000028 instr=fe2098e3
EX:  valid=1 pc=00000024 instr=00000013
MEM: valid=1 pc=00000020 instr=00000013
WB:  valid=1 pc=0000001c instr=00000013 rd=x0 we=1 wdata=00000000
CTRL: stall=0 flush=0 taken=0 target=00000028
BP: mode=GSHARE pc=00000024 ghr=0 index=11 pred_taken=0 pred_target=00000024 actual_taken=0 actual_target=00000028 mispredict=0

CYCLE=12
IF:  valid=1 pc=00000030 instr=00000013
ID:  valid=1 pc=0000002c instr=00000013
EX:  valid=1 pc=00000028 instr=fe2098e3
MEM: valid=1 pc=00000024 instr=00000013
WB:  valid=1 pc=00000020 instr=00000013 rd=x0 we=1 wdata=00000000
CTRL: stall=0 flush=1 taken=1 target=00000018
BP: mode=GSHARE pc=00000028 ghr=0 index=12 pred_taken=0 pred_target=00000018 actual_taken=1 actual_target=00000018 mispredict=1

CYCLE=13
IF:  valid=1 pc=00000018 instr=00108093
ID:  valid=0 pc=00000030 instr=00000013
EX:  valid=0 pc=0000002c instr=00000013
MEM: valid=1 pc=00000028 instr=fe2098e3
WB:  valid=1 pc=00000024 instr=00000013 rd=x0 we=1 wdata=00000000
CTRL: stall=0 flush=0 taken=0 target=00000030
BP: mode=GSHARE pc=0000002c ghr=1 index=7 pred_taken=0 pred_target=00000000 actual_taken=0 actual_target=00000030 mispredict=0

CYCLE=14
IF:  valid=1 pc=0000001c instr=00000013
ID:  valid=1 pc=00000018 instr=00108093
EX:  valid=0 pc=00000030 instr=00000013
MEM: valid=0 pc=0000002c instr=00000013
WB:  valid=1 pc=00000028 instr=fe2098e3 rd=x17 we=0 wdata=00000009
CTRL: stall=0 flush=0 taken=0 target=00000034
BP: mode=GSHARE pc=00000030 ghr=1 index=6 pred_taken=0 pred_target=00000000 actual_taken=0 actual_target=00000034 mispredict=0

CYCLE=15
IF:  valid=1 pc=00000020 instr=00000013
ID:  valid=1 pc=0000001c instr=00000013
EX:  valid=1 pc=00000018 instr=00108093
MEM: valid=0 pc=00000030 instr=00000013
WB:  valid=0 pc=0000002c instr=00000013 rd=x0 we=0 wdata=00000000
CTRL: stall=0 flush=0 taken=0 target=0000001c
BP: mode=GSHARE pc=00000018 ghr=1 index=9 pred_taken=0 pred_target=00000818 actual_taken=0 actual_target=0000001c mispredict=0

CYCLE=16
IF:  valid=1 pc=00000024 instr=00000013
ID:  valid=1 pc=00000020 instr=00000013
EX:  valid=1 pc=0000001c instr=00000013
MEM: valid=1 pc=00000018 instr=00108093
WB:  valid=0 pc=00000030 instr=00000013 rd=x0 we=0 wdata=00000000
CTRL: stall=0 flush=0 taken=0 target=00000020
BP: mode=GSHARE pc=0000001c ghr=1 index=8 pred_taken=0 pred_target=0000001c actual_taken=0 actual_target=00000020 mispredict=0

CYCLE=17
IF:  valid=1 pc=00000028 instr=fe2098e3
ID:  valid=1 pc=00000024 instr=00000013
EX:  valid=1 pc=00000020 instr=00000013
MEM: valid=1 pc=0000001c instr=00000013
WB:  valid=1 pc=00000018 instr=00108093 rd=x1 we=1 wdata=00000002
CTRL: stall=0 flush=0 taken=0 target=00000024
BP: mode=GSHARE pc=00000020 ghr=1 index=11 pred_taken=0 pred_target=00000020 actual_taken=0 actual_target=00000024 mispredict=0

CYCLE=18
IF:  valid=1 pc=0000002c instr=00000013
ID:  valid=1 pc=00000028 instr=fe2098e3
EX:  valid=1 pc=00000024 instr=00000013
MEM: valid=1 pc=00000020 instr=00000013
WB:  valid=1 pc=0000001c instr=00000013 rd=x0 we=1 wdata=00000000
CTRL: stall=0 flush=0 taken=0 target=00000028
BP: mode=GSHARE pc=00000024 ghr=1 index=10 pred_taken=0 pred_target=00000024 actual_taken=0 actual_target=00000028 mispredict=0

CYCLE=19
IF:  valid=1 pc=00000030 instr=00000013
ID:  valid=1 pc=0000002c instr=00000013
EX:  valid=1 pc=00000028 instr=fe2098e3
MEM: valid=1 pc=00000024 instr=00000013
WB:  valid=1 pc=00000020 instr=00000013 rd=x0 we=1 wdata=00000000
CTRL: stall=0 flush=1 taken=1 target=00000018
BP: mode=GSHARE pc=00000028 ghr=1 index=13 pred_taken=0 pred_target=00000018 actual_taken=1 actual_target=00000018 mispredict=1

CYCLE=20
IF:  valid=1 pc=00000018 instr=00108093
ID:  valid=0 pc=00000030 instr=00000013
EX:  valid=0 pc=0000002c instr=00000013
MEM: valid=1 pc=00000028 instr=fe2098e3
WB:  valid=1 pc=00000024 instr=00000013 rd=x0 we=1 wdata=00000000
CTRL: stall=0 flush=0 taken=0 target=00000030
BP: mode=GSHARE pc=0000002c ghr=3 index=5 pred_taken=0 pred_target=00000000 actual_taken=0 actual_target=00000030 mispredict=0

CYCLE=21
IF:  valid=1 pc=0000001c instr=00000013
ID:  valid=1 pc=00000018 instr=00108093
EX:  valid=0 pc=00000030 instr=00000013
MEM: valid=0 pc=0000002c instr=00000013
WB:  valid=1 pc=00000028 instr=fe2098e3 rd=x17 we=0 wdata=0000000a
CTRL: stall=0 flush=0 taken=0 target=00000034
BP: mode=GSHARE pc=00000030 ghr=3 index=4 pred_taken=0 pred_target=00000000 actual_taken=0 actual_target=00000034 mispredict=0

CYCLE=22
IF:  valid=1 pc=00000020 instr=00000013
ID:  valid=1 pc=0000001c instr=00000013
EX:  valid=1 pc=00000018 instr=00108093
MEM: valid=0 pc=00000030 instr=00000013
WB:  valid=0 pc=0000002c instr=00000013 rd=x0 we=0 wdata=00000000
CTRL: stall=0 flush=0 taken=0 target=0000001c
BP: mode=GSHARE pc=00000018 ghr=3 index=11 pred_taken=0 pred_target=00000818 actual_taken=0 actual_target=0000001c mispredict=0

CYCLE=23
IF:  valid=1 pc=00000024 instr=00000013
ID:  valid=1 pc=00000020 instr=00000013
EX:  valid=1 pc=0000001c instr=00000013
MEM: valid=1 pc=00000018 instr=00108093
WB:  valid=0 pc=00000030 instr=00000013 rd=x0 we=0 wdata=00000000
CTRL: stall=0 flush=0 taken=0 target=00000020
BP: mode=GSHARE pc=0000001c ghr=3 index=10 pred_taken=0 pred_target=0000001c actual_taken=0 actual_target=00000020 mispredict=0

CYCLE=24
IF:  valid=1 pc=00000028 instr=fe2098e3
ID:  valid=1 pc=00000024 instr=00000013
EX:  valid=1 pc=00000020 instr=00000013
MEM: valid=1 pc=0000001c instr=00000013
WB:  valid=1 pc=00000018 instr=00108093 rd=x1 we=1 wdata=00000003
CTRL: stall=0 flush=0 taken=0 target=00000024
BP: mode=GSHARE pc=00000020 ghr=3 index=9 pred_taken=0 pred_target=00000020 actual_taken=0 actual_target=00000024 mispredict=0

CYCLE=25
IF:  valid=1 pc=0000002c instr=00000013
ID:  valid=1 pc=00000028 instr=fe2098e3
EX:  valid=1 pc=00000024 instr=00000013
MEM: valid=1 pc=00000020 instr=00000013
WB:  valid=1 pc=0000001c instr=00000013 rd=x0 we=1 wdata=00000000
CTRL: stall=0 flush=0 taken=0 target=00000028
BP: mode=GSHARE pc=00000024 ghr=3 index=8 pred_taken=0 pred_target=00000024 actual_taken=0 actual_target=00000028 mispredict=0

CYCLE=26
IF:  valid=1 pc=00000030 instr=00000013
ID:  valid=1 pc=0000002c instr=00000013
EX:  valid=1 pc=00000028 instr=fe2098e3
MEM: valid=1 pc=00000024 instr=00000013
WB:  valid=1 pc=00000020 instr=00000013 rd=x0 we=1 wdata=00000000
CTRL: stall=0 flush=1 taken=1 target=00000018
BP: mode=GSHARE pc=00000028 ghr=3 index=15 pred_taken=0 pred_target=00000018 actual_taken=1 actual_target=00000018 mispredict=1

CYCLE=27
IF:  valid=1 pc=00000018 instr=00108093
ID:  valid=0 pc=00000030 instr=00000013
EX:  valid=0 pc=0000002c instr=00000013
MEM: valid=1 pc=00000028 instr=fe2098e3
WB:  valid=1 pc=00000024 instr=00000013 rd=x0 we=1 wdata=00000000
CTRL: stall=0 flush=0 taken=0 target=00000030
BP: mode=GSHARE pc=0000002c ghr=7 index=1 pred_taken=0 pred_target=00000000 actual_taken=0 actual_target=00000030 mispredict=0

CYCLE=28
IF:  valid=1 pc=0000001c instr=00000013
ID:  valid=1 pc=00000018 instr=00108093
EX:  valid=0 pc=00000030 instr=00000013
MEM: valid=0 pc=0000002c instr=00000013
WB:  valid=1 pc=00000028 instr=fe2098e3 rd=x17 we=0 wdata=0000000b
CTRL: stall=0 flush=0 taken=0 target=00000034
BP: mode=GSHARE pc=00000030 ghr=7 index=0 pred_taken=0 pred_target=00000000 actual_taken=0 actual_target=00000034 mispredict=0

CYCLE=29
IF:  valid=1 pc=00000020 instr=00000013
ID:  valid=1 pc=0000001c instr=00000013
EX:  valid=1 pc=00000018 instr=00108093
MEM: valid=0 pc=00000030 instr=00000013
WB:  valid=0 pc=0000002c instr=00000013 rd=x0 we=0 wdata=00000000
CTRL: stall=0 flush=0 taken=0 target=0000001c
BP: mode=GSHARE pc=00000018 ghr=7 index=15 pred_taken=0 pred_target=00000818 actual_taken=0 actual_target=0000001c mispredict=0

CYCLE=30
IF:  valid=1 pc=00000024 instr=00000013
ID:  valid=1 pc=00000020 instr=00000013
EX:  valid=1 pc=0000001c instr=00000013
MEM: valid=1 pc=00000018 instr=00108093
WB:  valid=0 pc=00000030 instr=00000013 rd=x0 we=0 wdata=00000000
CTRL: stall=0 flush=0 taken=0 target=00000020
BP: mode=GSHARE pc=0000001c ghr=7 index=14 pred_taken=0 pred_target=0000001c actual_taken=0 actual_target=00000020 mispredict=0

CYCLE=31
IF:  valid=1 pc=00000028 instr=fe2098e3
ID:  valid=1 pc=00000024 instr=00000013
EX:  valid=1 pc=00000020 instr=00000013
MEM: valid=1 pc=0000001c instr=00000013
WB:  valid=1 pc=00000018 instr=00108093 rd=x1 we=1 wdata=00000004
CTRL: stall=0 flush=0 taken=0 target=00000024
BP: mode=GSHARE pc=00000020 ghr=7 index=13 pred_taken=0 pred_target=00000020 actual_taken=0 actual_target=00000024 mispredict=0

CYCLE=32
IF:  valid=1 pc=0000002c instr=00000013
ID:  valid=1 pc=00000028 instr=fe2098e3
EX:  valid=1 pc=00000024 instr=00000013
MEM: valid=1 pc=00000020 instr=00000013
WB:  valid=1 pc=0000001c instr=00000013 rd=x0 we=1 wdata=00000000
CTRL: stall=0 flush=0 taken=0 target=00000028
BP: mode=GSHARE pc=00000024 ghr=7 index=12 pred_taken=0 pred_target=00000024 actual_taken=0 actual_target=00000028 mispredict=0

CYCLE=33
IF:  valid=1 pc=00000030 instr=00000013
ID:  valid=1 pc=0000002c instr=00000013
EX:  valid=1 pc=00000028 instr=fe2098e3
MEM: valid=1 pc=00000024 instr=00000013
WB:  valid=1 pc=00000020 instr=00000013 rd=x0 we=1 wdata=00000000
CTRL: stall=0 flush=1 taken=1 target=00000018
BP: mode=GSHARE pc=00000028 ghr=7 index=11 pred_taken=0 pred_target=00000018 actual_taken=1 actual_target=00000018 mispredict=1

CYCLE=34
IF:  valid=1 pc=00000018 instr=00108093
ID:  valid=0 pc=00000030 instr=00000013
EX:  valid=0 pc=0000002c instr=00000013
MEM: valid=1 pc=00000028 instr=fe2098e3
WB:  valid=1 pc=00000024 instr=00000013 rd=x0 we=1 wdata=00000000
CTRL: stall=0 flush=0 taken=0 target=00000030
BP: mode=GSHARE pc=0000002c ghr=15 index=9 pred_taken=0 pred_target=00000000 actual_taken=0 actual_target=00000030 mispredict=0

CYCLE=35
IF:  valid=1 pc=0000001c instr=00000013
ID:  valid=1 pc=00000018 instr=00108093
EX:  valid=0 pc=00000030 instr=00000013
MEM: valid=0 pc=0000002c instr=00000013
WB:  valid=1 pc=00000028 instr=fe2098e3 rd=x17 we=0 wdata=0000000c
CTRL: stall=0 flush=0 taken=0 target=00000034
BP: mode=GSHARE pc=00000030 ghr=15 index=8 pred_taken=0 pred_target=00000000 actual_taken=0 actual_target=00000034 mispredict=0

CYCLE=36
IF:  valid=1 pc=00000020 instr=00000013
ID:  valid=1 pc=0000001c instr=00000013
EX:  valid=1 pc=00000018 instr=00108093
MEM: valid=0 pc=00000030 instr=00000013
WB:  valid=0 pc=0000002c instr=00000013 rd=x0 we=0 wdata=00000000
CTRL: stall=0 flush=0 taken=0 target=0000001c
BP: mode=GSHARE pc=00000018 ghr=15 index=7 pred_taken=0 pred_target=00000818 actual_taken=0 actual_target=0000001c mispredict=0

CYCLE=37
IF:  valid=1 pc=00000024 instr=00000013
ID:  valid=1 pc=00000020 instr=00000013
EX:  valid=1 pc=0000001c instr=00000013
MEM: valid=1 pc=00000018 instr=00108093
WB:  valid=0 pc=00000030 instr=00000013 rd=x0 we=0 wdata=00000000
CTRL: stall=0 flush=0 taken=0 target=00000020
BP: mode=GSHARE pc=0000001c ghr=15 index=6 pred_taken=0 pred_target=0000001c actual_taken=0 actual_target=00000020 mispredict=0

CYCLE=38
IF:  valid=1 pc=00000028 instr=fe2098e3
ID:  valid=1 pc=00000024 instr=00000013
EX:  valid=1 pc=00000020 instr=00000013
MEM: valid=1 pc=0000001c instr=00000013
WB:  valid=1 pc=00000018 instr=00108093 rd=x1 we=1 wdata=00000005
CTRL: stall=0 flush=0 taken=0 target=00000024
BP: mode=GSHARE pc=00000020 ghr=15 index=5 pred_taken=0 pred_target=00000020 actual_taken=0 actual_target=00000024 mispredict=0

CYCLE=39
IF:  valid=1 pc=0000002c instr=00000013
ID:  valid=1 pc=00000028 instr=fe2098e3
EX:  valid=1 pc=00000024 instr=00000013
MEM: valid=1 pc=00000020 instr=00000013
WB:  valid=1 pc=0000001c instr=00000013 rd=x0 we=1 wdata=00000000
CTRL: stall=0 flush=0 taken=0 target=00000028
BP: mode=GSHARE pc=00000024 ghr=15 index=4 pred_taken=0 pred_target=00000024 actual_taken=0 actual_target=00000028 mispredict=0

CYCLE=40
IF:  valid=1 pc=00000030 instr=00000013
ID:  valid=1 pc=0000002c instr=00000013
EX:  valid=1 pc=00000028 instr=fe2098e3
MEM: valid=1 pc=00000024 instr=00000013
WB:  valid=1 pc=00000020 instr=00000013 rd=x0 we=1 wdata=00000000
CTRL: stall=0 flush=1 taken=1 target=00000018
BP: mode=GSHARE pc=00000028 ghr=15 index=3 pred_taken=0 pred_target=00000018 actual_taken=1 actual_target=00000018 mispredict=1

CYCLE=41
IF:  valid=1 pc=00000018 instr=00108093
ID:  valid=0 pc=00000030 instr=00000013
EX:  valid=0 pc=0000002c instr=00000013
MEM: valid=1 pc=00000028 instr=fe2098e3
WB:  valid=1 pc=00000024 instr=00000013 rd=x0 we=1 wdata=00000000
CTRL: stall=0 flush=0 taken=0 target=00000030
BP: mode=GSHARE pc=0000002c ghr=15 index=9 pred_taken=0 pred_target=00000000 actual_taken=0 actual_target=00000030 mispredict=0

CYCLE=42
IF:  valid=1 pc=0000001c instr=00000013
ID:  valid=1 pc=00000018 instr=00108093
EX:  valid=0 pc=00000030 instr=00000013
MEM: valid=0 pc=0000002c instr=00000013
WB:  valid=1 pc=00000028 instr=fe2098e3 rd=x17 we=0 wdata=0000000d
CTRL: stall=0 flush=0 taken=0 target=00000034
BP: mode=GSHARE pc=00000030 ghr=15 index=8 pred_taken=0 pred_target=00000000 actual_taken=0 actual_target=00000034 mispredict=0

CYCLE=43
IF:  valid=1 pc=00000020 instr=00000013
ID:  valid=1 pc=0000001c instr=00000013
EX:  valid=1 pc=00000018 instr=00108093
MEM: valid=0 pc=00000030 instr=00000013
WB:  valid=0 pc=0000002c instr=00000013 rd=x0 we=0 wdata=00000000
CTRL: stall=0 flush=0 taken=0 target=0000001c
BP: mode=GSHARE pc=00000018 ghr=15 index=7 pred_taken=0 pred_target=00000818 actual_taken=0 actual_target=0000001c mispredict=0

CYCLE=44
IF:  valid=1 pc=00000024 instr=00000013
ID:  valid=1 pc=00000020 instr=00000013
EX:  valid=1 pc=0000001c instr=00000013
MEM: valid=1 pc=00000018 instr=00108093
WB:  valid=0 pc=00000030 instr=00000013 rd=x0 we=0 wdata=00000000
CTRL: stall=0 flush=0 taken=0 target=00000020
BP: mode=GSHARE pc=0000001c ghr=15 index=6 pred_taken=0 pred_target=0000001c actual_taken=0 actual_target=00000020 mispredict=0

CYCLE=45
IF:  valid=1 pc=00000028 instr=fe2098e3
ID:  valid=1 pc=00000024 instr=00000013
EX:  valid=1 pc=00000020 instr=00000013
MEM: valid=1 pc=0000001c instr=00000013
WB:  valid=1 pc=00000018 instr=00108093 rd=x1 we=1 wdata=00000006
CTRL: stall=0 flush=0 taken=0 target=00000024
BP: mode=GSHARE pc=00000020 ghr=15 index=5 pred_taken=0 pred_target=00000020 actual_taken=0 actual_target=00000024 mispredict=0

CYCLE=46
IF:  valid=1 pc=00000018 instr=00108093
ID:  valid=1 pc=00000028 instr=fe2098e3
EX:  valid=1 pc=00000024 instr=00000013
MEM: valid=1 pc=00000020 instr=00000013
WB:  valid=1 pc=0000001c instr=00000013 rd=x0 we=1 wdata=00000000
CTRL: stall=0 flush=0 taken=0 target=00000028
BP: mode=GSHARE pc=00000024 ghr=15 index=9 pred_taken=0 pred_target=00000024 actual_taken=0 actual_target=00000028 mispredict=0

CYCLE=47
IF:  valid=1 pc=0000001c instr=00000013
ID:  valid=1 pc=00000018 instr=00108093
EX:  valid=1 pc=00000028 instr=fe2098e3
MEM: valid=1 pc=00000024 instr=00000013
WB:  valid=1 pc=00000020 instr=00000013 rd=x0 we=1 wdata=00000000
CTRL: stall=0 flush=0 taken=0 target=00000018
BP: mode=GSHARE pc=00000028 ghr=15 index=8 pred_taken=1 pred_target=00000018 actual_taken=1 actual_target=00000018 mispredict=0

CYCLE=48
IF:  valid=1 pc=00000020 instr=00000013
ID:  valid=1 pc=0000001c instr=00000013
EX:  valid=1 pc=00000018 instr=00108093
MEM: valid=1 pc=00000028 instr=fe2098e3
WB:  valid=1 pc=00000024 instr=00000013 rd=x0 we=1 wdata=00000000
CTRL: stall=0 flush=0 taken=0 target=0000001c
BP: mode=GSHARE pc=00000018 ghr=15 index=7 pred_taken=0 pred_target=00000818 actual_taken=0 actual_target=0000001c mispredict=0

CYCLE=49
IF:  valid=1 pc=00000024 instr=00000013
ID:  valid=1 pc=00000020 instr=00000013
EX:  valid=1 pc=0000001c instr=00000013
MEM: valid=1 pc=00000018 instr=00108093
WB:  valid=1 pc=00000028 instr=fe2098e3 rd=x17 we=0 wdata=0000000e
CTRL: stall=0 flush=0 taken=0 target=00000020
BP: mode=GSHARE pc=0000001c ghr=15 index=6 pred_taken=0 pred_target=0000001c actual_taken=0 actual_target=00000020 mispredict=0

CYCLE=50
IF:  valid=1 pc=00000028 instr=fe2098e3
ID:  valid=1 pc=00000024 instr=00000013
EX:  valid=1 pc=00000020 instr=00000013
MEM: valid=1 pc=0000001c instr=00000013
WB:  valid=1 pc=00000018 instr=00108093 rd=x1 we=1 wdata=00000007
CTRL: stall=0 flush=0 taken=0 target=00000024
BP: mode=GSHARE pc=00000020 ghr=15 index=5 pred_taken=0 pred_target=00000020 actual_taken=0 actual_target=00000024 mispredict=0

CYCLE=51
IF:  valid=1 pc=00000018 instr=00108093
ID:  valid=1 pc=00000028 instr=fe2098e3
EX:  valid=1 pc=00000024 instr=00000013
MEM: valid=1 pc=00000020 instr=00000013
WB:  valid=1 pc=0000001c instr=00000013 rd=x0 we=1 wdata=00000000
CTRL: stall=0 flush=0 taken=0 target=00000028
BP: mode=GSHARE pc=00000024 ghr=15 index=9 pred_taken=0 pred_target=00000024 actual_taken=0 actual_target=00000028 mispredict=0

CYCLE=52
IF:  valid=1 pc=0000001c instr=00000013
ID:  valid=1 pc=00000018 instr=00108093
EX:  valid=1 pc=00000028 instr=fe2098e3
MEM: valid=1 pc=00000024 instr=00000013
WB:  valid=1 pc=00000020 instr=00000013 rd=x0 we=1 wdata=00000000
CTRL: stall=0 flush=0 taken=0 target=00000018
BP: mode=GSHARE pc=00000028 ghr=15 index=8 pred_taken=1 pred_target=00000018 actual_taken=1 actual_target=00000018 mispredict=0

CYCLE=53
IF:  valid=1 pc=00000020 instr=00000013
ID:  valid=1 pc=0000001c instr=00000013
EX:  valid=1 pc=00000018 instr=00108093
MEM: valid=1 pc=00000028 instr=fe2098e3
WB:  valid=1 pc=00000024 instr=00000013 rd=x0 we=1 wdata=00000000
CTRL: stall=0 flush=0 taken=0 target=0000001c
BP: mode=GSHARE pc=00000018 ghr=15 index=7 pred_taken=0 pred_target=00000818 actual_taken=0 actual_target=0000001c mispredict=0

CYCLE=54
IF:  valid=1 pc=00000024 instr=00000013
ID:  valid=1 pc=00000020 instr=00000013
EX:  valid=1 pc=0000001c instr=00000013
MEM: valid=1 pc=00000018 instr=00108093
WB:  valid=1 pc=00000028 instr=fe2098e3 rd=x17 we=0 wdata=0000000f
CTRL: stall=0 flush=0 taken=0 target=00000020
BP: mode=GSHARE pc=0000001c ghr=15 index=6 pred_taken=0 pred_target=0000001c actual_taken=0 actual_target=00000020 mispredict=0

CYCLE=55
IF:  valid=1 pc=00000028 instr=fe2098e3
ID:  valid=1 pc=00000024 instr=00000013
EX:  valid=1 pc=00000020 instr=00000013
MEM: valid=1 pc=0000001c instr=00000013
WB:  valid=1 pc=00000018 instr=00108093 rd=x1 we=1 wdata=00000008
CTRL: stall=0 flush=0 taken=0 target=00000024
BP: mode=GSHARE pc=00000020 ghr=15 index=5 pred_taken=0 pred_target=00000020 actual_taken=0 actual_target=00000024 mispredict=0

CYCLE=56
IF:  valid=1 pc=00000018 instr=00108093
ID:  valid=1 pc=00000028 instr=fe2098e3
EX:  valid=1 pc=00000024 instr=00000013
MEM: valid=1 pc=00000020 instr=00000013
WB:  valid=1 pc=0000001c instr=00000013 rd=x0 we=1 wdata=00000000
CTRL: stall=0 flush=0 taken=0 target=00000028
BP: mode=GSHARE pc=00000024 ghr=15 index=9 pred_taken=0 pred_target=00000024 actual_taken=0 actual_target=00000028 mispredict=0

CYCLE=57
IF:  valid=1 pc=0000001c instr=00000013
ID:  valid=1 pc=00000018 instr=00108093
EX:  valid=1 pc=00000028 instr=fe2098e3
MEM: valid=1 pc=00000024 instr=00000013
WB:  valid=1 pc=00000020 instr=00000013 rd=x0 we=1 wdata=00000000
CTRL: stall=0 flush=1 taken=1 target=0000002c
BP: mode=GSHARE pc=00000028 ghr=15 index=8 pred_taken=1 pred_target=00000018 actual_taken=0 actual_target=0000002c mispredict=1

CYCLE=58
IF:  valid=1 pc=0000002c instr=00000013
ID:  valid=0 pc=0000001c instr=00000013
EX:  valid=0 pc=00000018 instr=00108093
MEM: valid=1 pc=00000028 instr=fe2098e3
WB:  valid=1 pc=00000024 instr=00000013 rd=x0 we=1 wdata=00000000
CTRL: stall=0 flush=0 taken=0 target=0000001c
BP: mode=GSHARE pc=00000018 ghr=14 index=5 pred_taken=0 pred_target=00000000 actual_taken=0 actual_target=0000001c mispredict=0

CYCLE=59
IF:  valid=1 pc=00000030 instr=00000013
ID:  valid=1 pc=0000002c instr=00000013
EX:  valid=0 pc=0000001c instr=00000013
MEM: valid=0 pc=00000018 instr=00108093
WB:  valid=1 pc=00000028 instr=fe2098e3 rd=x17 we=0 wdata=00000010
CTRL: stall=0 flush=0 taken=0 target=00000020
BP: mode=GSHARE pc=0000001c ghr=14 index=2 pred_taken=0 pred_target=00000000 actual_taken=0 actual_target=00000020 mispredict=0

CYCLE=60
IF:  valid=1 pc=00000034 instr=00000013
ID:  valid=1 pc=00000030 instr=00000013
EX:  valid=1 pc=0000002c instr=00000013
MEM: valid=0 pc=0000001c instr=00000013
WB:  valid=0 pc=00000018 instr=00108093 rd=x1 we=0 wdata=00000009
CTRL: stall=0 flush=0 taken=0 target=00000030
BP: mode=GSHARE pc=0000002c ghr=14 index=3 pred_taken=0 pred_target=0000002c actual_taken=0 actual_target=00000030 mispredict=0

CYCLE=61
IF:  valid=1 pc=00000038 instr=07b00193
ID:  valid=1 pc=00000034 instr=00000013
EX:  valid=1 pc=00000030 instr=00000013
MEM: valid=1 pc=0000002c instr=00000013
WB:  valid=0 pc=0000001c instr=00000013 rd=x0 we=0 wdata=00000000
CTRL: stall=0 flush=0 taken=0 target=00000034
BP: mode=GSHARE pc=00000030 ghr=14 index=0 pred_taken=0 pred_target=00000030 actual_taken=0 actual_target=00000034 mispredict=0

CYCLE=62
IF:  valid=1 pc=0000003c instr=00000013
ID:  valid=1 pc=00000038 instr=07b00193
EX:  valid=1 pc=00000034 instr=00000013
MEM: valid=1 pc=00000030 instr=00000013
WB:  valid=1 pc=0000002c instr=00000013 rd=x0 we=1 wdata=00000000
CTRL: stall=0 flush=0 taken=0 target=00000038
BP: mode=GSHARE pc=00000034 ghr=14 index=1 pred_taken=0 pred_target=00000034 actual_taken=0 actual_target=00000038 mispredict=0

CYCLE=63
IF:  valid=1 pc=00000040 instr=00000013
ID:  valid=1 pc=0000003c instr=00000013
EX:  valid=1 pc=00000038 instr=07b00193
MEM: valid=1 pc=00000034 instr=00000013
WB:  valid=1 pc=00000030 instr=00000013 rd=x0 we=1 wdata=00000000
CTRL: stall=0 flush=0 taken=0 target=0000003c
BP: mode=GSHARE pc=00000038 ghr=14 index=14 pred_taken=0 pred_target=0000089a actual_taken=0 actual_target=0000003c mispredict=0

CYCLE=64
IF:  valid=1 pc=00000044 instr=00000013
ID:  valid=1 pc=00000040 instr=00000013
EX:  valid=1 pc=0000003c instr=00000013
MEM: valid=1 pc=00000038 instr=07b00193
WB:  valid=1 pc=00000034 instr=00000013 rd=x0 we=1 wdata=00000000
CTRL: stall=0 flush=0 taken=0 target=00000040
BP: mode=GSHARE pc=0000003c ghr=14 index=15 pred_taken=0 pred_target=0000003c actual_taken=0 actual_target=00000040 mispredict=0

CYCLE=65
IF:  valid=1 pc=00000048 instr=00420663
ID:  valid=1 pc=00000044 instr=00000013
EX:  valid=1 pc=00000040 instr=00000013
MEM: valid=1 pc=0000003c instr=00000013
WB:  valid=1 pc=00000038 instr=07b00193 rd=x3 we=1 wdata=0000007b
CTRL: stall=0 flush=0 taken=0 target=00000044
BP: mode=GSHARE pc=00000040 ghr=14 index=12 pred_taken=0 pred_target=00000040 actual_taken=0 actual_target=00000044 mispredict=0

CYCLE=66
IF:  valid=1 pc=0000004c instr=04d00393
ID:  valid=1 pc=00000048 instr=00420663
EX:  valid=1 pc=00000044 instr=00000013
MEM: valid=1 pc=00000040 instr=00000013
WB:  valid=1 pc=0000003c instr=00000013 rd=x0 we=1 wdata=00000000
CTRL: stall=0 flush=0 taken=0 target=00000048
BP: mode=GSHARE pc=00000044 ghr=14 index=13 pred_taken=0 pred_target=00000044 actual_taken=0 actual_target=00000048 mispredict=0

CYCLE=67
IF:  valid=1 pc=00000050 instr=05800413
ID:  valid=1 pc=0000004c instr=04d00393
EX:  valid=1 pc=00000048 instr=00420663
MEM: valid=1 pc=00000044 instr=00000013
WB:  valid=1 pc=00000040 instr=00000013 rd=x0 we=1 wdata=00000000
CTRL: stall=0 flush=1 taken=1 target=00000054
BP: mode=GSHARE pc=00000048 ghr=14 index=10 pred_taken=0 pred_target=00000054 actual_taken=1 actual_target=00000054 mispredict=1

CYCLE=68
IF:  valid=1 pc=00000054 instr=00900493
ID:  valid=0 pc=00000050 instr=00000013
EX:  valid=0 pc=0000004c instr=04d00393
MEM: valid=1 pc=00000048 instr=00420663
WB:  valid=1 pc=00000044 instr=00000013 rd=x0 we=1 wdata=00000000
CTRL: stall=0 flush=0 taken=0 target=00000050
BP: mode=GSHARE pc=0000004c ghr=13 index=8 pred_taken=0 pred_target=00000000 actual_taken=0 actual_target=00000050 mispredict=0

CYCLE=69
IF:  valid=1 pc=00000058 instr=00000013
ID:  valid=1 pc=00000054 instr=00900493
EX:  valid=0 pc=00000050 instr=00000013
MEM: valid=0 pc=0000004c instr=04d00393
WB:  valid=1 pc=00000048 instr=00420663 rd=x12 we=0 wdata=00000002
CTRL: stall=0 flush=0 taken=0 target=00000054
BP: mode=GSHARE pc=00000050 ghr=13 index=11 pred_taken=0 pred_target=00000000 actual_taken=0 actual_target=00000054 mispredict=0

CYCLE=70
IF:  valid=1 pc=0000005c instr=00000013
ID:  valid=1 pc=00000058 instr=00000013
EX:  valid=1 pc=00000054 instr=00900493
MEM: valid=0 pc=00000050 instr=00000013
WB:  valid=0 pc=0000004c instr=04d00393 rd=x7 we=0 wdata=0000004d
CTRL: stall=0 flush=0 taken=0 target=00000058
BP: mode=GSHARE pc=00000054 ghr=13 index=10 pred_taken=0 pred_target=0000085c actual_taken=0 actual_target=00000058 mispredict=0

CYCLE=71
IF:  valid=1 pc=00000060 instr=00000013
ID:  valid=1 pc=0000005c instr=00000013
EX:  valid=1 pc=00000058 instr=00000013
MEM: valid=1 pc=00000054 instr=00900493
WB:  valid=0 pc=00000050 instr=00000013 rd=x0 we=0 wdata=00000000
CTRL: stall=0 flush=0 taken=0 target=0000005c
BP: mode=GSHARE pc=00000058 ghr=13 index=5 pred_taken=0 pred_target=00000058 actual_taken=0 actual_target=0000005c mispredict=0

CYCLE=72
IF:  valid=1 pc=00000064 instr=00421663
ID:  valid=1 pc=00000060 instr=00000013
EX:  valid=1 pc=0000005c instr=00000013
MEM: valid=1 pc=00000058 instr=00000013
WB:  valid=1 pc=00000054 instr=00900493 rd=x9 we=1 wdata=00000009
CTRL: stall=0 flush=0 taken=0 target=00000060
BP: mode=GSHARE pc=0000005c ghr=13 index=4 pred_taken=0 pred_target=0000005c actual_taken=0 actual_target=00000060 mispredict=0

CYCLE=73
IF:  valid=1 pc=00000068 instr=00a00513
ID:  valid=1 pc=00000064 instr=00421663
EX:  valid=1 pc=00000060 instr=00000013
MEM: valid=1 pc=0000005c instr=00000013
WB:  valid=1 pc=00000058 instr=00000013 rd=x0 we=1 wdata=00000000
CTRL: stall=0 flush=0 taken=0 target=00000064
BP: mode=GSHARE pc=00000060 ghr=13 index=7 pred_taken=0 pred_target=00000060 actual_taken=0 actual_target=00000064 mispredict=0

CYCLE=74
IF:  valid=1 pc=0000006c instr=00000013
ID:  valid=1 pc=00000068 instr=00a00513
EX:  valid=1 pc=00000064 instr=00421663
MEM: valid=1 pc=00000060 instr=00000013
WB:  valid=1 pc=0000005c instr=00000013 rd=x0 we=1 wdata=00000000
CTRL: stall=0 flush=0 taken=0 target=00000068
BP: mode=GSHARE pc=00000064 ghr=13 index=6 pred_taken=0 pred_target=00000070 actual_taken=0 actual_target=00000068 mispredict=0

CYCLE=75
IF:  valid=1 pc=00000070 instr=00000013
ID:  valid=1 pc=0000006c instr=00000013
EX:  valid=1 pc=00000068 instr=00a00513
MEM: valid=1 pc=00000064 instr=00421663
WB:  valid=1 pc=00000060 instr=00000013 rd=x0 we=1 wdata=00000000
CTRL: stall=0 flush=0 taken=0 target=0000006c
BP: mode=GSHARE pc=00000068 ghr=10 index=6 pred_taken=0 pred_target=00000072 actual_taken=0 actual_target=0000006c mispredict=0

CYCLE=76
IF:  valid=1 pc=00000074 instr=00000013
ID:  valid=1 pc=00000070 instr=00000013
EX:  valid=1 pc=0000006c instr=00000013
MEM: valid=1 pc=00000068 instr=00a00513
WB:  valid=1 pc=00000064 instr=00421663 rd=x12 we=0 wdata=00000002
CTRL: stall=0 flush=0 taken=0 target=00000070
BP: mode=GSHARE pc=0000006c ghr=10 index=7 pred_taken=0 pred_target=0000006c actual_taken=0 actual_target=00000070 mispredict=0

CYCLE=77
IF:  valid=1 pc=00000078 instr=00409663
ID:  valid=1 pc=00000074 instr=00000013
EX:  valid=1 pc=00000070 instr=00000013
MEM: valid=1 pc=0000006c instr=00000013
WB:  valid=1 pc=00000068 instr=00a00513 rd=x10 we=1 wdata=0000000a
CTRL: stall=0 flush=0 taken=0 target=00000074
BP: mode=GSHARE pc=00000070 ghr=10 index=4 pred_taken=0 pred_target=00000070 actual_taken=0 actual_target=00000074 mispredict=0

CYCLE=78
IF:  valid=1 pc=0000007c instr=00b00593
ID:  valid=1 pc=00000078 instr=00409663
EX:  valid=1 pc=00000074 instr=00000013
MEM: valid=1 pc=00000070 instr=00000013
WB:  valid=1 pc=0000006c instr=00000013 rd=x0 we=1 wdata=00000000
CTRL: stall=0 flush=0 taken=0 target=00000078
BP: mode=GSHARE pc=00000074 ghr=10 index=5 pred_taken=0 pred_target=00000074 actual_taken=0 actual_target=00000078 mispredict=0

CYCLE=79
IF:  valid=1 pc=00000080 instr=00c00613
ID:  valid=1 pc=0000007c instr=00b00593
EX:  valid=1 pc=00000078 instr=00409663
MEM: valid=1 pc=00000074 instr=00000013
WB:  valid=1 pc=00000070 instr=00000013 rd=x0 we=1 wdata=00000000
CTRL: stall=0 flush=1 taken=1 target=00000084
BP: mode=GSHARE pc=00000078 ghr=10 index=10 pred_taken=0 pred_target=00000084 actual_taken=1 actual_target=00000084 mispredict=1

CYCLE=80
IF:  valid=1 pc=00000084 instr=00d00693
ID:  valid=0 pc=00000080 instr=00000013
EX:  valid=0 pc=0000007c instr=00b00593
MEM: valid=1 pc=00000078 instr=00409663
WB:  valid=1 pc=00000074 instr=00000013 rd=x0 we=1 wdata=00000000
CTRL: stall=0 flush=0 taken=0 target=00000080
BP: mode=GSHARE pc=0000007c ghr=5 index=4 pred_taken=0 pred_target=00000000 actual_taken=0 actual_target=00000080 mispredict=0

CYCLE=81
IF:  valid=1 pc=00000088 instr=00000013
ID:  valid=1 pc=00000084 instr=00d00693
EX:  valid=0 pc=00000080 instr=00000013
MEM: valid=0 pc=0000007c instr=00b00593
WB:  valid=1 pc=00000078 instr=00409663 rd=x12 we=0 wdata=00000009
CTRL: stall=0 flush=0 taken=0 target=00000084
BP: mode=GSHARE pc=00000080 ghr=5 index=7 pred_taken=0 pred_target=00000000 actual_taken=0 actual_target=00000084 mispredict=0

CYCLE=82
IF:  valid=1 pc=0000008c instr=00000013
ID:  valid=1 pc=00000088 instr=00000013
EX:  valid=1 pc=00000084 instr=00d00693
MEM: valid=0 pc=00000080 instr=00000013
WB:  valid=0 pc=0000007c instr=00b00593 rd=x11 we=0 wdata=0000000b
CTRL: stall=0 flush=0 taken=0 target=00000088
BP: mode=GSHARE pc=00000084 ghr=5 index=6 pred_taken=0 pred_target=00000890 actual_taken=0 actual_target=00000088 mispredict=0

CYCLE=83
IF:  valid=1 pc=00000090 instr=00000013
ID:  valid=1 pc=0000008c instr=00000013
EX:  valid=1 pc=00000088 instr=00000013
MEM: valid=1 pc=00000084 instr=00d00693
WB:  valid=0 pc=00000080 instr=00000013 rd=x0 we=0 wdata=00000000
CTRL: stall=0 flush=0 taken=0 target=0000008c
BP: mode=GSHARE pc=00000088 ghr=5 index=1 pred_taken=0 pred_target=00000088 actual_taken=0 actual_target=0000008c mispredict=0

CYCLE=84
IF:  valid=1 pc=00000094 instr=00000013
ID:  valid=1 pc=00000090 instr=00000013
EX:  valid=1 pc=0000008c instr=00000013
MEM: valid=1 pc=00000088 instr=00000013
WB:  valid=1 pc=00000084 instr=00d00693 rd=x13 we=1 wdata=0000000d
CTRL: stall=0 flush=0 taken=0 target=00000090
BP: mode=GSHARE pc=0000008c ghr=5 index=0 pred_taken=0 pred_target=0000008c actual_taken=0 actual_target=00000090 mispredict=0

CYCLE=85
IF:  valid=1 pc=00000098 instr=00000013
ID:  valid=1 pc=00000094 instr=00000013
EX:  valid=1 pc=00000090 instr=00000013
MEM: valid=1 pc=0000008c instr=00000013
WB:  valid=1 pc=00000088 instr=00000013 rd=x0 we=1 wdata=00000000
CTRL: stall=0 flush=0 taken=0 target=00000094
BP: mode=GSHARE pc=00000090 ghr=5 index=3 pred_taken=0 pred_target=00000090 actual_taken=0 actual_target=00000094 mispredict=0

CYCLE=86
IF:  valid=1 pc=0000009c instr=00000013
ID:  valid=1 pc=00000098 instr=00000013
EX:  valid=1 pc=00000094 instr=00000013
MEM: valid=1 pc=00000090 instr=00000013
WB:  valid=1 pc=0000008c instr=00000013 rd=x0 we=1 wdata=00000000
CTRL: stall=0 flush=0 taken=0 target=00000098
BP: mode=GSHARE pc=00000094 ghr=5 index=2 pred_taken=0 pred_target=00000094 actual_taken=0 actual_target=00000098 mispredict=0

CYCLE=87
IF:  valid=1 pc=000000a0 instr=00000013
ID:  valid=1 pc=0000009c instr=00000013
EX:  valid=1 pc=00000098 instr=00000013
MEM: valid=1 pc=00000094 instr=00000013
WB:  valid=1 pc=00000090 instr=00000013 rd=x0 we=1 wdata=00000000
CTRL: stall=0 flush=0 taken=0 target=0000009c
BP: mode=GSHARE pc=00000098 ghr=5 index=13 pred_taken=0 pred_target=00000098 actual_taken=0 actual_target=0000009c mispredict=0

CYCLE=88
IF:  valid=1 pc=000000a4 instr=00000013
ID:  valid=1 pc=000000a0 instr=00000013
EX:  valid=1 pc=0000009c instr=00000013
MEM: valid=1 pc=00000098 instr=00000013
WB:  valid=1 pc=00000094 instr=00000013 rd=x0 we=1 wdata=00000000
CTRL: stall=0 flush=0 taken=0 target=000000a0
BP: mode=GSHARE pc=0000009c ghr=5 index=12 pred_taken=0 pred_target=0000009c actual_taken=0 actual_target=000000a0 mispredict=0

CYCLE=89
IF:  valid=1 pc=000000a8 instr=00000013
ID:  valid=1 pc=000000a4 instr=00000013
EX:  valid=1 pc=000000a0 instr=00000013
MEM: valid=1 pc=0000009c instr=00000013
WB:  valid=1 pc=00000098 instr=00000013 rd=x0 we=1 wdata=00000000
CTRL: stall=0 flush=0 taken=0 target=000000a4
BP: mode=GSHARE pc=000000a0 ghr=5 index=15 pred_taken=0 pred_target=000000a0 actual_taken=0 actual_target=000000a4 mispredict=0

CYCLE=90
IF:  valid=1 pc=000000ac instr=00000013
ID:  valid=1 pc=000000a8 instr=00000013
EX:  valid=1 pc=000000a4 instr=00000013
MEM: valid=1 pc=000000a0 instr=00000013
WB:  valid=1 pc=0000009c instr=00000013 rd=x0 we=1 wdata=00000000
CTRL: stall=0 flush=0 taken=0 target=000000a8
BP: mode=GSHARE pc=000000a4 ghr=5 index=14 pred_taken=0 pred_target=000000a4 actual_taken=0 actual_target=000000a8 mispredict=0

CYCLE=91
IF:  valid=1 pc=000000b0 instr=00000013
ID:  valid=1 pc=000000ac instr=00000013
EX:  valid=1 pc=000000a8 instr=00000013
MEM: valid=1 pc=000000a4 instr=00000013
WB:  valid=1 pc=000000a0 instr=00000013 rd=x0 we=1 wdata=00000000
CTRL: stall=0 flush=0 taken=0 target=000000ac
BP: mode=GSHARE pc=000000a8 ghr=5 index=9 pred_taken=0 pred_target=000000a8 actual_taken=0 actual_target=000000ac mispredict=0

CYCLE=92
IF:  valid=1 pc=000000b4 instr=00000013
ID:  valid=1 pc=000000b0 instr=00000013
EX:  valid=1 pc=000000ac instr=00000013
MEM: valid=1 pc=000000a8 instr=00000013
WB:  valid=1 pc=000000a4 instr=00000013 rd=x0 we=1 wdata=00000000
CTRL: stall=0 flush=0 taken=0 target=000000b0
BP: mode=GSHARE pc=000000ac ghr=5 index=8 pred_taken=0 pred_target=000000ac actual_taken=0 actual_target=000000b0 mispredict=0

CYCLE=93
IF:  valid=1 pc=000000b8 instr=00000013
ID:  valid=1 pc=000000b4 instr=00000013
EX:  valid=1 pc=000000b0 instr=00000013
MEM: valid=1 pc=000000ac instr=00000013
WB:  valid=1 pc=000000a8 instr=00000013 rd=x0 we=1 wdata=00000000
CTRL: stall=0 flush=0 taken=0 target=000000b4
BP: mode=GSHARE pc=000000b0 ghr=5 index=11 pred_taken=0 pred_target=000000b0 actual_taken=0 actual_target=000000b4 mispredict=0

CYCLE=94
IF:  valid=1 pc=000000bc instr=00000013
ID:  valid=1 pc=000000b8 instr=00000013
EX:  valid=1 pc=000000b4 instr=00000013
MEM: valid=1 pc=000000b0 instr=00000013
WB:  valid=1 pc=000000ac instr=00000013 rd=x0 we=1 wdata=00000000
CTRL: stall=0 flush=0 taken=0 target=000000b8
BP: mode=GSHARE pc=000000b4 ghr=5 index=10 pred_taken=0 pred_target=000000b4 actual_taken=0 actual_target=000000b8 mispredict=0

CYCLE=95
IF:  valid=1 pc=000000c0 instr=00000013
ID:  valid=1 pc=000000bc instr=00000013
EX:  valid=1 pc=000000b8 instr=00000013
MEM: valid=1 pc=000000b4 instr=00000013
WB:  valid=1 pc=000000b0 instr=00000013 rd=x0 we=1 wdata=00000000
CTRL: stall=0 flush=0 taken=0 target=000000bc
BP: mode=GSHARE pc=000000b8 ghr=5 index=5 pred_taken=0 pred_target=000000b8 actual_taken=0 actual_target=000000bc mispredict=0

CYCLE=96
IF:  valid=1 pc=000000c4 instr=00000013
ID:  valid=1 pc=000000c0 instr=00000013
EX:  valid=1 pc=000000bc instr=00000013
MEM: valid=1 pc=000000b8 instr=00000013
WB:  valid=1 pc=000000b4 instr=00000013 rd=x0 we=1 wdata=00000000
CTRL: stall=0 flush=0 taken=0 target=000000c0
BP: mode=GSHARE pc=000000bc ghr=5 index=4 pred_taken=0 pred_target=000000bc actual_taken=0 actual_target=000000c0 mispredict=0

CYCLE=97
IF:  valid=1 pc=000000c8 instr=00000013
ID:  valid=1 pc=000000c4 instr=00000013
EX:  valid=1 pc=000000c0 instr=00000013
MEM: valid=1 pc=000000bc instr=00000013
WB:  valid=1 pc=000000b8 instr=00000013 rd=x0 we=1 wdata=00000000
CTRL: stall=0 flush=0 taken=0 target=000000c4
BP: mode=GSHARE pc=000000c0 ghr=5 index=7 pred_taken=0 pred_target=000000c0 actual_taken=0 actual_target=000000c4 mispredict=0

CYCLE=98
IF:  valid=1 pc=000000cc instr=00000013
ID:  valid=1 pc=000000c8 instr=00000013
EX:  valid=1 pc=000000c4 instr=00000013
MEM: valid=1 pc=000000c0 instr=00000013
WB:  valid=1 pc=000000bc instr=00000013 rd=x0 we=1 wdata=00000000
CTRL: stall=0 flush=0 taken=0 target=000000c8
BP: mode=GSHARE pc=000000c4 ghr=5 index=6 pred_taken=0 pred_target=000000c4 actual_taken=0 actual_target=000000c8 mispredict=0

CYCLE=99
IF:  valid=1 pc=000000d0 instr=00000013
ID:  valid=1 pc=000000cc instr=00000013
EX:  valid=1 pc=000000c8 instr=00000013
MEM: valid=1 pc=000000c4 instr=00000013
WB:  valid=1 pc=000000c0 instr=00000013 rd=x0 we=1 wdata=00000000
CTRL: stall=0 flush=0 taken=0 target=000000cc
BP: mode=GSHARE pc=000000c8 ghr=5 index=1 pred_taken=0 pred_target=000000c8 actual_taken=0 actual_target=000000cc mispredict=0

CYCLE=100
IF:  valid=1 pc=000000d4 instr=00000013
ID:  valid=1 pc=000000d0 instr=00000013
EX:  valid=1 pc=000000cc instr=00000013
MEM: valid=1 pc=000000c8 instr=00000013
WB:  valid=1 pc=000000c4 instr=00000013 rd=x0 we=1 wdata=00000000
CTRL: stall=0 flush=0 taken=0 target=000000d0
BP: mode=GSHARE pc=000000cc ghr=5 index=0 pred_taken=0 pred_target=000000cc actual_taken=0 actual_target=000000d0 mispredict=0

CYCLE=101
IF:  valid=1 pc=000000d8 instr=00000013
ID:  valid=1 pc=000000d4 instr=00000013
EX:  valid=1 pc=000000d0 instr=00000013
MEM: valid=1 pc=000000cc instr=00000013
WB:  valid=1 pc=000000c8 instr=00000013 rd=x0 we=1 wdata=00000000
CTRL: stall=0 flush=0 taken=0 target=000000d4
BP: mode=GSHARE pc=000000d0 ghr=5 index=3 pred_taken=0 pred_target=000000d0 actual_taken=0 actual_target=000000d4 mispredict=0

CYCLE=102
IF:  valid=1 pc=000000dc instr=00000013
ID:  valid=1 pc=000000d8 instr=00000013
EX:  valid=1 pc=000000d4 instr=00000013
MEM: valid=1 pc=000000d0 instr=00000013
WB:  valid=1 pc=000000cc instr=00000013 rd=x0 we=1 wdata=00000000
CTRL: stall=0 flush=0 taken=0 target=000000d8
BP: mode=GSHARE pc=000000d4 ghr=5 index=2 pred_taken=0 pred_target=000000d4 actual_taken=0 actual_target=000000d8 mispredict=0

CYCLE=103
IF:  valid=1 pc=000000e0 instr=00000013
ID:  valid=1 pc=000000dc instr=00000013
EX:  valid=1 pc=000000d8 instr=00000013
MEM: valid=1 pc=000000d4 instr=00000013
WB:  valid=1 pc=000000d0 instr=00000013 rd=x0 we=1 wdata=00000000
CTRL: stall=0 flush=0 taken=0 target=000000dc
BP: mode=GSHARE pc=000000d8 ghr=5 index=13 pred_taken=0 pred_target=000000d8 actual_taken=0 actual_target=000000dc mispredict=0

CYCLE=104
IF:  valid=1 pc=000000e4 instr=00000013
ID:  valid=1 pc=000000e0 instr=00000013
EX:  valid=1 pc=000000dc instr=00000013
MEM: valid=1 pc=000000d8 instr=00000013
WB:  valid=1 pc=000000d4 instr=00000013 rd=x0 we=1 wdata=00000000
CTRL: stall=0 flush=0 taken=0 target=000000e0
BP: mode=GSHARE pc=000000dc ghr=5 index=12 pred_taken=0 pred_target=000000dc actual_taken=0 actual_target=000000e0 mispredict=0

CYCLE=105
IF:  valid=1 pc=000000e8 instr=00000013
ID:  valid=1 pc=000000e4 instr=00000013
EX:  valid=1 pc=000000e0 instr=00000013
MEM: valid=1 pc=000000dc instr=00000013
WB:  valid=1 pc=000000d8 instr=00000013 rd=x0 we=1 wdata=00000000
CTRL: stall=0 flush=0 taken=0 target=000000e4
BP: mode=GSHARE pc=000000e0 ghr=5 index=15 pred_taken=0 pred_target=000000e0 actual_taken=0 actual_target=000000e4 mispredict=0

CYCLE=106
IF:  valid=1 pc=000000ec instr=00000013
ID:  valid=1 pc=000000e8 instr=00000013
EX:  valid=1 pc=000000e4 instr=00000013
MEM: valid=1 pc=000000e0 instr=00000013
WB:  valid=1 pc=000000dc instr=00000013 rd=x0 we=1 wdata=00000000
CTRL: stall=0 flush=0 taken=0 target=000000e8
BP: mode=GSHARE pc=000000e4 ghr=5 index=14 pred_taken=0 pred_target=000000e4 actual_taken=0 actual_target=000000e8 mispredict=0

CYCLE=107
IF:  valid=1 pc=000000f0 instr=00000013
ID:  valid=1 pc=000000ec instr=00000013
EX:  valid=1 pc=000000e8 instr=00000013
MEM: valid=1 pc=000000e4 instr=00000013
WB:  valid=1 pc=000000e0 instr=00000013 rd=x0 we=1 wdata=00000000
CTRL: stall=0 flush=0 taken=0 target=000000ec
BP: mode=GSHARE pc=000000e8 ghr=5 index=9 pred_taken=0 pred_target=000000e8 actual_taken=0 actual_target=000000ec mispredict=0

CYCLE=108
IF:  valid=1 pc=000000f4 instr=00000013
ID:  valid=1 pc=000000f0 instr=00000013
EX:  valid=1 pc=000000ec instr=00000013
MEM: valid=1 pc=000000e8 instr=00000013
WB:  valid=1 pc=000000e4 instr=00000013 rd=x0 we=1 wdata=00000000
CTRL: stall=0 flush=0 taken=0 target=000000f0
BP: mode=GSHARE pc=000000ec ghr=5 index=8 pred_taken=0 pred_target=000000ec actual_taken=0 actual_target=000000f0 mispredict=0

CYCLE=109
IF:  valid=1 pc=000000f8 instr=00000013
ID:  valid=1 pc=000000f4 instr=00000013
EX:  valid=1 pc=000000f0 instr=00000013
MEM: valid=1 pc=000000ec instr=00000013
WB:  valid=1 pc=000000e8 instr=00000013 rd=x0 we=1 wdata=00000000
CTRL: stall=0 flush=0 taken=0 target=000000f4
BP: mode=GSHARE pc=000000f0 ghr=5 index=11 pred_taken=0 pred_target=000000f0 actual_taken=0 actual_target=000000f4 mispredict=0

CYCLE=110
IF:  valid=1 pc=000000fc instr=00000013
ID:  valid=1 pc=000000f8 instr=00000013
EX:  valid=1 pc=000000f4 instr=00000013
MEM: valid=1 pc=000000f0 instr=00000013
WB:  valid=1 pc=000000ec instr=00000013 rd=x0 we=1 wdata=00000000
CTRL: stall=0 flush=0 taken=0 target=000000f8
BP: mode=GSHARE pc=000000f4 ghr=5 index=10 pred_taken=0 pred_target=000000f4 actual_taken=0 actual_target=000000f8 mispredict=0

CYCLE=111
IF:  valid=1 pc=00000100 instr=00000013
ID:  valid=1 pc=000000fc instr=00000013
EX:  valid=1 pc=000000f8 instr=00000013
MEM: valid=1 pc=000000f4 instr=00000013
WB:  valid=1 pc=000000f0 instr=00000013 rd=x0 we=1 wdata=00000000
CTRL: stall=0 flush=0 taken=0 target=000000fc
BP: mode=GSHARE pc=000000f8 ghr=5 index=5 pred_taken=0 pred_target=000000f8 actual_taken=0 actual_target=000000fc mispredict=0

CYCLE=112
IF:  valid=1 pc=00000104 instr=00000013
ID:  valid=1 pc=00000100 instr=00000013
EX:  valid=1 pc=000000fc instr=00000013
MEM: valid=1 pc=000000f8 instr=00000013
WB:  valid=1 pc=000000f4 instr=00000013 rd=x0 we=1 wdata=00000000
CTRL: stall=0 flush=0 taken=0 target=00000100
BP: mode=GSHARE pc=000000fc ghr=5 index=4 pred_taken=0 pred_target=000000fc actual_taken=0 actual_target=00000100 mispredict=0

CYCLE=113
IF:  valid=1 pc=00000108 instr=00000013
ID:  valid=1 pc=00000104 instr=00000013
EX:  valid=1 pc=00000100 instr=00000013
MEM: valid=1 pc=000000fc instr=00000013
WB:  valid=1 pc=000000f8 instr=00000013 rd=x0 we=1 wdata=00000000
CTRL: stall=0 flush=0 taken=0 target=00000104
BP: mode=GSHARE pc=00000100 ghr=5 index=7 pred_taken=0 pred_target=00000100 actual_taken=0 actual_target=00000104 mispredict=0

CYCLE=114
IF:  valid=1 pc=0000010c instr=00000013
ID:  valid=1 pc=00000108 instr=00000013
EX:  valid=1 pc=00000104 instr=00000013
MEM: valid=1 pc=00000100 instr=00000013
WB:  valid=1 pc=000000fc instr=00000013 rd=x0 we=1 wdata=00000000
CTRL: stall=0 flush=0 taken=0 target=00000108
BP: mode=GSHARE pc=00000104 ghr=5 index=6 pred_taken=0 pred_target=00000104 actual_taken=0 actual_target=00000108 mispredict=0

CYCLE=115
IF:  valid=1 pc=00000110 instr=00000013
ID:  valid=1 pc=0000010c instr=00000013
EX:  valid=1 pc=00000108 instr=00000013
MEM: valid=1 pc=00000104 instr=00000013
WB:  valid=1 pc=00000100 instr=00000013 rd=x0 we=1 wdata=00000000
CTRL: stall=0 flush=0 taken=0 target=0000010c
BP: mode=GSHARE pc=00000108 ghr=5 index=1 pred_taken=0 pred_target=00000108 actual_taken=0 actual_target=0000010c mispredict=0

CYCLE=116
IF:  valid=1 pc=00000114 instr=00000013
ID:  valid=1 pc=00000110 instr=00000013
EX:  valid=1 pc=0000010c instr=00000013
MEM: valid=1 pc=00000108 instr=00000013
WB:  valid=1 pc=00000104 instr=00000013 rd=x0 we=1 wdata=00000000
CTRL: stall=0 flush=0 taken=0 target=00000110
BP: mode=GSHARE pc=0000010c ghr=5 index=0 pred_taken=0 pred_target=0000010c actual_taken=0 actual_target=00000110 mispredict=0

CYCLE=117
IF:  valid=1 pc=00000118 instr=00000013
ID:  valid=1 pc=00000114 instr=00000013
EX:  valid=1 pc=00000110 instr=00000013
MEM: valid=1 pc=0000010c instr=00000013
WB:  valid=1 pc=00000108 instr=00000013 rd=x0 we=1 wdata=00000000
CTRL: stall=0 flush=0 taken=0 target=00000114
BP: mode=GSHARE pc=00000110 ghr=5 index=3 pred_taken=0 pred_target=00000110 actual_taken=0 actual_target=00000114 mispredict=0

CYCLE=118
IF:  valid=1 pc=0000011c instr=00000013
ID:  valid=1 pc=00000118 instr=00000013
EX:  valid=1 pc=00000114 instr=00000013
MEM: valid=1 pc=00000110 instr=00000013
WB:  valid=1 pc=0000010c instr=00000013 rd=x0 we=1 wdata=00000000
CTRL: stall=0 flush=0 taken=0 target=00000118
BP: mode=GSHARE pc=00000114 ghr=5 index=2 pred_taken=0 pred_target=00000114 actual_taken=0 actual_target=00000118 mispredict=0

CYCLE=119
IF:  valid=1 pc=00000120 instr=00000013
ID:  valid=1 pc=0000011c instr=00000013
EX:  valid=1 pc=00000118 instr=00000013
MEM: valid=1 pc=00000114 instr=00000013
WB:  valid=1 pc=00000110 instr=00000013 rd=x0 we=1 wdata=00000000
CTRL: stall=0 flush=0 taken=0 target=0000011c
BP: mode=GSHARE pc=00000118 ghr=5 index=13 pred_taken=0 pred_target=00000118 actual_taken=0 actual_target=0000011c mispredict=0

CYCLE=120
IF:  valid=1 pc=00000124 instr=00000013
ID:  valid=1 pc=00000120 instr=00000013
EX:  valid=1 pc=0000011c instr=00000013
MEM: valid=1 pc=00000118 instr=00000013
WB:  valid=1 pc=00000114 instr=00000013 rd=x0 we=1 wdata=00000000
CTRL: stall=0 flush=0 taken=0 target=00000120
BP: mode=GSHARE pc=0000011c ghr=5 index=12 pred_taken=0 pred_target=0000011c actual_taken=0 actual_target=00000120 mispredict=0

CYCLE=121
IF:  valid=1 pc=00000128 instr=00000013
ID:  valid=1 pc=00000124 instr=00000013
EX:  valid=1 pc=00000120 instr=00000013
MEM: valid=1 pc=0000011c instr=00000013
WB:  valid=1 pc=00000118 instr=00000013 rd=x0 we=1 wdata=00000000
CTRL: stall=0 flush=0 taken=0 target=00000124
BP: mode=GSHARE pc=00000120 ghr=5 index=15 pred_taken=0 pred_target=00000120 actual_taken=0 actual_target=00000124 mispredict=0

CYCLE=122
IF:  valid=1 pc=0000012c instr=00000013
ID:  valid=1 pc=00000128 instr=00000013
EX:  valid=1 pc=00000124 instr=00000013
MEM: valid=1 pc=00000120 instr=00000013
WB:  valid=1 pc=0000011c instr=00000013 rd=x0 we=1 wdata=00000000
CTRL: stall=0 flush=0 taken=0 target=00000128
BP: mode=GSHARE pc=00000124 ghr=5 index=14 pred_taken=0 pred_target=00000124 actual_taken=0 actual_target=00000128 mispredict=0

CYCLE=123
IF:  valid=1 pc=00000130 instr=00000013
ID:  valid=1 pc=0000012c instr=00000013
EX:  valid=1 pc=00000128 instr=00000013
MEM: valid=1 pc=00000124 instr=00000013
WB:  valid=1 pc=00000120 instr=00000013 rd=x0 we=1 wdata=00000000
CTRL: stall=0 flush=0 taken=0 target=0000012c
BP: mode=GSHARE pc=00000128 ghr=5 index=9 pred_taken=0 pred_target=00000128 actual_taken=0 actual_target=0000012c mispredict=0

CYCLE=124
IF:  valid=1 pc=00000134 instr=00000013
ID:  valid=1 pc=00000130 instr=00000013
EX:  valid=1 pc=0000012c instr=00000013
MEM: valid=1 pc=00000128 instr=00000013
WB:  valid=1 pc=00000124 instr=00000013 rd=x0 we=1 wdata=00000000
CTRL: stall=0 flush=0 taken=0 target=00000130
BP: mode=GSHARE pc=0000012c ghr=5 index=8 pred_taken=0 pred_target=0000012c actual_taken=0 actual_target=00000130 mispredict=0

CYCLE=125
IF:  valid=1 pc=00000138 instr=00000013
ID:  valid=1 pc=00000134 instr=00000013
EX:  valid=1 pc=00000130 instr=00000013
MEM: valid=1 pc=0000012c instr=00000013
WB:  valid=1 pc=00000128 instr=00000013 rd=x0 we=1 wdata=00000000
CTRL: stall=0 flush=0 taken=0 target=00000134
BP: mode=GSHARE pc=00000130 ghr=5 index=11 pred_taken=0 pred_target=00000130 actual_taken=0 actual_target=00000134 mispredict=0

CYCLE=126
IF:  valid=1 pc=0000013c instr=00000013
ID:  valid=1 pc=00000138 instr=00000013
EX:  valid=1 pc=00000134 instr=00000013
MEM: valid=1 pc=00000130 instr=00000013
WB:  valid=1 pc=0000012c instr=00000013 rd=x0 we=1 wdata=00000000
CTRL: stall=0 flush=0 taken=0 target=00000138
BP: mode=GSHARE pc=00000134 ghr=5 index=10 pred_taken=0 pred_target=00000134 actual_taken=0 actual_target=00000138 mispredict=0

CYCLE=127
IF:  valid=1 pc=00000140 instr=00000013
ID:  valid=1 pc=0000013c instr=00000013
EX:  valid=1 pc=00000138 instr=00000013
MEM: valid=1 pc=00000134 instr=00000013
WB:  valid=1 pc=00000130 instr=00000013 rd=x0 we=1 wdata=00000000
CTRL: stall=0 flush=0 taken=0 target=0000013c
BP: mode=GSHARE pc=00000138 ghr=5 index=5 pred_taken=0 pred_target=00000138 actual_taken=0 actual_target=0000013c mispredict=0

CYCLE=128
IF:  valid=1 pc=00000144 instr=00000013
ID:  valid=1 pc=00000140 instr=00000013
EX:  valid=1 pc=0000013c instr=00000013
MEM: valid=1 pc=00000138 instr=00000013
WB:  valid=1 pc=00000134 instr=00000013 rd=x0 we=1 wdata=00000000
CTRL: stall=0 flush=0 taken=0 target=00000140
BP: mode=GSHARE pc=0000013c ghr=5 index=4 pred_taken=0 pred_target=0000013c actual_taken=0 actual_target=00000140 mispredict=0

CYCLE=129
IF:  valid=1 pc=00000148 instr=00000013
ID:  valid=1 pc=00000144 instr=00000013
EX:  valid=1 pc=00000140 instr=00000013
MEM: valid=1 pc=0000013c instr=00000013
WB:  valid=1 pc=00000138 instr=00000013 rd=x0 we=1 wdata=00000000
CTRL: stall=0 flush=0 taken=0 target=00000144
BP: mode=GSHARE pc=00000140 ghr=5 index=7 pred_taken=0 pred_target=00000140 actual_taken=0 actual_target=00000144 mispredict=0

CYCLE=130
IF:  valid=1 pc=0000014c instr=00000013
ID:  valid=1 pc=00000148 instr=00000013
EX:  valid=1 pc=00000144 instr=00000013
MEM: valid=1 pc=00000140 instr=00000013
WB:  valid=1 pc=0000013c instr=00000013 rd=x0 we=1 wdata=00000000
CTRL: stall=0 flush=0 taken=0 target=00000148
BP: mode=GSHARE pc=00000144 ghr=5 index=6 pred_taken=0 pred_target=00000144 actual_taken=0 actual_target=00000148 mispredict=0

CYCLE=131
IF:  valid=1 pc=00000150 instr=00000013
ID:  valid=1 pc=0000014c instr=00000013
EX:  valid=1 pc=00000148 instr=00000013
MEM: valid=1 pc=00000144 instr=00000013
WB:  valid=1 pc=00000140 instr=00000013 rd=x0 we=1 wdata=00000000
CTRL: stall=0 flush=0 taken=0 target=0000014c
BP: mode=GSHARE pc=00000148 ghr=5 index=1 pred_taken=0 pred_target=00000148 actual_taken=0 actual_target=0000014c mispredict=0

CYCLE=132
IF:  valid=1 pc=00000154 instr=00000013
ID:  valid=1 pc=00000150 instr=00000013
EX:  valid=1 pc=0000014c instr=00000013
MEM: valid=1 pc=00000148 instr=00000013
WB:  valid=1 pc=00000144 instr=00000013 rd=x0 we=1 wdata=00000000
CTRL: stall=0 flush=0 taken=0 target=00000150
BP: mode=GSHARE pc=0000014c ghr=5 index=0 pred_taken=0 pred_target=0000014c actual_taken=0 actual_target=00000150 mispredict=0

CYCLE=133
IF:  valid=1 pc=00000158 instr=00000013
ID:  valid=1 pc=00000154 instr=00000013
EX:  valid=1 pc=00000150 instr=00000013
MEM: valid=1 pc=0000014c instr=00000013
WB:  valid=1 pc=00000148 instr=00000013 rd=x0 we=1 wdata=00000000
CTRL: stall=0 flush=0 taken=0 target=00000154
BP: mode=GSHARE pc=00000150 ghr=5 index=3 pred_taken=0 pred_target=00000150 actual_taken=0 actual_target=00000154 mispredict=0

CYCLE=134
IF:  valid=1 pc=0000015c instr=00000013
ID:  valid=1 pc=00000158 instr=00000013
EX:  valid=1 pc=00000154 instr=00000013
MEM: valid=1 pc=00000150 instr=00000013
WB:  valid=1 pc=0000014c instr=00000013 rd=x0 we=1 wdata=00000000
CTRL: stall=0 flush=0 taken=0 target=00000158
BP: mode=GSHARE pc=00000154 ghr=5 index=2 pred_taken=0 pred_target=00000154 actual_taken=0 actual_target=00000158 mispredict=0

CYCLE=135
IF:  valid=1 pc=00000160 instr=00000013
ID:  valid=1 pc=0000015c instr=00000013
EX:  valid=1 pc=00000158 instr=00000013
MEM: valid=1 pc=00000154 instr=00000013
WB:  valid=1 pc=00000150 instr=00000013 rd=x0 we=1 wdata=00000000
CTRL: stall=0 flush=0 taken=0 target=0000015c
BP: mode=GSHARE pc=00000158 ghr=5 index=13 pred_taken=0 pred_target=00000158 actual_taken=0 actual_target=0000015c mispredict=0

CYCLE=136
IF:  valid=1 pc=00000164 instr=00000013
ID:  valid=1 pc=00000160 instr=00000013
EX:  valid=1 pc=0000015c instr=00000013
MEM: valid=1 pc=00000158 instr=00000013
WB:  valid=1 pc=00000154 instr=00000013 rd=x0 we=1 wdata=00000000
CTRL: stall=0 flush=0 taken=0 target=00000160
BP: mode=GSHARE pc=0000015c ghr=5 index=12 pred_taken=0 pred_target=0000015c actual_taken=0 actual_target=00000160 mispredict=0

CYCLE=137
IF:  valid=1 pc=00000168 instr=00000013
ID:  valid=1 pc=00000164 instr=00000013
EX:  valid=1 pc=00000160 instr=00000013
MEM: valid=1 pc=0000015c instr=00000013
WB:  valid=1 pc=00000158 instr=00000013 rd=x0 we=1 wdata=00000000
CTRL: stall=0 flush=0 taken=0 target=00000164
BP: mode=GSHARE pc=00000160 ghr=5 index=15 pred_taken=0 pred_target=00000160 actual_taken=0 actual_target=00000164 mispredict=0

CYCLE=138
IF:  valid=1 pc=0000016c instr=00000013
ID:  valid=1 pc=00000168 instr=00000013
EX:  valid=1 pc=00000164 instr=00000013
MEM: valid=1 pc=00000160 instr=00000013
WB:  valid=1 pc=0000015c instr=00000013 rd=x0 we=1 wdata=00000000
CTRL: stall=0 flush=0 taken=0 target=00000168
BP: mode=GSHARE pc=00000164 ghr=5 index=14 pred_taken=0 pred_target=00000164 actual_taken=0 actual_target=00000168 mispredict=0

CYCLE=139
IF:  valid=1 pc=00000170 instr=00000013
ID:  valid=1 pc=0000016c instr=00000013
EX:  valid=1 pc=00000168 instr=00000013
MEM: valid=1 pc=00000164 instr=00000013
WB:  valid=1 pc=00000160 instr=00000013 rd=x0 we=1 wdata=00000000
CTRL: stall=0 flush=0 taken=0 target=0000016c
BP: mode=GSHARE pc=00000168 ghr=5 index=9 pred_taken=0 pred_target=00000168 actual_taken=0 actual_target=0000016c mispredict=0

CYCLE=140
IF:  valid=1 pc=00000174 instr=00000013
ID:  valid=1 pc=00000170 instr=00000013
EX:  valid=1 pc=0000016c instr=00000013
MEM: valid=1 pc=00000168 instr=00000013
WB:  valid=1 pc=00000164 instr=00000013 rd=x0 we=1 wdata=00000000
CTRL: stall=0 flush=0 taken=0 target=00000170
BP: mode=GSHARE pc=0000016c ghr=5 index=8 pred_taken=0 pred_target=0000016c actual_taken=0 actual_target=00000170 mispredict=0

CYCLE=141
IF:  valid=1 pc=00000178 instr=00000013
ID:  valid=1 pc=00000174 instr=00000013
EX:  valid=1 pc=00000170 instr=00000013
MEM: valid=1 pc=0000016c instr=00000013
WB:  valid=1 pc=00000168 instr=00000013 rd=x0 we=1 wdata=00000000
CTRL: stall=0 flush=0 taken=0 target=00000174
BP: mode=GSHARE pc=00000170 ghr=5 index=11 pred_taken=0 pred_target=00000170 actual_taken=0 actual_target=00000174 mispredict=0

CYCLE=142
IF:  valid=1 pc=0000017c instr=00000013
ID:  valid=1 pc=00000178 instr=00000013
EX:  valid=1 pc=00000174 instr=00000013
MEM: valid=1 pc=00000170 instr=00000013
WB:  valid=1 pc=0000016c instr=00000013 rd=x0 we=1 wdata=00000000
CTRL: stall=0 flush=0 taken=0 target=00000178
BP: mode=GSHARE pc=00000174 ghr=5 index=10 pred_taken=0 pred_target=00000174 actual_taken=0 actual_target=00000178 mispredict=0

CYCLE=143
IF:  valid=1 pc=00000180 instr=00000013
ID:  valid=1 pc=0000017c instr=00000013
EX:  valid=1 pc=00000178 instr=00000013
MEM: valid=1 pc=00000174 instr=00000013
WB:  valid=1 pc=00000170 instr=00000013 rd=x0 we=1 wdata=00000000
CTRL: stall=0 flush=0 taken=0 target=0000017c
BP: mode=GSHARE pc=00000178 ghr=5 index=5 pred_taken=0 pred_target=00000178 actual_taken=0 actual_target=0000017c mispredict=0

CYCLE=144
IF:  valid=1 pc=00000184 instr=00000013
ID:  valid=1 pc=00000180 instr=00000013
EX:  valid=1 pc=0000017c instr=00000013
MEM: valid=1 pc=00000178 instr=00000013
WB:  valid=1 pc=00000174 instr=00000013 rd=x0 we=1 wdata=00000000
CTRL: stall=0 flush=0 taken=0 target=00000180
BP: mode=GSHARE pc=0000017c ghr=5 index=4 pred_taken=0 pred_target=0000017c actual_taken=0 actual_target=00000180 mispredict=0

CYCLE=145
IF:  valid=1 pc=00000188 instr=00000013
ID:  valid=1 pc=00000184 instr=00000013
EX:  valid=1 pc=00000180 instr=00000013
MEM: valid=1 pc=0000017c instr=00000013
WB:  valid=1 pc=00000178 instr=00000013 rd=x0 we=1 wdata=00000000
CTRL: stall=0 flush=0 taken=0 target=00000184
BP: mode=GSHARE pc=00000180 ghr=5 index=7 pred_taken=0 pred_target=00000180 actual_taken=0 actual_target=00000184 mispredict=0

CYCLE=146
IF:  valid=1 pc=0000018c instr=00000013
ID:  valid=1 pc=00000188 instr=00000013
EX:  valid=1 pc=00000184 instr=00000013
MEM: valid=1 pc=00000180 instr=00000013
WB:  valid=1 pc=0000017c instr=00000013 rd=x0 we=1 wdata=00000000
CTRL: stall=0 flush=0 taken=0 target=00000188
BP: mode=GSHARE pc=00000184 ghr=5 index=6 pred_taken=0 pred_target=00000184 actual_taken=0 actual_target=00000188 mispredict=0

CYCLE=147
IF:  valid=1 pc=00000190 instr=00000013
ID:  valid=1 pc=0000018c instr=00000013
EX:  valid=1 pc=00000188 instr=00000013
MEM: valid=1 pc=00000184 instr=00000013
WB:  valid=1 pc=00000180 instr=00000013 rd=x0 we=1 wdata=00000000
CTRL: stall=0 flush=0 taken=0 target=0000018c
BP: mode=GSHARE pc=00000188 ghr=5 index=1 pred_taken=0 pred_target=00000188 actual_taken=0 actual_target=0000018c mispredict=0

CYCLE=148
IF:  valid=1 pc=00000194 instr=00000013
ID:  valid=1 pc=00000190 instr=00000013
EX:  valid=1 pc=0000018c instr=00000013
MEM: valid=1 pc=00000188 instr=00000013
WB:  valid=1 pc=00000184 instr=00000013 rd=x0 we=1 wdata=00000000
CTRL: stall=0 flush=0 taken=0 target=00000190
BP: mode=GSHARE pc=0000018c ghr=5 index=0 pred_taken=0 pred_target=0000018c actual_taken=0 actual_target=00000190 mispredict=0

CYCLE=149
IF:  valid=1 pc=00000198 instr=00000013
ID:  valid=1 pc=00000194 instr=00000013
EX:  valid=1 pc=00000190 instr=00000013
MEM: valid=1 pc=0000018c instr=00000013
WB:  valid=1 pc=00000188 instr=00000013 rd=x0 we=1 wdata=00000000
CTRL: stall=0 flush=0 taken=0 target=00000194
BP: mode=GSHARE pc=00000190 ghr=5 index=3 pred_taken=0 pred_target=00000190 actual_taken=0 actual_target=00000194 mispredict=0

CYCLE=150
IF:  valid=1 pc=0000019c instr=00000013
ID:  valid=1 pc=00000198 instr=00000013
EX:  valid=1 pc=00000194 instr=00000013
MEM: valid=1 pc=00000190 instr=00000013
WB:  valid=1 pc=0000018c instr=00000013 rd=x0 we=1 wdata=00000000
CTRL: stall=0 flush=0 taken=0 target=00000198
BP: mode=GSHARE pc=00000194 ghr=5 index=2 pred_taken=0 pred_target=00000194 actual_taken=0 actual_target=00000198 mispredict=0

CYCLE=151
IF:  valid=1 pc=000001a0 instr=00000013
ID:  valid=1 pc=0000019c instr=00000013
EX:  valid=1 pc=00000198 instr=00000013
MEM: valid=1 pc=00000194 instr=00000013
WB:  valid=1 pc=00000190 instr=00000013 rd=x0 we=1 wdata=00000000
CTRL: stall=0 flush=0 taken=0 target=0000019c
BP: mode=GSHARE pc=00000198 ghr=5 index=13 pred_taken=0 pred_target=00000198 actual_taken=0 actual_target=0000019c mispredict=0

CYCLE=152
IF:  valid=1 pc=000001a4 instr=00000013
ID:  valid=1 pc=000001a0 instr=00000013
EX:  valid=1 pc=0000019c instr=00000013
MEM: valid=1 pc=00000198 instr=00000013
WB:  valid=1 pc=00000194 instr=00000013 rd=x0 we=1 wdata=00000000
CTRL: stall=0 flush=0 taken=0 target=000001a0
BP: mode=GSHARE pc=0000019c ghr=5 index=12 pred_taken=0 pred_target=0000019c actual_taken=0 actual_target=000001a0 mispredict=0

CYCLE=153
IF:  valid=1 pc=000001a8 instr=00000013
ID:  valid=1 pc=000001a4 instr=00000013
EX:  valid=1 pc=000001a0 instr=00000013
MEM: valid=1 pc=0000019c instr=00000013
WB:  valid=1 pc=00000198 instr=00000013 rd=x0 we=1 wdata=00000000
CTRL: stall=0 flush=0 taken=0 target=000001a4
BP: mode=GSHARE pc=000001a0 ghr=5 index=15 pred_taken=0 pred_target=000001a0 actual_taken=0 actual_target=000001a4 mispredict=0

CYCLE=154
IF:  valid=1 pc=000001ac instr=00000013
ID:  valid=1 pc=000001a8 instr=00000013
EX:  valid=1 pc=000001a4 instr=00000013
MEM: valid=1 pc=000001a0 instr=00000013
WB:  valid=1 pc=0000019c instr=00000013 rd=x0 we=1 wdata=00000000
CTRL: stall=0 flush=0 taken=0 target=000001a8
BP: mode=GSHARE pc=000001a4 ghr=5 index=14 pred_taken=0 pred_target=000001a4 actual_taken=0 actual_target=000001a8 mispredict=0

CYCLE=155
IF:  valid=1 pc=000001b0 instr=00000013
ID:  valid=1 pc=000001ac instr=00000013
EX:  valid=1 pc=000001a8 instr=00000013
MEM: valid=1 pc=000001a4 instr=00000013
WB:  valid=1 pc=000001a0 instr=00000013 rd=x0 we=1 wdata=00000000
CTRL: stall=0 flush=0 taken=0 target=000001ac
BP: mode=GSHARE pc=000001a8 ghr=5 index=9 pred_taken=0 pred_target=000001a8 actual_taken=0 actual_target=000001ac mispredict=0

CYCLE=156
IF:  valid=1 pc=000001b4 instr=00000013
ID:  valid=1 pc=000001b0 instr=00000013
EX:  valid=1 pc=000001ac instr=00000013
MEM: valid=1 pc=000001a8 instr=00000013
WB:  valid=1 pc=000001a4 instr=00000013 rd=x0 we=1 wdata=00000000
CTRL: stall=0 flush=0 taken=0 target=000001b0
BP: mode=GSHARE pc=000001ac ghr=5 index=8 pred_taken=0 pred_target=000001ac actual_taken=0 actual_target=000001b0 mispredict=0

CYCLE=157
IF:  valid=1 pc=000001b8 instr=00000013
ID:  valid=1 pc=000001b4 instr=00000013
EX:  valid=1 pc=000001b0 instr=00000013
MEM: valid=1 pc=000001ac instr=00000013
WB:  valid=1 pc=000001a8 instr=00000013 rd=x0 we=1 wdata=00000000
CTRL: stall=0 flush=0 taken=0 target=000001b4
BP: mode=GSHARE pc=000001b0 ghr=5 index=11 pred_taken=0 pred_target=000001b0 actual_taken=0 actual_target=000001b4 mispredict=0

CYCLE=158
IF:  valid=1 pc=000001bc instr=00000013
ID:  valid=1 pc=000001b8 instr=00000013
EX:  valid=1 pc=000001b4 instr=00000013
MEM: valid=1 pc=000001b0 instr=00000013
WB:  valid=1 pc=000001ac instr=00000013 rd=x0 we=1 wdata=00000000
CTRL: stall=0 flush=0 taken=0 target=000001b8
BP: mode=GSHARE pc=000001b4 ghr=5 index=10 pred_taken=0 pred_target=000001b4 actual_taken=0 actual_target=000001b8 mispredict=0

CYCLE=159
IF:  valid=1 pc=000001c0 instr=00000013
ID:  valid=1 pc=000001bc instr=00000013
EX:  valid=1 pc=000001b8 instr=00000013
MEM: valid=1 pc=000001b4 instr=00000013
WB:  valid=1 pc=000001b0 instr=00000013 rd=x0 we=1 wdata=00000000
CTRL: stall=0 flush=0 taken=0 target=000001bc
BP: mode=GSHARE pc=000001b8 ghr=5 index=5 pred_taken=0 pred_target=000001b8 actual_taken=0 actual_target=000001bc mispredict=0

CYCLE=160
IF:  valid=1 pc=000001c4 instr=00000013
ID:  valid=1 pc=000001c0 instr=00000013
EX:  valid=1 pc=000001bc instr=00000013
MEM: valid=1 pc=000001b8 instr=00000013
WB:  valid=1 pc=000001b4 instr=00000013 rd=x0 we=1 wdata=00000000
CTRL: stall=0 flush=0 taken=0 target=000001c0
BP: mode=GSHARE pc=000001bc ghr=5 index=4 pred_taken=0 pred_target=000001bc actual_taken=0 actual_target=000001c0 mispredict=0

CYCLE=161
IF:  valid=1 pc=000001c8 instr=00000013
ID:  valid=1 pc=000001c4 instr=00000013
EX:  valid=1 pc=000001c0 instr=00000013
MEM: valid=1 pc=000001bc instr=00000013
WB:  valid=1 pc=000001b8 instr=00000013 rd=x0 we=1 wdata=00000000
CTRL: stall=0 flush=0 taken=0 target=000001c4
BP: mode=GSHARE pc=000001c0 ghr=5 index=7 pred_taken=0 pred_target=000001c0 actual_taken=0 actual_target=000001c4 mispredict=0

CYCLE=162
IF:  valid=1 pc=000001cc instr=00000013
ID:  valid=1 pc=000001c8 instr=00000013
EX:  valid=1 pc=000001c4 instr=00000013
MEM: valid=1 pc=000001c0 instr=00000013
WB:  valid=1 pc=000001bc instr=00000013 rd=x0 we=1 wdata=00000000
CTRL: stall=0 flush=0 taken=0 target=000001c8
BP: mode=GSHARE pc=000001c4 ghr=5 index=6 pred_taken=0 pred_target=000001c4 actual_taken=0 actual_target=000001c8 mispredict=0

CYCLE=163
IF:  valid=1 pc=000001d0 instr=00000013
ID:  valid=1 pc=000001cc instr=00000013
EX:  valid=1 pc=000001c8 instr=00000013
MEM: valid=1 pc=000001c4 instr=00000013
WB:  valid=1 pc=000001c0 instr=00000013 rd=x0 we=1 wdata=00000000
CTRL: stall=0 flush=0 taken=0 target=000001cc
BP: mode=GSHARE pc=000001c8 ghr=5 index=1 pred_taken=0 pred_target=000001c8 actual_taken=0 actual_target=000001cc mispredict=0

CYCLE=164
IF:  valid=1 pc=000001d4 instr=00000013
ID:  valid=1 pc=000001d0 instr=00000013
EX:  valid=1 pc=000001cc instr=00000013
MEM: valid=1 pc=000001c8 instr=00000013
WB:  valid=1 pc=000001c4 instr=00000013 rd=x0 we=1 wdata=00000000
CTRL: stall=0 flush=0 taken=0 target=000001d0
BP: mode=GSHARE pc=000001cc ghr=5 index=0 pred_taken=0 pred_target=000001cc actual_taken=0 actual_target=000001d0 mispredict=0

CYCLE=165
IF:  valid=1 pc=000001d8 instr=00000013
ID:  valid=1 pc=000001d4 instr=00000013
EX:  valid=1 pc=000001d0 instr=00000013
MEM: valid=1 pc=000001cc instr=00000013
WB:  valid=1 pc=000001c8 instr=00000013 rd=x0 we=1 wdata=00000000
CTRL: stall=0 flush=0 taken=0 target=000001d4
BP: mode=GSHARE pc=000001d0 ghr=5 index=3 pred_taken=0 pred_target=000001d0 actual_taken=0 actual_target=000001d4 mispredict=0

CYCLE=166
IF:  valid=1 pc=000001dc instr=00000013
ID:  valid=1 pc=000001d8 instr=00000013
EX:  valid=1 pc=000001d4 instr=00000013
MEM: valid=1 pc=000001d0 instr=00000013
WB:  valid=1 pc=000001cc instr=00000013 rd=x0 we=1 wdata=00000000
CTRL: stall=0 flush=0 taken=0 target=000001d8
BP: mode=GSHARE pc=000001d4 ghr=5 index=2 pred_taken=0 pred_target=000001d4 actual_taken=0 actual_target=000001d8 mispredict=0

CYCLE=167
IF:  valid=1 pc=000001e0 instr=00000013
ID:  valid=1 pc=000001dc instr=00000013
EX:  valid=1 pc=000001d8 instr=00000013
MEM: valid=1 pc=000001d4 instr=00000013
WB:  valid=1 pc=000001d0 instr=00000013 rd=x0 we=1 wdata=00000000
CTRL: stall=0 flush=0 taken=0 target=000001dc
BP: mode=GSHARE pc=000001d8 ghr=5 index=13 pred_taken=0 pred_target=000001d8 actual_taken=0 actual_target=000001dc mispredict=0

CYCLE=168
IF:  valid=1 pc=000001e4 instr=00000013
ID:  valid=1 pc=000001e0 instr=00000013
EX:  valid=1 pc=000001dc instr=00000013
MEM: valid=1 pc=000001d8 instr=00000013
WB:  valid=1 pc=000001d4 instr=00000013 rd=x0 we=1 wdata=00000000
CTRL: stall=0 flush=0 taken=0 target=000001e0
BP: mode=GSHARE pc=000001dc ghr=5 index=12 pred_taken=0 pred_target=000001dc actual_taken=0 actual_target=000001e0 mispredict=0

CYCLE=169
IF:  valid=1 pc=000001e8 instr=00000013
ID:  valid=1 pc=000001e4 instr=00000013
EX:  valid=1 pc=000001e0 instr=00000013
MEM: valid=1 pc=000001dc instr=00000013
WB:  valid=1 pc=000001d8 instr=00000013 rd=x0 we=1 wdata=00000000
CTRL: stall=0 flush=0 taken=0 target=000001e4
BP: mode=GSHARE pc=000001e0 ghr=5 index=15 pred_taken=0 pred_target=000001e0 actual_taken=0 actual_target=000001e4 mispredict=0

CYCLE=170
IF:  valid=1 pc=000001ec instr=00000013
ID:  valid=1 pc=000001e8 instr=00000013
EX:  valid=1 pc=000001e4 instr=00000013
MEM: valid=1 pc=000001e0 instr=00000013
WB:  valid=1 pc=000001dc instr=00000013 rd=x0 we=1 wdata=00000000
CTRL: stall=0 flush=0 taken=0 target=000001e8
BP: mode=GSHARE pc=000001e4 ghr=5 index=14 pred_taken=0 pred_target=000001e4 actual_taken=0 actual_target=000001e8 mispredict=0

CYCLE=171
IF:  valid=1 pc=000001f0 instr=00000013
ID:  valid=1 pc=000001ec instr=00000013
EX:  valid=1 pc=000001e8 instr=00000013
MEM: valid=1 pc=000001e4 instr=00000013
WB:  valid=1 pc=000001e0 instr=00000013 rd=x0 we=1 wdata=00000000
CTRL: stall=0 flush=0 taken=0 target=000001ec
BP: mode=GSHARE pc=000001e8 ghr=5 index=9 pred_taken=0 pred_target=000001e8 actual_taken=0 actual_target=000001ec mispredict=0

CYCLE=172
IF:  valid=1 pc=000001f4 instr=00000013
ID:  valid=1 pc=000001f0 instr=00000013
EX:  valid=1 pc=000001ec instr=00000013
MEM: valid=1 pc=000001e8 instr=00000013
WB:  valid=1 pc=000001e4 instr=00000013 rd=x0 we=1 wdata=00000000
CTRL: stall=0 flush=0 taken=0 target=000001f0
BP: mode=GSHARE pc=000001ec ghr=5 index=8 pred_taken=0 pred_target=000001ec actual_taken=0 actual_target=000001f0 mispredict=0

CYCLE=173
IF:  valid=1 pc=000001f8 instr=00000013
ID:  valid=1 pc=000001f4 instr=00000013
EX:  valid=1 pc=000001f0 instr=00000013
MEM: valid=1 pc=000001ec instr=00000013
WB:  valid=1 pc=000001e8 instr=00000013 rd=x0 we=1 wdata=00000000
CTRL: stall=0 flush=0 taken=0 target=000001f4
BP: mode=GSHARE pc=000001f0 ghr=5 index=11 pred_taken=0 pred_target=000001f0 actual_taken=0 actual_target=000001f4 mispredict=0

CYCLE=174
IF:  valid=1 pc=000001fc instr=00000013
ID:  valid=1 pc=000001f8 instr=00000013
EX:  valid=1 pc=000001f4 instr=00000013
MEM: valid=1 pc=000001f0 instr=00000013
WB:  valid=1 pc=000001ec instr=00000013 rd=x0 we=1 wdata=00000000
CTRL: stall=0 flush=0 taken=0 target=000001f8
BP: mode=GSHARE pc=000001f4 ghr=5 index=10 pred_taken=0 pred_target=000001f4 actual_taken=0 actual_target=000001f8 mispredict=0

CYCLE=175
IF:  valid=1 pc=00000200 instr=00000013
ID:  valid=1 pc=000001fc instr=00000013
EX:  valid=1 pc=000001f8 instr=00000013
MEM: valid=1 pc=000001f4 instr=00000013
WB:  valid=1 pc=000001f0 instr=00000013 rd=x0 we=1 wdata=00000000
CTRL: stall=0 flush=0 taken=0 target=000001fc
BP: mode=GSHARE pc=000001f8 ghr=5 index=5 pred_taken=0 pred_target=000001f8 actual_taken=0 actual_target=000001fc mispredict=0

CYCLE=176
IF:  valid=1 pc=00000204 instr=00000013
ID:  valid=1 pc=00000200 instr=00000013
EX:  valid=1 pc=000001fc instr=00000013
MEM: valid=1 pc=000001f8 instr=00000013
WB:  valid=1 pc=000001f4 instr=00000013 rd=x0 we=1 wdata=00000000
CTRL: stall=0 flush=0 taken=0 target=00000200
BP: mode=GSHARE pc=000001fc ghr=5 index=4 pred_taken=0 pred_target=000001fc actual_taken=0 actual_target=00000200 mispredict=0

CYCLE=177
IF:  valid=1 pc=00000208 instr=00000013
ID:  valid=1 pc=00000204 instr=00000013
EX:  valid=1 pc=00000200 instr=00000013
MEM: valid=1 pc=000001fc instr=00000013
WB:  valid=1 pc=000001f8 instr=00000013 rd=x0 we=1 wdata=00000000
CTRL: stall=0 flush=0 taken=0 target=00000204
BP: mode=GSHARE pc=00000200 ghr=5 index=7 pred_taken=0 pred_target=00000200 actual_taken=0 actual_target=00000204 mispredict=0

CYCLE=178
IF:  valid=1 pc=0000020c instr=00000013
ID:  valid=1 pc=00000208 instr=00000013
EX:  valid=1 pc=00000204 instr=00000013
MEM: valid=1 pc=00000200 instr=00000013
WB:  valid=1 pc=000001fc instr=00000013 rd=x0 we=1 wdata=00000000
CTRL: stall=0 flush=0 taken=0 target=00000208
BP: mode=GSHARE pc=00000204 ghr=5 index=6 pred_taken=0 pred_target=00000204 actual_taken=0 actual_target=00000208 mispredict=0

CYCLE=179
IF:  valid=1 pc=00000210 instr=00000013
ID:  valid=1 pc=0000020c instr=00000013
EX:  valid=1 pc=00000208 instr=00000013
MEM: valid=1 pc=00000204 instr=00000013
WB:  valid=1 pc=00000200 instr=00000013 rd=x0 we=1 wdata=00000000
CTRL: stall=0 flush=0 taken=0 target=0000020c
BP: mode=GSHARE pc=00000208 ghr=5 index=1 pred_taken=0 pred_target=00000208 actual_taken=0 actual_target=0000020c mispredict=0

CYCLE=180
IF:  valid=1 pc=00000214 instr=00000013
ID:  valid=1 pc=00000210 instr=00000013
EX:  valid=1 pc=0000020c instr=00000013
MEM: valid=1 pc=00000208 instr=00000013
WB:  valid=1 pc=00000204 instr=00000013 rd=x0 we=1 wdata=00000000
CTRL: stall=0 flush=0 taken=0 target=00000210
BP: mode=GSHARE pc=0000020c ghr=5 index=0 pred_taken=0 pred_target=0000020c actual_taken=0 actual_target=00000210 mispredict=0

