CYCLE=0
IF:  valid=1 pc=00000000 instr=00a00093
ID:  valid=0 pc=00000000 instr=00000013
EX:  valid=0 pc=00000000 instr=00000013
MEM: valid=0 pc=00000000 instr=00000013
WB:  valid=0 pc=00000000 instr=00000013 rd=x0 we=0 wdata=00000000
CTRL: stall=0 flush=0 taken=0 target=00000000

CYCLE=1
IF:  valid=1 pc=00000004 instr=00000013
ID:  valid=1 pc=00000000 instr=00a00093
EX:  valid=0 pc=00000000 instr=00000013
MEM: valid=0 pc=00000000 instr=00000013
WB:  valid=0 pc=00000000 instr=00000013 rd=x0 we=0 wdata=00000000
CTRL: stall=0 flush=0 taken=0 target=00000000

CYCLE=2
IF:  valid=1 pc=00000008 instr=00000013
ID:  valid=1 pc=00000004 instr=00000013
EX:  valid=1 pc=00000000 instr=00a00093
MEM: valid=0 pc=00000000 instr=00000013
WB:  valid=0 pc=00000000 instr=00000013 rd=x0 we=0 wdata=00000000
CTRL: stall=0 flush=0 taken=0 target=00000004

CYCLE=3
IF:  valid=1 pc=0000000c instr=00000013
ID:  valid=1 pc=00000008 instr=00000013
EX:  valid=1 pc=00000004 instr=00000013
MEM: valid=1 pc=00000000 instr=00a00093
WB:  valid=0 pc=00000000 instr=00000013 rd=x0 we=0 wdata=00000000
CTRL: stall=0 flush=0 taken=0 target=00000008

CYCLE=4
IF:  valid=1 pc=00000010 instr=01400113
ID:  valid=1 pc=0000000c instr=00000013
EX:  valid=1 pc=00000008 instr=00000013
MEM: valid=1 pc=00000004 instr=00000013
WB:  valid=1 pc=00000000 instr=00a00093 rd=x1 we=1 wdata=0000000a
CTRL: stall=0 flush=0 taken=0 target=0000000c

CYCLE=5
IF:  valid=1 pc=00000014 instr=00000013
ID:  valid=1 pc=00000010 instr=01400113
EX:  valid=1 pc=0000000c instr=00000013
MEM: valid=1 pc=00000008 instr=00000013
WB:  valid=1 pc=00000004 instr=00000013 rd=x0 we=1 wdata=00000000
CTRL: stall=0 flush=0 taken=0 target=00000010

CYCLE=6
IF:  valid=1 pc=00000018 instr=00000013
ID:  valid=1 pc=00000014 instr=00000013
EX:  valid=1 pc=00000010 instr=01400113
MEM: valid=1 pc=0000000c instr=00000013
WB:  valid=1 pc=00000008 instr=00000013 rd=x0 we=1 wdata=00000000
CTRL: stall=0 flush=0 taken=0 target=00000014

CYCLE=7
IF:  valid=1 pc=0000001c instr=00000013
ID:  valid=1 pc=00000018 instr=00000013
EX:  valid=1 pc=00000014 instr=00000013
MEM: valid=1 pc=00000010 instr=01400113
WB:  valid=1 pc=0000000c instr=00000013 rd=x0 we=1 wdata=00000000
CTRL: stall=0 flush=0 taken=0 target=00000018

CYCLE=8
IF:  valid=1 pc=00000020 instr=002081b3
ID:  valid=1 pc=0000001c instr=00000013
EX:  valid=1 pc=00000018 instr=00000013
MEM: valid=1 pc=00000014 instr=00000013
WB:  valid=1 pc=00000010 instr=01400113 rd=x2 we=1 wdata=00000014
CTRL: stall=0 flush=0 taken=0 target=0000001c

CYCLE=9
IF:  valid=1 pc=00000024 instr=00000013
ID:  valid=1 pc=00000020 instr=002081b3
EX:  valid=1 pc=0000001c instr=00000013
MEM: valid=1 pc=00000018 instr=00000013
WB:  valid=1 pc=00000014 instr=00000013 rd=x0 we=1 wdata=00000000
CTRL: stall=0 flush=0 taken=0 target=00000020

CYCLE=10
IF:  valid=1 pc=00000028 instr=00000013
ID:  valid=1 pc=00000024 instr=00000013
EX:  valid=1 pc=00000020 instr=002081b3
MEM: valid=1 pc=0000001c instr=00000013
WB:  valid=1 pc=00000018 instr=00000013 rd=x0 we=1 wdata=00000000
CTRL: stall=0 flush=0 taken=0 target=00000024

CYCLE=11
IF:  valid=1 pc=0000002c instr=00000013
ID:  valid=1 pc=00000028 instr=00000013
EX:  valid=1 pc=00000024 instr=00000013
MEM: valid=1 pc=00000020 instr=002081b3
WB:  valid=1 pc=0000001c instr=00000013 rd=x0 we=1 wdata=00000000
CTRL: stall=0 flush=0 taken=0 target=00000028

CYCLE=12
IF:  valid=1 pc=00000030 instr=40118233
ID:  valid=1 pc=0000002c instr=00000013
EX:  valid=1 pc=00000028 instr=00000013
MEM: valid=1 pc=00000024 instr=00000013
WB:  valid=1 pc=00000020 instr=002081b3 rd=x3 we=1 wdata=0000001e
CTRL: stall=0 flush=0 taken=0 target=0000002c

CYCLE=13
IF:  valid=1 pc=00000034 instr=00000013
ID:  valid=1 pc=00000030 instr=40118233
EX:  valid=1 pc=0000002c instr=00000013
MEM: valid=1 pc=00000028 instr=00000013
WB:  valid=1 pc=00000024 instr=00000013 rd=x0 we=1 wdata=00000000
CTRL: stall=0 flush=0 taken=0 target=00000030

CYCLE=14
IF:  valid=1 pc=00000038 instr=00000013
ID:  valid=1 pc=00000034 instr=00000013
EX:  valid=1 pc=00000030 instr=40118233
MEM: valid=1 pc=0000002c instr=00000013
WB:  valid=1 pc=00000028 instr=00000013 rd=x0 we=1 wdata=00000000
CTRL: stall=0 flush=0 taken=0 target=00000034

CYCLE=15
IF:  valid=1 pc=0000003c instr=00000013
ID:  valid=1 pc=00000038 instr=00000013
EX:  valid=1 pc=00000034 instr=00000013
MEM: valid=1 pc=00000030 instr=40118233
WB:  valid=1 pc=0000002c instr=00000013 rd=x0 we=1 wdata=00000000
CTRL: stall=0 flush=0 taken=0 target=00000038

CYCLE=16
IF:  valid=1 pc=00000040 instr=0021f2b3
ID:  valid=1 pc=0000003c instr=00000013
EX:  valid=1 pc=00000038 instr=00000013
MEM: valid=1 pc=00000034 instr=00000013
WB:  valid=1 pc=00000030 instr=40118233 rd=x4 we=1 wdata=00000014
CTRL: stall=0 flush=0 taken=0 target=0000003c

CYCLE=17
IF:  valid=1 pc=00000044 instr=00000013
ID:  valid=1 pc=00000040 instr=0021f2b3
EX:  valid=1 pc=0000003c instr=00000013
MEM: valid=1 pc=00000038 instr=00000013
WB:  valid=1 pc=00000034 instr=00000013 rd=x0 we=1 wdata=00000000
CTRL: stall=0 flush=0 taken=0 target=00000040

CYCLE=18
IF:  valid=1 pc=00000048 instr=00000013
ID:  valid=1 pc=00000044 instr=00000013
EX:  valid=1 pc=00000040 instr=0021f2b3
MEM: valid=1 pc=0000003c instr=00000013
WB:  valid=1 pc=00000038 instr=00000013 rd=x0 we=1 wdata=00000000
CTRL: stall=0 flush=0 taken=0 target=00000044

CYCLE=19
IF:  valid=1 pc=0000004c instr=00000013
ID:  valid=1 pc=00000048 instr=00000013
EX:  valid=1 pc=00000044 instr=00000013
MEM: valid=1 pc=00000040 instr=0021f2b3
WB:  valid=1 pc=0000003c instr=00000013 rd=x0 we=1 wdata=00000000
CTRL: stall=0 flush=0 taken=0 target=00000048

CYCLE=20
IF:  valid=1 pc=00000050 instr=0020e333
ID:  valid=1 pc=0000004c instr=00000013
EX:  valid=1 pc=00000048 instr=00000013
MEM: valid=1 pc=00000044 instr=00000013
WB:  valid=1 pc=00000040 instr=0021f2b3 rd=x5 we=1 wdata=00000014
CTRL: stall=0 flush=0 taken=0 target=0000004c

CYCLE=21
IF:  valid=1 pc=00000054 instr=00000013
ID:  valid=1 pc=00000050 instr=0020e333
EX:  valid=1 pc=0000004c instr=00000013
MEM: valid=1 pc=00000048 instr=00000013
WB:  valid=1 pc=00000044 instr=00000013 rd=x0 we=1 wdata=00000000
CTRL: stall=0 flush=0 taken=0 target=00000050

CYCLE=22
IF:  valid=1 pc=00000058 instr=00000013
ID:  valid=1 pc=00000054 instr=00000013
EX:  valid=1 pc=00000050 instr=0020e333
MEM: valid=1 pc=0000004c instr=00000013
WB:  valid=1 pc=00000048 instr=00000013 rd=x0 we=1 wdata=00000000
CTRL: stall=0 flush=0 taken=0 target=00000054

CYCLE=23
IF:  valid=1 pc=0000005c instr=00000013
ID:  valid=1 pc=00000058 instr=00000013
EX:  valid=1 pc=00000054 instr=00000013
MEM: valid=1 pc=00000050 instr=0020e333
WB:  valid=1 pc=0000004c instr=00000013 rd=x0 we=1 wdata=00000000
CTRL: stall=0 flush=0 taken=0 target=00000058

CYCLE=24
IF:  valid=1 pc=00000060 instr=0020c3b3
ID:  valid=1 pc=0000005c instr=00000013
EX:  valid=1 pc=00000058 instr=00000013
MEM: valid=1 pc=00000054 instr=00000013
WB:  valid=1 pc=00000050 instr=0020e333 rd=x6 we=1 wdata=0000001e
CTRL: stall=0 flush=0 taken=0 target=0000005c

CYCLE=25
IF:  valid=1 pc=00000064 instr=00000013
ID:  valid=1 pc=00000060 instr=0020c3b3
EX:  valid=1 pc=0000005c instr=00000013
MEM: valid=1 pc=00000058 instr=00000013
WB:  valid=1 pc=00000054 instr=00000013 rd=x0 we=1 wdata=00000000
CTRL: stall=0 flush=0 taken=0 target=00000060

CYCLE=26
IF:  valid=1 pc=00000068 instr=00000013
ID:  valid=1 pc=00000064 instr=00000013
EX:  valid=1 pc=00000060 instr=0020c3b3
MEM: valid=1 pc=0000005c instr=00000013
WB:  valid=1 pc=00000058 instr=00000013 rd=x0 we=1 wdata=00000000
CTRL: stall=0 flush=0 taken=0 target=00000064

CYCLE=27
IF:  valid=1 pc=0000006c instr=00000013
ID:  valid=1 pc=00000068 instr=00000013
EX:  valid=1 pc=00000064 instr=00000013
MEM: valid=1 pc=00000060 instr=0020c3b3
WB:  valid=1 pc=0000005c instr=00000013 rd=x0 we=1 wdata=00000000
CTRL: stall=0 flush=0 taken=0 target=00000068

CYCLE=28
IF:  valid=1 pc=00000070 instr=00302023
ID:  valid=1 pc=0000006c instr=00000013
EX:  valid=1 pc=00000068 instr=00000013
MEM: valid=1 pc=00000064 instr=00000013
WB:  valid=1 pc=00000060 instr=0020c3b3 rd=x7 we=1 wdata=0000001e
CTRL: stall=0 flush=0 taken=0 target=0000006c

CYCLE=29
IF:  valid=1 pc=00000074 instr=00000013
ID:  valid=1 pc=00000070 instr=00302023
EX:  valid=1 pc=0000006c instr=00000013
MEM: valid=1 pc=00000068 instr=00000013
WB:  valid=1 pc=00000064 instr=00000013 rd=x0 we=1 wdata=00000000
CTRL: stall=0 flush=0 taken=0 target=00000070

CYCLE=30
IF:  valid=1 pc=00000078 instr=00000013
ID:  valid=1 pc=00000074 instr=00000013
EX:  valid=1 pc=00000070 instr=00302023
MEM: valid=1 pc=0000006c instr=00000013
WB:  valid=1 pc=00000068 instr=00000013 rd=x0 we=1 wdata=00000000
CTRL: stall=0 flush=0 taken=0 target=00000074

CYCLE=31
IF:  valid=1 pc=0000007c instr=00000013
ID:  valid=1 pc=00000078 instr=00000013
EX:  valid=1 pc=00000074 instr=00000013
MEM: valid=1 pc=00000070 instr=00302023
WB:  valid=1 pc=0000006c instr=00000013 rd=x0 we=1 wdata=00000000
CTRL: stall=0 flush=0 taken=0 target=00000078

CYCLE=32
IF:  valid=1 pc=00000080 instr=00002403
ID:  valid=1 pc=0000007c instr=00000013
EX:  valid=1 pc=00000078 instr=00000013
MEM: valid=1 pc=00000074 instr=00000013
WB:  valid=1 pc=00000070 instr=00302023 rd=x0 we=0 wdata=00000000
CTRL: stall=0 flush=0 taken=0 target=0000007c

CYCLE=33
IF:  valid=1 pc=00000084 instr=00000013
ID:  valid=1 pc=00000080 instr=00002403
EX:  valid=1 pc=0000007c instr=00000013
MEM: valid=1 pc=00000078 instr=00000013
WB:  valid=1 pc=00000074 instr=00000013 rd=x0 we=1 wdata=00000000
CTRL: stall=0 flush=0 taken=0 target=00000080

CYCLE=34
IF:  valid=1 pc=00000088 instr=00000013
ID:  valid=1 pc=00000084 instr=00000013
EX:  valid=1 pc=00000080 instr=00002403
MEM: valid=1 pc=0000007c instr=00000013
WB:  valid=1 pc=00000078 instr=00000013 rd=x0 we=1 wdata=00000000
CTRL: stall=0 flush=0 taken=0 target=00000084

CYCLE=35
IF:  valid=1 pc=0000008c instr=00000013
ID:  valid=1 pc=00000088 instr=00000013
EX:  valid=1 pc=00000084 instr=00000013
MEM: valid=1 pc=00000080 instr=00002403
WB:  valid=1 pc=0000007c instr=00000013 rd=x0 we=1 wdata=00000000
CTRL: stall=0 flush=0 taken=0 target=00000088

CYCLE=36
IF:  valid=1 pc=00000090 instr=123454b7
ID:  valid=1 pc=0000008c instr=00000013
EX:  valid=1 pc=00000088 instr=00000013
MEM: valid=1 pc=00000084 instr=00000013
WB:  valid=1 pc=00000080 instr=00002403 rd=x8 we=1 wdata=0000001e
CTRL: stall=0 flush=0 taken=0 target=0000008c

CYCLE=37
IF:  valid=1 pc=00000094 instr=00000013
ID:  valid=1 pc=00000090 instr=123454b7
EX:  valid=1 pc=0000008c instr=00000013
MEM: valid=1 pc=00000088 instr=00000013
WB:  valid=1 pc=00000084 instr=00000013 rd=x0 we=1 wdata=00000000
CTRL: stall=0 flush=0 taken=0 target=00000090

CYCLE=38
IF:  valid=1 pc=00000098 instr=00000013
ID:  valid=1 pc=00000094 instr=00000013
EX:  valid=1 pc=00000090 instr=123454b7
MEM: valid=1 pc=0000008c instr=00000013
WB:  valid=1 pc=00000088 instr=00000013 rd=x0 we=1 wdata=00000000
CTRL: stall=0 flush=0 taken=0 target=00000094

CYCLE=39
IF:  valid=1 pc=0000009c instr=00000013
ID:  valid=1 pc=00000098 instr=00000013
EX:  valid=1 pc=00000094 instr=00000013
MEM: valid=1 pc=00000090 instr=123454b7
WB:  valid=1 pc=0000008c instr=00000013 rd=x0 we=1 wdata=00000000
CTRL: stall=0 flush=0 taken=0 target=00000098

CYCLE=40
IF:  valid=1 pc=000000a0 instr=00001517
ID:  valid=1 pc=0000009c instr=00000013
EX:  valid=1 pc=00000098 instr=00000013
MEM: valid=1 pc=00000094 instr=00000013
WB:  valid=1 pc=00000090 instr=123454b7 rd=x9 we=1 wdata=12345000
CTRL: stall=0 flush=0 taken=0 target=0000009c

CYCLE=41
IF:  valid=1 pc=000000a4 instr=00000013
ID:  valid=1 pc=000000a0 instr=00001517
EX:  valid=1 pc=0000009c instr=00000013
MEM: valid=1 pc=00000098 instr=00000013
WB:  valid=1 pc=00000094 instr=00000013 rd=x0 we=1 wdata=00000000
CTRL: stall=0 flush=0 taken=0 target=000000a0

CYCLE=42
IF:  valid=1 pc=000000a8 instr=00000013
ID:  valid=1 pc=000000a4 instr=00000013
EX:  valid=1 pc=000000a0 instr=00001517
MEM: valid=1 pc=0000009c instr=00000013
WB:  valid=1 pc=00000098 instr=00000013 rd=x0 we=1 wdata=00000000
CTRL: stall=0 flush=0 taken=0 target=000000a4

CYCLE=43
IF:  valid=1 pc=000000ac instr=00000013
ID:  valid=1 pc=000000a8 instr=00000013
EX:  valid=1 pc=000000a4 instr=00000013
MEM: valid=1 pc=000000a0 instr=00001517
WB:  valid=1 pc=0000009c instr=00000013 rd=x0 we=1 wdata=00000000
CTRL: stall=0 flush=0 taken=0 target=000000a8

CYCLE=44
IF:  valid=1 pc=000000b0 instr=00340663
ID:  valid=1 pc=000000ac instr=00000013
EX:  valid=1 pc=000000a8 instr=00000013
MEM: valid=1 pc=000000a4 instr=00000013
WB:  valid=1 pc=000000a0 instr=00001517 rd=x10 we=1 wdata=000010a0
CTRL: stall=0 flush=0 taken=0 target=000000ac

CYCLE=45
IF:  valid=1 pc=000000b4 instr=00100593
ID:  valid=1 pc=000000b0 instr=00340663
EX:  valid=1 pc=000000ac instr=00000013
MEM: valid=1 pc=000000a8 instr=00000013
WB:  valid=1 pc=000000a4 instr=00000013 rd=x0 we=1 wdata=00000000
CTRL: stall=0 flush=0 taken=0 target=000000b0

CYCLE=46
IF:  valid=1 pc=000000b8 instr=00200613
ID:  valid=1 pc=000000b4 instr=00100593
EX:  valid=1 pc=000000b0 instr=00340663
MEM: valid=1 pc=000000ac instr=00000013
WB:  valid=1 pc=000000a8 instr=00000013 rd=x0 we=1 wdata=00000000
CTRL: stall=0 flush=1 taken=1 target=000000bc

CYCLE=47
IF:  valid=1 pc=000000bc instr=00300593
ID:  valid=0 pc=000000b8 instr=00000013
EX:  valid=0 pc=000000b4 instr=00100593
MEM: valid=1 pc=000000b0 instr=00340663
WB:  valid=1 pc=000000ac instr=00000013 rd=x0 we=1 wdata=00000000
CTRL: stall=0 flush=0 taken=0 target=000000b8

CYCLE=48
IF:  valid=1 pc=000000c0 instr=00000013
ID:  valid=1 pc=000000bc instr=00300593
EX:  valid=0 pc=000000b8 instr=00000013
MEM: valid=0 pc=000000b4 instr=00100593
WB:  valid=1 pc=000000b0 instr=00340663 rd=x12 we=0 wdata=0000003c
CTRL: stall=0 flush=0 taken=0 target=000000bc

CYCLE=49
IF:  valid=1 pc=000000c4 instr=00000013
ID:  valid=1 pc=000000c0 instr=00000013
EX:  valid=1 pc=000000bc instr=00300593
MEM: valid=0 pc=000000b8 instr=00000013
WB:  valid=0 pc=000000b4 instr=00100593 rd=x11 we=0 wdata=00000001
CTRL: stall=0 flush=0 taken=0 target=000000c0

CYCLE=50
IF:  valid=1 pc=000000c8 instr=00000013
ID:  valid=1 pc=000000c4 instr=00000013
EX:  valid=1 pc=000000c0 instr=00000013
MEM: valid=1 pc=000000bc instr=00300593
WB:  valid=0 pc=000000b8 instr=00000013 rd=x0 we=0 wdata=00000000
CTRL: stall=0 flush=0 taken=0 target=000000c4

CYCLE=51
IF:  valid=1 pc=000000cc instr=00209663
ID:  valid=1 pc=000000c8 instr=00000013
EX:  valid=1 pc=000000c4 instr=00000013
MEM: valid=1 pc=000000c0 instr=00000013
WB:  valid=1 pc=000000bc instr=00300593 rd=x11 we=1 wdata=00000003
CTRL: stall=0 flush=0 taken=0 target=000000c8

CYCLE=52
IF:  valid=1 pc=000000d0 instr=00400613
ID:  valid=1 pc=000000cc instr=00209663
EX:  valid=1 pc=000000c8 instr=00000013
MEM: valid=1 pc=000000c4 instr=00000013
WB:  valid=1 pc=000000c0 instr=00000013 rd=x0 we=1 wdata=00000000
CTRL: stall=0 flush=0 taken=0 target=000000cc

CYCLE=53
IF:  valid=1 pc=000000d4 instr=00500693
ID:  valid=1 pc=000000d0 instr=00400613
EX:  valid=1 pc=000000cc instr=00209663
MEM: valid=1 pc=000000c8 instr=00000013
WB:  valid=1 pc=000000c4 instr=00000013 rd=x0 we=1 wdata=00000000
CTRL: stall=0 flush=1 taken=1 target=000000d8

CYCLE=54
IF:  valid=1 pc=000000d8 instr=00600613
ID:  valid=0 pc=000000d4 instr=00000013
EX:  valid=0 pc=000000d0 instr=00400613
MEM: valid=1 pc=000000cc instr=00209663
WB:  valid=1 pc=000000c8 instr=00000013 rd=x0 we=1 wdata=00000000
CTRL: stall=0 flush=0 taken=0 target=000000d4

CYCLE=55
IF:  valid=1 pc=000000dc instr=00000013
ID:  valid=1 pc=000000d8 instr=00600613
EX:  valid=0 pc=000000d4 instr=00000013
MEM: valid=0 pc=000000d0 instr=00400613
WB:  valid=1 pc=000000cc instr=00209663 rd=x12 we=0 wdata=0000001e
CTRL: stall=0 flush=0 taken=0 target=000000d8

CYCLE=56
IF:  valid=1 pc=000000e0 instr=00000013
ID:  valid=1 pc=000000dc instr=00000013
EX:  valid=1 pc=000000d8 instr=00600613
MEM: valid=0 pc=000000d4 instr=00000013
WB:  valid=0 pc=000000d0 instr=00400613 rd=x12 we=0 wdata=00000004
CTRL: stall=0 flush=0 taken=0 target=000000dc

CYCLE=57
IF:  valid=1 pc=000000e4 instr=00000013
ID:  valid=1 pc=000000e0 instr=00000013
EX:  valid=1 pc=000000dc instr=00000013
MEM: valid=1 pc=000000d8 instr=00600613
WB:  valid=0 pc=000000d4 instr=00000013 rd=x0 we=0 wdata=00000000
CTRL: stall=0 flush=0 taken=0 target=000000e0

CYCLE=58
IF:  valid=1 pc=000000e8 instr=00c0076f
ID:  valid=1 pc=000000e4 instr=00000013
EX:  valid=1 pc=000000e0 instr=00000013
MEM: valid=1 pc=000000dc instr=00000013
WB:  valid=1 pc=000000d8 instr=00600613 rd=x12 we=1 wdata=00000006
CTRL: stall=0 flush=0 taken=0 target=000000e4

CYCLE=59
IF:  valid=1 pc=000000ec instr=00700693
ID:  valid=1 pc=000000e8 instr=00c0076f
EX:  valid=1 pc=000000e4 instr=00000013
MEM: valid=1 pc=000000e0 instr=00000013
WB:  valid=1 pc=000000dc instr=00000013 rd=x0 we=1 wdata=00000000
CTRL: stall=0 flush=0 taken=0 target=000000e8

CYCLE=60
IF:  valid=1 pc=000000f0 instr=00800793
ID:  valid=1 pc=000000ec instr=00700693
EX:  valid=1 pc=000000e8 instr=00c0076f
MEM: valid=1 pc=000000e4 instr=00000013
WB:  valid=1 pc=000000e0 instr=00000013 rd=x0 we=1 wdata=00000000
CTRL: stall=0 flush=1 taken=1 target=000000f4

CYCLE=61
IF:  valid=1 pc=000000f4 instr=00900693
ID:  valid=0 pc=000000f0 instr=00000013
EX:  valid=0 pc=000000ec instr=00700693
MEM: valid=1 pc=000000e8 instr=00c0076f
WB:  valid=1 pc=000000e4 instr=00000013 rd=x0 we=1 wdata=00000000
CTRL: stall=0 flush=0 taken=0 target=000000f0

CYCLE=62
IF:  valid=1 pc=000000f8 instr=00000013
ID:  valid=1 pc=000000f4 instr=00900693
EX:  valid=0 pc=000000f0 instr=00000013
MEM: valid=0 pc=000000ec instr=00700693
WB:  valid=1 pc=000000e8 instr=00c0076f rd=x14 we=1 wdata=000000ec
CTRL: stall=0 flush=0 taken=0 target=000000f4

CYCLE=63
IF:  valid=1 pc=000000fc instr=00000013
ID:  valid=1 pc=000000f8 instr=00000013
EX:  valid=1 pc=000000f4 instr=00900693
MEM: valid=0 pc=000000f0 instr=00000013
WB:  valid=0 pc=000000ec instr=00700693 rd=x13 we=0 wdata=00000007
CTRL: stall=0 flush=0 taken=0 target=000000f8

CYCLE=64
IF:  valid=1 pc=00000100 instr=00000013
ID:  valid=1 pc=000000fc instr=00000013
EX:  valid=1 pc=000000f8 instr=00000013
MEM: valid=1 pc=000000f4 instr=00900693
WB:  valid=0 pc=000000f0 instr=00000013 rd=x0 we=0 wdata=00000000
CTRL: stall=0 flush=0 taken=0 target=000000fc

CYCLE=65
IF:  valid=1 pc=00000104 instr=12000813
ID:  valid=1 pc=00000100 instr=00000013
EX:  valid=1 pc=000000fc instr=00000013
MEM: valid=1 pc=000000f8 instr=00000013
WB:  valid=1 pc=000000f4 instr=00900693 rd=x13 we=1 wdata=00000009
CTRL: stall=0 flush=0 taken=0 target=00000100

CYCLE=66
IF:  valid=1 pc=00000108 instr=00000013
ID:  valid=1 pc=00000104 instr=12000813
EX:  valid=1 pc=00000100 instr=00000013
MEM: valid=1 pc=000000fc instr=00000013
WB:  valid=1 pc=000000f8 instr=00000013 rd=x0 we=1 wdata=00000000
CTRL: stall=0 flush=0 taken=0 target=00000104

CYCLE=67
IF:  valid=1 pc=0000010c instr=00000013
ID:  valid=1 pc=00000108 instr=00000013
EX:  valid=1 pc=00000104 instr=12000813
MEM: valid=1 pc=00000100 instr=00000013
WB:  valid=1 pc=000000fc instr=00000013 rd=x0 we=1 wdata=00000000
CTRL: stall=0 flush=0 taken=0 target=00000108

CYCLE=68
IF:  valid=1 pc=00000110 instr=00000013
ID:  valid=1 pc=0000010c instr=00000013
EX:  valid=1 pc=00000108 instr=00000013
MEM: valid=1 pc=00000104 instr=12000813
WB:  valid=1 pc=00000100 instr=00000013 rd=x0 we=1 wdata=00000000
CTRL: stall=0 flush=0 taken=0 target=0000010c

CYCLE=69
IF:  valid=1 pc=00000114 instr=000808e7
ID:  valid=1 pc=00000110 instr=00000013
EX:  valid=1 pc=0000010c instr=00000013
MEM: valid=1 pc=00000108 instr=00000013
WB:  valid=1 pc=00000104 instr=12000813 rd=x16 we=1 wdata=00000120
CTRL: stall=0 flush=0 taken=0 target=00000110

CYCLE=70
IF:  valid=1 pc=00000118 instr=00a00913
ID:  valid=1 pc=00000114 instr=000808e7
EX:  valid=1 pc=00000110 instr=00000013
MEM: valid=1 pc=0000010c instr=00000013
WB:  valid=1 pc=00000108 instr=00000013 rd=x0 we=1 wdata=00000000
CTRL: stall=0 flush=0 taken=0 target=00000114

CYCLE=71
IF:  valid=1 pc=0000011c instr=00b00993
ID:  valid=1 pc=00000118 instr=00a00913
EX:  valid=1 pc=00000114 instr=000808e7
MEM: valid=1 pc=00000110 instr=00000013
WB:  valid=1 pc=0000010c instr=00000013 rd=x0 we=1 wdata=00000000
CTRL: stall=0 flush=1 taken=1 target=00000120

CYCLE=72
IF:  valid=1 pc=00000120 instr=00c00913
ID:  valid=0 pc=0000011c instr=00000013
EX:  valid=0 pc=00000118 instr=00a00913
MEM: valid=1 pc=00000114 instr=000808e7
WB:  valid=1 pc=00000110 instr=00000013 rd=x0 we=1 wdata=00000000
CTRL: stall=0 flush=0 taken=0 target=0000011c

CYCLE=73
IF:  valid=1 pc=00000124 instr=00000013
ID:  valid=1 pc=00000120 instr=00c00913
EX:  valid=0 pc=0000011c instr=00000013
MEM: valid=0 pc=00000118 instr=00a00913
WB:  valid=1 pc=00000114 instr=000808e7 rd=x17 we=1 wdata=00000118
CTRL: stall=0 flush=0 taken=0 target=00000120

CYCLE=74
IF:  valid=1 pc=00000128 instr=00000013
ID:  valid=1 pc=00000124 instr=00000013
EX:  valid=1 pc=00000120 instr=00c00913
MEM: valid=0 pc=0000011c instr=00000013
WB:  valid=0 pc=00000118 instr=00a00913 rd=x18 we=0 wdata=0000000a
CTRL: stall=0 flush=0 taken=0 target=00000124

CYCLE=75
IF:  valid=1 pc=0000012c instr=00000013
ID:  valid=1 pc=00000128 instr=00000013
EX:  valid=1 pc=00000124 instr=00000013
MEM: valid=1 pc=00000120 instr=00c00913
WB:  valid=0 pc=0000011c instr=00000013 rd=x0 we=0 wdata=00000000
CTRL: stall=0 flush=0 taken=0 target=00000128

CYCLE=76
IF:  valid=1 pc=00000130 instr=00000013
ID:  valid=1 pc=0000012c instr=00000013
EX:  valid=1 pc=00000128 instr=00000013
MEM: valid=1 pc=00000124 instr=00000013
WB:  valid=1 pc=00000120 instr=00c00913 rd=x18 we=1 wdata=0000000c
CTRL: stall=0 flush=0 taken=0 target=0000012c

CYCLE=77
IF:  valid=1 pc=00000134 instr=00000013
ID:  valid=1 pc=00000130 instr=00000013
EX:  valid=1 pc=0000012c instr=00000013
MEM: valid=1 pc=00000128 instr=00000013
WB:  valid=1 pc=00000124 instr=00000013 rd=x0 we=1 wdata=00000000
CTRL: stall=0 flush=0 taken=0 target=00000130

CYCLE=78
IF:  valid=1 pc=00000138 instr=00000013
ID:  valid=1 pc=00000134 instr=00000013
EX:  valid=1 pc=00000130 instr=00000013
MEM: valid=1 pc=0000012c instr=00000013
WB:  valid=1 pc=00000128 instr=00000013 rd=x0 we=1 wdata=00000000
CTRL: stall=0 flush=0 taken=0 target=00000134

CYCLE=79
IF:  valid=1 pc=0000013c instr=00000013
ID:  valid=1 pc=00000138 instr=00000013
EX:  valid=1 pc=00000134 instr=00000013
MEM: valid=1 pc=00000130 instr=00000013
WB:  valid=1 pc=0000012c instr=00000013 rd=x0 we=1 wdata=00000000
CTRL: stall=0 flush=0 taken=0 target=00000138

CYCLE=80
IF:  valid=1 pc=00000140 instr=00000013
ID:  valid=1 pc=0000013c instr=00000013
EX:  valid=1 pc=00000138 instr=00000013
MEM: valid=1 pc=00000134 instr=00000013
WB:  valid=1 pc=00000130 instr=00000013 rd=x0 we=1 wdata=00000000
CTRL: stall=0 flush=0 taken=0 target=0000013c

CYCLE=81
IF:  valid=1 pc=00000144 instr=00000013
ID:  valid=1 pc=00000140 instr=00000013
EX:  valid=1 pc=0000013c instr=00000013
MEM: valid=1 pc=00000138 instr=00000013
WB:  valid=1 pc=00000134 instr=00000013 rd=x0 we=1 wdata=00000000
CTRL: stall=0 flush=0 taken=0 target=00000140

CYCLE=82
IF:  valid=1 pc=00000148 instr=00000013
ID:  valid=1 pc=00000144 instr=00000013
EX:  valid=1 pc=00000140 instr=00000013
MEM: valid=1 pc=0000013c instr=00000013
WB:  valid=1 pc=00000138 instr=00000013 rd=x0 we=1 wdata=00000000
CTRL: stall=0 flush=0 taken=0 target=00000144

CYCLE=83
IF:  valid=1 pc=0000014c instr=00000013
ID:  valid=1 pc=00000148 instr=00000013
EX:  valid=1 pc=00000144 instr=00000013
MEM: valid=1 pc=00000140 instr=00000013
WB:  valid=1 pc=0000013c instr=00000013 rd=x0 we=1 wdata=00000000
CTRL: stall=0 flush=0 taken=0 target=00000148

CYCLE=84
IF:  valid=1 pc=00000150 instr=00000013
ID:  valid=1 pc=0000014c instr=00000013
EX:  valid=1 pc=00000148 instr=00000013
MEM: valid=1 pc=00000144 instr=00000013
WB:  valid=1 pc=00000140 instr=00000013 rd=x0 we=1 wdata=00000000
CTRL: stall=0 flush=0 taken=0 target=0000014c

CYCLE=85
IF:  valid=1 pc=00000154 instr=00000013
ID:  valid=1 pc=00000150 instr=00000013
EX:  valid=1 pc=0000014c instr=00000013
MEM: valid=1 pc=00000148 instr=00000013
WB:  valid=1 pc=00000144 instr=00000013 rd=x0 we=1 wdata=00000000
CTRL: stall=0 flush=0 taken=0 target=00000150

CYCLE=86
IF:  valid=1 pc=00000158 instr=00000013
ID:  valid=1 pc=00000154 instr=00000013
EX:  valid=1 pc=00000150 instr=00000013
MEM: valid=1 pc=0000014c instr=00000013
WB:  valid=1 pc=00000148 instr=00000013 rd=x0 we=1 wdata=00000000
CTRL: stall=0 flush=0 taken=0 target=00000154

CYCLE=87
IF:  valid=1 pc=0000015c instr=00000013
ID:  valid=1 pc=00000158 instr=00000013
EX:  valid=1 pc=00000154 instr=00000013
MEM: valid=1 pc=00000150 instr=00000013
WB:  valid=1 pc=0000014c instr=00000013 rd=x0 we=1 wdata=00000000
CTRL: stall=0 flush=0 taken=0 target=00000158

CYCLE=88
IF:  valid=1 pc=00000160 instr=00000013
ID:  valid=1 pc=0000015c instr=00000013
EX:  valid=1 pc=00000158 instr=00000013
MEM: valid=1 pc=00000154 instr=00000013
WB:  valid=1 pc=00000150 instr=00000013 rd=x0 we=1 wdata=00000000
CTRL: stall=0 flush=0 taken=0 target=0000015c

CYCLE=89
IF:  valid=1 pc=00000164 instr=00000013
ID:  valid=1 pc=00000160 instr=00000013
EX:  valid=1 pc=0000015c instr=00000013
MEM: valid=1 pc=00000158 instr=00000013
WB:  valid=1 pc=00000154 instr=00000013 rd=x0 we=1 wdata=00000000
CTRL: stall=0 flush=0 taken=0 target=00000160

CYCLE=90
IF:  valid=1 pc=00000168 instr=00000013
ID:  valid=1 pc=00000164 instr=00000013
EX:  valid=1 pc=00000160 instr=00000013
MEM: valid=1 pc=0000015c instr=00000013
WB:  valid=1 pc=00000158 instr=00000013 rd=x0 we=1 wdata=00000000
CTRL: stall=0 flush=0 taken=0 target=00000164

CYCLE=91
IF:  valid=1 pc=0000016c instr=00000013
ID:  valid=1 pc=00000168 instr=00000013
EX:  valid=1 pc=00000164 instr=00000013
MEM: valid=1 pc=00000160 instr=00000013
WB:  valid=1 pc=0000015c instr=00000013 rd=x0 we=1 wdata=00000000
CTRL: stall=0 flush=0 taken=0 target=00000168

CYCLE=92
IF:  valid=1 pc=00000170 instr=00000013
ID:  valid=1 pc=0000016c instr=00000013
EX:  valid=1 pc=00000168 instr=00000013
MEM: valid=1 pc=00000164 instr=00000013
WB:  valid=1 pc=00000160 instr=00000013 rd=x0 we=1 wdata=00000000
CTRL: stall=0 flush=0 taken=0 target=0000016c

CYCLE=93
IF:  valid=1 pc=00000174 instr=00000013
ID:  valid=1 pc=00000170 instr=00000013
EX:  valid=1 pc=0000016c instr=00000013
MEM: valid=1 pc=00000168 instr=00000013
WB:  valid=1 pc=00000164 instr=00000013 rd=x0 we=1 wdata=00000000
CTRL: stall=0 flush=0 taken=0 target=00000170

CYCLE=94
IF:  valid=1 pc=00000178 instr=00000013
ID:  valid=1 pc=00000174 instr=00000013
EX:  valid=1 pc=00000170 instr=00000013
MEM: valid=1 pc=0000016c instr=00000013
WB:  valid=1 pc=00000168 instr=00000013 rd=x0 we=1 wdata=00000000
CTRL: stall=0 flush=0 taken=0 target=00000174

CYCLE=95
IF:  valid=1 pc=0000017c instr=00000013
ID:  valid=1 pc=00000178 instr=00000013
EX:  valid=1 pc=00000174 instr=00000013
MEM: valid=1 pc=00000170 instr=00000013
WB:  valid=1 pc=0000016c instr=00000013 rd=x0 we=1 wdata=00000000
CTRL: stall=0 flush=0 taken=0 target=00000178

