SMTUCP cycle=7 bench=hazard_memory policy=2 stream_source=1 tid=0 stream=0 addr=00000000 L1 hit=0 miss=0 L2 hit=0 miss=0 L3 hit=0 miss=0 backing=0 alloc0=4 alloc1=4 repartitions=0
SMTUCP cycle=8 bench=hazard_memory policy=2 stream_source=1 tid=1 stream=1 addr=00000004 L1 hit=0 miss=0 L2 hit=0 miss=0 L3 hit=0 miss=0 backing=0 alloc0=4 alloc1=4 repartitions=0
SMTUCP cycle=15 bench=hazard_memory policy=2 stream_source=1 tid=0 stream=0 addr=00000008 L1 hit=0 miss=0 L2 hit=0 miss=0 L3 hit=0 miss=0 backing=0 alloc0=4 alloc1=4 repartitions=0
SMTUCP cycle=16 bench=hazard_memory policy=2 stream_source=1 tid=1 stream=1 addr=0000000c L1 hit=0 miss=0 L2 hit=0 miss=0 L3 hit=0 miss=0 backing=0 alloc0=4 alloc1=4 repartitions=0
SMTUCP cycle=17 bench=hazard_memory policy=2 stream_source=1 tid=0 stream=0 addr=00000008 L1 hit=0 miss=0 L2 hit=0 miss=0 L3 hit=0 miss=0 backing=0 alloc0=4 alloc1=4 repartitions=0
SMTUCP cycle=18 bench=hazard_memory policy=2 stream_source=1 tid=1 stream=1 addr=0000000c L1 hit=0 miss=0 L2 hit=0 miss=0 L3 hit=0 miss=0 backing=0 alloc0=4 alloc1=4 repartitions=0
SMTUCP cycle=7 bench=smt_ucp_balanced policy=0 stream_source=1 tid=0 stream=0 addr=00000000 L1 hit=0 miss=1 L2 hit=0 miss=0 L3 hit=0 miss=0 backing=0 alloc0=4 alloc1=4 repartitions=0
SMTUCP cycle=8 bench=smt_ucp_balanced policy=0 stream_source=1 tid=0 stream=0 addr=00000000 L1 hit=0 miss=0 L2 hit=0 miss=1 L3 hit=0 miss=1 backing=1 alloc0=4 alloc1=4 repartitions=0
SMTUCP cycle=9 bench=smt_ucp_balanced policy=0 stream_source=1 tid=0 stream=0 addr=00000000 L1 hit=0 miss=0 L2 hit=0 miss=0 L3 hit=0 miss=0 backing=0 alloc0=4 alloc1=4 repartitions=0
SMTUCP cycle=10 bench=smt_ucp_balanced policy=0 stream_source=1 tid=0 stream=0 addr=00000000 L1 hit=0 miss=0 L2 hit=0 miss=0 L3 hit=0 miss=0 backing=0 alloc0=4 alloc1=4 repartitions=0
SMTUCP cycle=11 bench=smt_ucp_balanced policy=0 stream_source=1 tid=0 stream=0 addr=00000000 L1 hit=0 miss=0 L2 hit=0 miss=0 L3 hit=0 miss=0 backing=0 alloc0=4 alloc1=4 repartitions=0
SMTUCP cycle=12 bench=smt_ucp_balanced policy=0 stream_source=1 tid=0 stream=0 addr=00000000 L1 hit=0 miss=0 L2 hit=0 miss=0 L3 hit=0 miss=0 backing=0 alloc0=4 alloc1=4 repartitions=0
SMTUCP cycle=13 bench=smt_ucp_balanced policy=0 stream_source=1 tid=0 stream=0 addr=00000000 L1 hit=0 miss=0 L2 hit=0 miss=0 L3 hit=0 miss=0 backing=0 alloc0=4 alloc1=4 repartitions=0
SMTUCP cycle=14 bench=smt_ucp_balanced policy=0 stream_source=1 tid=0 stream=0 addr=00000000 L1 hit=0 miss=0 L2 hit=0 miss=0 L3 hit=0 miss=0 backing=0 alloc0=4 alloc1=4 repartitions=0
SMTUCP cycle=15 bench=smt_ucp_balanced policy=0 stream_source=1 tid=0 stream=0 addr=00000000 L1 hit=0 miss=0 L2 hit=0 miss=0 L3 hit=0 miss=0 backing=0 alloc0=4 alloc1=4 repartitions=0
SMTUCP cycle=16 bench=smt_ucp_balanced policy=0 stream_source=1 tid=0 stream=0 addr=00000000 L1 hit=0 miss=0 L2 hit=0 miss=0 L3 hit=0 miss=0 backing=0 alloc0=4 alloc1=4 repartitions=0
SMTUCP cycle=17 bench=smt_ucp_balanced policy=0 stream_source=1 tid=0 stream=0 addr=00000000 L1 hit=0 miss=0 L2 hit=0 miss=0 L3 hit=0 miss=0 backing=0 alloc0=4 alloc1=4 repartitions=0
SMTUCP cycle=18 bench=smt_ucp_balanced policy=0 stream_source=1 tid=0 stream=0 addr=00000000 L1 hit=0 miss=0 L2 hit=0 miss=0 L3 hit=0 miss=0 backing=0 alloc0=4 alloc1=4 repartitions=0
SMTUCP cycle=19 bench=smt_ucp_balanced policy=0 stream_source=1 tid=0 stream=0 addr=00000000 L1 hit=0 miss=0 L2 hit=0 miss=0 L3 hit=0 miss=0 backing=0 alloc0=4 alloc1=4 repartitions=0
SMTUCP cycle=20 bench=smt_ucp_balanced policy=0 stream_source=1 tid=1 stream=1 addr=00000020 L1 hit=0 miss=1 L2 hit=0 miss=0 L3 hit=0 miss=0 backing=0 alloc0=4 alloc1=4 repartitions=0
SMTUCP cycle=21 bench=smt_ucp_balanced policy=0 stream_source=1 tid=1 stream=1 addr=00000020 L1 hit=0 miss=0 L2 hit=0 miss=1 L3 hit=0 miss=1 backing=1 alloc0=4 alloc1=4 repartitions=0
SMTUCP cycle=22 bench=smt_ucp_balanced policy=0 stream_source=1 tid=1 stream=1 addr=00000020 L1 hit=0 miss=0 L2 hit=0 miss=0 L3 hit=0 miss=0 backing=0 alloc0=4 alloc1=4 repartitions=0
SMTUCP cycle=23 bench=smt_ucp_balanced policy=0 stream_source=1 tid=1 stream=1 addr=00000020 L1 hit=0 miss=0 L2 hit=0 miss=0 L3 hit=0 miss=0 backing=0 alloc0=4 alloc1=4 repartitions=0
SMTUCP cycle=24 bench=smt_ucp_balanced policy=0 stream_source=1 tid=1 stream=1 addr=00000020 L1 hit=0 miss=0 L2 hit=0 miss=0 L3 hit=0 miss=0 backing=0 alloc0=4 alloc1=4 repartitions=0
SMTUCP cycle=25 bench=smt_ucp_balanced policy=0 stream_source=1 tid=1 stream=1 addr=00000020 L1 hit=0 miss=0 L2 hit=0 miss=0 L3 hit=0 miss=0 backing=0 alloc0=4 alloc1=4 repartitions=0
SMTUCP cycle=26 bench=smt_ucp_balanced policy=0 stream_source=1 tid=1 stream=1 addr=00000020 L1 hit=0 miss=0 L2 hit=0 miss=0 L3 hit=0 miss=0 backing=0 alloc0=4 alloc1=4 repartitions=0
SMTUCP cycle=27 bench=smt_ucp_balanced policy=0 stream_source=1 tid=1 stream=1 addr=00000020 L1 hit=0 miss=0 L2 hit=0 miss=0 L3 hit=0 miss=0 backing=0 alloc0=4 alloc1=4 repartitions=0
SMTUCP cycle=28 bench=smt_ucp_balanced policy=0 stream_source=1 tid=1 stream=1 addr=00000020 L1 hit=0 miss=0 L2 hit=0 miss=0 L3 hit=0 miss=0 backing=0 alloc0=4 alloc1=4 repartitions=0
SMTUCP cycle=29 bench=smt_ucp_balanced policy=0 stream_source=1 tid=1 stream=1 addr=00000020 L1 hit=0 miss=0 L2 hit=0 miss=0 L3 hit=0 miss=0 backing=0 alloc0=4 alloc1=4 repartitions=0
SMTUCP cycle=30 bench=smt_ucp_balanced policy=0 stream_source=1 tid=1 stream=1 addr=00000020 L1 hit=0 miss=0 L2 hit=0 miss=0 L3 hit=0 miss=0 backing=0 alloc0=4 alloc1=4 repartitions=0
SMTUCP cycle=31 bench=smt_ucp_balanced policy=0 stream_source=1 tid=1 stream=1 addr=00000020 L1 hit=0 miss=0 L2 hit=0 miss=0 L3 hit=0 miss=0 backing=0 alloc0=4 alloc1=4 repartitions=0
SMTUCP cycle=32 bench=smt_ucp_balanced policy=0 stream_source=1 tid=1 stream=1 addr=00000020 L1 hit=0 miss=0 L2 hit=0 miss=0 L3 hit=0 miss=0 backing=0 alloc0=4 alloc1=4 repartitions=0
SMTUCP cycle=33 bench=smt_ucp_balanced policy=0 stream_source=1 tid=0 stream=0 addr=00000004 L1 hit=0 miss=1 L2 hit=0 miss=0 L3 hit=0 miss=0 backing=0 alloc0=4 alloc1=4 repartitions=0
SMTUCP cycle=34 bench=smt_ucp_balanced policy=0 stream_source=1 tid=0 stream=0 addr=00000004 L1 hit=0 miss=0 L2 hit=0 miss=1 L3 hit=0 miss=1 backing=1 alloc0=4 alloc1=4 repartitions=0
SMTUCP cycle=35 bench=smt_ucp_balanced policy=0 stream_source=1 tid=0 stream=0 addr=00000004 L1 hit=0 miss=0 L2 hit=0 miss=0 L3 hit=0 miss=0 backing=0 alloc0=4 alloc1=4 repartitions=0
SMTUCP cycle=36 bench=smt_ucp_balanced policy=0 stream_source=1 tid=0 stream=0 addr=00000004 L1 hit=0 miss=0 L2 hit=0 miss=0 L3 hit=0 miss=0 backing=0 alloc0=4 alloc1=4 repartitions=0
SMTUCP cycle=37 bench=smt_ucp_balanced policy=0 stream_source=1 tid=0 stream=0 addr=00000004 L1 hit=0 miss=0 L2 hit=0 miss=0 L3 hit=0 miss=0 backing=0 alloc0=4 alloc1=4 repartitions=0
SMTUCP cycle=38 bench=smt_ucp_balanced policy=0 stream_source=1 tid=0 stream=0 addr=00000004 L1 hit=0 miss=0 L2 hit=0 miss=0 L3 hit=0 miss=0 backing=0 alloc0=4 alloc1=4 repartitions=0
SMTUCP cycle=39 bench=smt_ucp_balanced policy=0 stream_source=1 tid=0 stream=0 addr=00000004 L1 hit=0 miss=0 L2 hit=0 miss=0 L3 hit=0 miss=0 backing=0 alloc0=4 alloc1=4 repartitions=0
SMTUCP cycle=40 bench=smt_ucp_balanced policy=0 stream_source=1 tid=0 stream=0 addr=00000004 L1 hit=0 miss=0 L2 hit=0 miss=0 L3 hit=0 miss=0 backing=0 alloc0=4 alloc1=4 repartitions=0
SMTUCP cycle=41 bench=smt_ucp_balanced policy=0 stream_source=1 tid=0 stream=0 addr=00000004 L1 hit=0 miss=0 L2 hit=0 miss=0 L3 hit=0 miss=0 backing=0 alloc0=4 alloc1=4 repartitions=0
SMTUCP cycle=42 bench=smt_ucp_balanced policy=0 stream_source=1 tid=0 stream=0 addr=00000004 L1 hit=0 miss=0 L2 hit=0 miss=0 L3 hit=0 miss=0 backing=0 alloc0=4 alloc1=4 repartitions=0
SMTUCP cycle=43 bench=smt_ucp_balanced policy=0 stream_source=1 tid=0 stream=0 addr=00000004 L1 hit=0 miss=0 L2 hit=0 miss=0 L3 hit=0 miss=0 backing=0 alloc0=4 alloc1=4 repartitions=0
SMTUCP cycle=44 bench=smt_ucp_balanced policy=0 stream_source=1 tid=0 stream=0 addr=00000004 L1 hit=0 miss=0 L2 hit=0 miss=0 L3 hit=0 miss=0 backing=0 alloc0=4 alloc1=4 repartitions=0
SMTUCP cycle=45 bench=smt_ucp_balanced policy=0 stream_source=1 tid=0 stream=0 addr=00000004 L1 hit=0 miss=0 L2 hit=0 miss=0 L3 hit=0 miss=0 backing=0 alloc0=4 alloc1=4 repartitions=0
SMTUCP cycle=46 bench=smt_ucp_balanced policy=0 stream_source=1 tid=1 stream=1 addr=00000024 L1 hit=x miss=x L2 hit=0 miss=0 L3 hit=0 miss=0 backing=0 alloc0=4 alloc1=4 repartitions=0
SMTUCP cycle=47 bench=smt_ucp_balanced policy=0 stream_source=1 tid=0 stream=1 addr=00000024 L1 hit=0 miss=0 L2 hit=0 miss=1 L3 hit=0 miss=1 backing=1 alloc0=4 alloc1=4 repartitions=0
SMTUCP cycle=48 bench=smt_ucp_balanced policy=0 stream_source=1 tid=0 stream=1 addr=00000024 L1 hit=0 miss=0 L2 hit=0 miss=0 L3 hit=0 miss=0 backing=0 alloc0=4 alloc1=4 repartitions=0
SMTUCP cycle=49 bench=smt_ucp_balanced policy=0 stream_source=1 tid=0 stream=1 addr=00000024 L1 hit=0 miss=0 L2 hit=0 miss=0 L3 hit=0 miss=0 backing=0 alloc0=4 alloc1=4 repartitions=0
SMTUCP cycle=50 bench=smt_ucp_balanced policy=0 stream_source=1 tid=0 stream=1 addr=00000024 L1 hit=0 miss=0 L2 hit=0 miss=0 L3 hit=0 miss=0 backing=0 alloc0=4 alloc1=4 repartitions=0
SMTUCP cycle=51 bench=smt_ucp_balanced policy=0 stream_source=1 tid=0 stream=1 addr=00000024 L1 hit=0 miss=0 L2 hit=0 miss=0 L3 hit=0 miss=0 backing=0 alloc0=4 alloc1=4 repartitions=0
SMTUCP cycle=52 bench=smt_ucp_balanced policy=0 stream_source=1 tid=0 stream=1 addr=00000024 L1 hit=0 miss=0 L2 hit=0 miss=0 L3 hit=0 miss=0 backing=0 alloc0=4 alloc1=4 repartitions=0
SMTUCP cycle=53 bench=smt_ucp_balanced policy=0 stream_source=1 tid=0 stream=1 addr=00000024 L1 hit=0 miss=0 L2 hit=0 miss=0 L3 hit=0 miss=0 backing=0 alloc0=4 alloc1=4 repartitions=0
SMTUCP cycle=54 bench=smt_ucp_balanced policy=0 stream_source=1 tid=0 stream=1 addr=00000024 L1 hit=0 miss=0 L2 hit=0 miss=0 L3 hit=0 miss=0 backing=0 alloc0=4 alloc1=4 repartitions=0
SMTUCP cycle=55 bench=smt_ucp_balanced policy=0 stream_source=1 tid=0 stream=1 addr=00000024 L1 hit=0 miss=0 L2 hit=0 miss=0 L3 hit=0 miss=0 backing=0 alloc0=4 alloc1=4 repartitions=0
SMTUCP cycle=56 bench=smt_ucp_balanced policy=0 stream_source=1 tid=0 stream=1 addr=00000024 L1 hit=0 miss=0 L2 hit=0 miss=0 L3 hit=0 miss=0 backing=0 alloc0=4 alloc1=4 repartitions=0
SMTUCP cycle=57 bench=smt_ucp_balanced policy=0 stream_source=1 tid=0 stream=1 addr=00000024 L1 hit=0 miss=0 L2 hit=0 miss=0 L3 hit=0 miss=0 backing=0 alloc0=4 alloc1=4 repartitions=0
SMTUCP cycle=58 bench=smt_ucp_balanced policy=0 stream_source=1 tid=0 stream=1 addr=00000024 L1 hit=0 miss=0 L2 hit=0 miss=0 L3 hit=0 miss=0 backing=0 alloc0=4 alloc1=4 repartitions=0
SMTUCP cycle=59 bench=smt_ucp_balanced policy=0 stream_source=1 tid=1 stream=1 addr=00000028 L1 hit=0 miss=1 L2 hit=0 miss=0 L3 hit=0 miss=0 backing=0 alloc0=4 alloc1=4 repartitions=0
SMTUCP cycle=60 bench=smt_ucp_balanced policy=0 stream_source=1 tid=1 stream=1 addr=00000028 L1 hit=0 miss=0 L2 hit=0 miss=1 L3 hit=0 miss=1 backing=1 alloc0=4 alloc1=4 repartitions=0
SMTUCP cycle=61 bench=smt_ucp_balanced policy=0 stream_source=1 tid=1 stream=1 addr=00000028 L1 hit=0 miss=0 L2 hit=0 miss=0 L3 hit=0 miss=0 backing=0 alloc0=4 alloc1=4 repartitions=0
SMTUCP cycle=62 bench=smt_ucp_balanced policy=0 stream_source=1 tid=1 stream=1 addr=00000028 L1 hit=0 miss=0 L2 hit=0 miss=0 L3 hit=0 miss=0 backing=0 alloc0=4 alloc1=4 repartitions=0
SMTUCP cycle=63 bench=smt_ucp_balanced policy=0 stream_source=1 tid=1 stream=1 addr=00000028 L1 hit=0 miss=0 L2 hit=0 miss=0 L3 hit=0 miss=0 backing=0 alloc0=4 alloc1=4 repartitions=0
SMTUCP cycle=64 bench=smt_ucp_balanced policy=0 stream_source=1 tid=1 stream=1 addr=00000028 L1 hit=0 miss=0 L2 hit=0 miss=0 L3 hit=0 miss=0 backing=0 alloc0=4 alloc1=4 repartitions=0
SMTUCP cycle=65 bench=smt_ucp_balanced policy=0 stream_source=1 tid=1 stream=1 addr=00000028 L1 hit=0 miss=0 L2 hit=0 miss=0 L3 hit=0 miss=0 backing=0 alloc0=4 alloc1=4 repartitions=0
SMTUCP cycle=66 bench=smt_ucp_balanced policy=0 stream_source=1 tid=1 stream=1 addr=00000028 L1 hit=0 miss=0 L2 hit=0 miss=0 L3 hit=0 miss=0 backing=0 alloc0=4 alloc1=4 repartitions=0
SMTUCP cycle=67 bench=smt_ucp_balanced policy=0 stream_source=1 tid=1 stream=1 addr=00000028 L1 hit=0 miss=0 L2 hit=0 miss=0 L3 hit=0 miss=0 backing=0 alloc0=4 alloc1=4 repartitions=0
SMTUCP cycle=68 bench=smt_ucp_balanced policy=0 stream_source=1 tid=1 stream=1 addr=00000028 L1 hit=0 miss=0 L2 hit=0 miss=0 L3 hit=0 miss=0 backing=0 alloc0=4 alloc1=4 repartitions=0
SMTUCP cycle=69 bench=smt_ucp_balanced policy=0 stream_source=1 tid=1 stream=1 addr=00000028 L1 hit=0 miss=0 L2 hit=0 miss=0 L3 hit=0 miss=0 backing=0 alloc0=4 alloc1=4 repartitions=0
SMTUCP cycle=70 bench=smt_ucp_balanced policy=0 stream_source=1 tid=1 stream=1 addr=00000028 L1 hit=0 miss=0 L2 hit=0 miss=0 L3 hit=0 miss=0 backing=0 alloc0=4 alloc1=4 repartitions=0
SMTUCP cycle=71 bench=smt_ucp_balanced policy=0 stream_source=1 tid=1 stream=1 addr=00000028 L1 hit=0 miss=0 L2 hit=0 miss=0 L3 hit=0 miss=0 backing=0 alloc0=4 alloc1=4 repartitions=0
SMTUCP cycle=72 bench=smt_ucp_balanced policy=0 stream_source=1 tid=0 stream=0 addr=0000000c L1 hit=0 miss=1 L2 hit=0 miss=0 L3 hit=0 miss=0 backing=0 alloc0=4 alloc1=4 repartitions=0
SMTUCP cycle=73 bench=smt_ucp_balanced policy=0 stream_source=1 tid=0 stream=0 addr=0000000c L1 hit=0 miss=0 L2 hit=0 miss=1 L3 hit=0 miss=1 backing=1 alloc0=4 alloc1=4 repartitions=0
SMTUCP cycle=74 bench=smt_ucp_balanced policy=0 stream_source=1 tid=0 stream=0 addr=0000000c L1 hit=0 miss=0 L2 hit=0 miss=0 L3 hit=0 miss=0 backing=0 alloc0=4 alloc1=4 repartitions=0
SMTUCP cycle=75 bench=smt_ucp_balanced policy=0 stream_source=1 tid=0 stream=0 addr=0000000c L1 hit=0 miss=0 L2 hit=0 miss=0 L3 hit=0 miss=0 backing=0 alloc0=4 alloc1=4 repartitions=0
SMTUCP cycle=76 bench=smt_ucp_balanced policy=0 stream_source=1 tid=0 stream=0 addr=0000000c L1 hit=0 miss=0 L2 hit=0 miss=0 L3 hit=0 miss=0 backing=0 alloc0=4 alloc1=4 repartitions=0
SMTUCP cycle=77 bench=smt_ucp_balanced policy=0 stream_source=1 tid=0 stream=0 addr=0000000c L1 hit=0 miss=0 L2 hit=0 miss=0 L3 hit=0 miss=0 backing=0 alloc0=4 alloc1=4 repartitions=0
SMTUCP cycle=78 bench=smt_ucp_balanced policy=0 stream_source=1 tid=0 stream=0 addr=0000000c L1 hit=0 miss=0 L2 hit=0 miss=0 L3 hit=0 miss=0 backing=0 alloc0=4 alloc1=4 repartitions=0
SMTUCP cycle=79 bench=smt_ucp_balanced policy=0 stream_source=1 tid=0 stream=0 addr=0000000c L1 hit=0 miss=0 L2 hit=0 miss=0 L3 hit=0 miss=0 backing=0 alloc0=4 alloc1=4 repartitions=0
SMTUCP cycle=80 bench=smt_ucp_balanced policy=0 stream_source=1 tid=0 stream=0 addr=0000000c L1 hit=0 miss=0 L2 hit=0 miss=0 L3 hit=0 miss=0 backing=0 alloc0=4 alloc1=4 repartitions=0
SMTUCP cycle=81 bench=smt_ucp_balanced policy=0 stream_source=1 tid=0 stream=0 addr=0000000c L1 hit=0 miss=0 L2 hit=0 miss=0 L3 hit=0 miss=0 backing=0 alloc0=4 alloc1=4 repartitions=0
SMTUCP cycle=82 bench=smt_ucp_balanced policy=0 stream_source=1 tid=0 stream=0 addr=0000000c L1 hit=0 miss=0 L2 hit=0 miss=0 L3 hit=0 miss=0 backing=0 alloc0=4 alloc1=4 repartitions=0
SMTUCP cycle=83 bench=smt_ucp_balanced policy=0 stream_source=1 tid=0 stream=0 addr=0000000c L1 hit=0 miss=0 L2 hit=0 miss=0 L3 hit=0 miss=0 backing=0 alloc0=4 alloc1=4 repartitions=0
SMTUCP cycle=84 bench=smt_ucp_balanced policy=0 stream_source=1 tid=0 stream=0 addr=0000000c L1 hit=0 miss=0 L2 hit=0 miss=0 L3 hit=0 miss=0 backing=0 alloc0=4 alloc1=4 repartitions=0
SMTUCP cycle=85 bench=smt_ucp_balanced policy=0 stream_source=1 tid=1 stream=1 addr=0000002c L1 hit=x miss=x L2 hit=0 miss=0 L3 hit=0 miss=0 backing=0 alloc0=4 alloc1=4 repartitions=0
SMTUCP cycle=86 bench=smt_ucp_balanced policy=0 stream_source=1 tid=0 stream=1 addr=0000002c L1 hit=0 miss=0 L2 hit=0 miss=1 L3 hit=0 miss=1 backing=1 alloc0=4 alloc1=4 repartitions=0
SMTUCP cycle=87 bench=smt_ucp_balanced policy=0 stream_source=1 tid=0 stream=1 addr=0000002c L1 hit=0 miss=0 L2 hit=0 miss=0 L3 hit=0 miss=0 backing=0 alloc0=4 alloc1=4 repartitions=0
SMTUCP cycle=88 bench=smt_ucp_balanced policy=0 stream_source=1 tid=0 stream=1 addr=0000002c L1 hit=0 miss=0 L2 hit=0 miss=0 L3 hit=0 miss=0 backing=0 alloc0=4 alloc1=4 repartitions=0
SMTUCP cycle=89 bench=smt_ucp_balanced policy=0 stream_source=1 tid=0 stream=1 addr=0000002c L1 hit=0 miss=0 L2 hit=0 miss=0 L3 hit=0 miss=0 backing=0 alloc0=4 alloc1=4 repartitions=0
SMTUCP cycle=90 bench=smt_ucp_balanced policy=0 stream_source=1 tid=0 stream=1 addr=0000002c L1 hit=0 miss=0 L2 hit=0 miss=0 L3 hit=0 miss=0 backing=0 alloc0=4 alloc1=4 repartitions=0
SMTUCP cycle=91 bench=smt_ucp_balanced policy=0 stream_source=1 tid=0 stream=1 addr=0000002c L1 hit=0 miss=0 L2 hit=0 miss=0 L3 hit=0 miss=0 backing=0 alloc0=4 alloc1=4 repartitions=0
SMTUCP cycle=92 bench=smt_ucp_balanced policy=0 stream_source=1 tid=0 stream=1 addr=0000002c L1 hit=0 miss=0 L2 hit=0 miss=0 L3 hit=0 miss=0 backing=0 alloc0=4 alloc1=4 repartitions=0
SMTUCP cycle=93 bench=smt_ucp_balanced policy=0 stream_source=1 tid=0 stream=1 addr=0000002c L1 hit=0 miss=0 L2 hit=0 miss=0 L3 hit=0 miss=0 backing=0 alloc0=4 alloc1=4 repartitions=0
SMTUCP cycle=94 bench=smt_ucp_balanced policy=0 stream_source=1 tid=0 stream=1 addr=0000002c L1 hit=0 miss=0 L2 hit=0 miss=0 L3 hit=0 miss=0 backing=0 alloc0=4 alloc1=4 repartitions=0
SMTUCP cycle=95 bench=smt_ucp_balanced policy=0 stream_source=1 tid=0 stream=1 addr=0000002c L1 hit=0 miss=0 L2 hit=0 miss=0 L3 hit=0 miss=0 backing=0 alloc0=4 alloc1=4 repartitions=0
SMTUCP cycle=96 bench=smt_ucp_balanced policy=0 stream_source=1 tid=0 stream=1 addr=0000002c L1 hit=0 miss=0 L2 hit=0 miss=0 L3 hit=0 miss=0 backing=0 alloc0=4 alloc1=4 repartitions=0
SMTUCP cycle=97 bench=smt_ucp_balanced policy=0 stream_source=1 tid=0 stream=1 addr=0000002c L1 hit=0 miss=0 L2 hit=0 miss=0 L3 hit=0 miss=0 backing=0 alloc0=4 alloc1=4 repartitions=0
SMTUCP cycle=98 bench=smt_ucp_balanced policy=0 stream_source=1 tid=1 stream=1 addr=00000020 L1 hit=0 miss=1 L2 hit=0 miss=0 L3 hit=0 miss=0 backing=0 alloc0=4 alloc1=4 repartitions=0
SMTUCP cycle=99 bench=smt_ucp_balanced policy=0 stream_source=1 tid=1 stream=1 addr=00000020 L1 hit=0 miss=0 L2 hit=0 miss=1 L3 hit=1 miss=0 backing=0 alloc0=4 alloc1=4 repartitions=0
SMTUCP cycle=100 bench=smt_ucp_balanced policy=0 stream_source=1 tid=1 stream=1 addr=00000020 L1 hit=0 miss=0 L2 hit=0 miss=0 L3 hit=0 miss=0 backing=0 alloc0=4 alloc1=4 repartitions=0
SMTUCP cycle=101 bench=smt_ucp_balanced policy=0 stream_source=1 tid=1 stream=1 addr=00000020 L1 hit=0 miss=0 L2 hit=0 miss=0 L3 hit=0 miss=0 backing=0 alloc0=4 alloc1=4 repartitions=0
SMTUCP cycle=102 bench=smt_ucp_balanced policy=0 stream_source=1 tid=1 stream=1 addr=00000020 L1 hit=0 miss=0 L2 hit=0 miss=0 L3 hit=0 miss=0 backing=0 alloc0=4 alloc1=4 repartitions=0
SMTUCP cycle=103 bench=smt_ucp_balanced policy=0 stream_source=1 tid=0 stream=0 addr=00000004 L1 hit=0 miss=1 L2 hit=0 miss=0 L3 hit=0 miss=0 backing=0 alloc0=4 alloc1=4 repartitions=0
SMTUCP cycle=104 bench=smt_ucp_balanced policy=0 stream_source=1 tid=0 stream=0 addr=00000004 L1 hit=0 miss=0 L2 hit=0 miss=1 L3 hit=1 miss=0 backing=0 alloc0=4 alloc1=4 repartitions=0
SMTUCP cycle=105 bench=smt_ucp_balanced policy=0 stream_source=1 tid=0 stream=0 addr=00000004 L1 hit=0 miss=0 L2 hit=0 miss=0 L3 hit=0 miss=0 backing=0 alloc0=4 alloc1=4 repartitions=0
SMTUCP cycle=106 bench=smt_ucp_balanced policy=0 stream_source=1 tid=0 stream=0 addr=00000004 L1 hit=0 miss=0 L2 hit=0 miss=0 L3 hit=0 miss=0 backing=0 alloc0=4 alloc1=4 repartitions=0
SMTUCP cycle=107 bench=smt_ucp_balanced policy=0 stream_source=1 tid=0 stream=0 addr=00000004 L1 hit=0 miss=0 L2 hit=0 miss=0 L3 hit=0 miss=0 backing=0 alloc0=4 alloc1=4 repartitions=0
SMTUCP cycle=108 bench=smt_ucp_balanced policy=0 stream_source=1 tid=1 stream=1 addr=00000024 L1 hit=x miss=x L2 hit=0 miss=0 L3 hit=0 miss=0 backing=0 alloc0=4 alloc1=4 repartitions=0
SMTUCP cycle=109 bench=smt_ucp_balanced policy=0 stream_source=1 tid=0 stream=1 addr=00000024 L1 hit=0 miss=0 L2 hit=0 miss=1 L3 hit=1 miss=0 backing=0 alloc0=4 alloc1=4 repartitions=0
SMTUCP cycle=110 bench=smt_ucp_balanced policy=0 stream_source=1 tid=0 stream=1 addr=00000024 L1 hit=0 miss=0 L2 hit=0 miss=0 L3 hit=0 miss=0 backing=0 alloc0=4 alloc1=4 repartitions=0
SMTUCP cycle=111 bench=smt_ucp_balanced policy=0 stream_source=1 tid=0 stream=1 addr=00000024 L1 hit=0 miss=0 L2 hit=0 miss=0 L3 hit=0 miss=0 backing=0 alloc0=4 alloc1=4 repartitions=0
SMTUCP cycle=112 bench=smt_ucp_balanced policy=0 stream_source=1 tid=0 stream=1 addr=00000024 L1 hit=0 miss=0 L2 hit=0 miss=0 L3 hit=0 miss=0 backing=0 alloc0=4 alloc1=4 repartitions=0
SMTUCP cycle=113 bench=smt_ucp_balanced policy=0 stream_source=1 tid=1 stream=1 addr=00000028 L1 hit=0 miss=1 L2 hit=0 miss=0 L3 hit=0 miss=0 backing=0 alloc0=4 alloc1=4 repartitions=0
SMTUCP cycle=114 bench=smt_ucp_balanced policy=0 stream_source=1 tid=1 stream=1 addr=00000028 L1 hit=0 miss=0 L2 hit=0 miss=1 L3 hit=1 miss=0 backing=0 alloc0=4 alloc1=4 repartitions=0
SMTUCP cycle=115 bench=smt_ucp_balanced policy=0 stream_source=1 tid=1 stream=1 addr=00000028 L1 hit=0 miss=0 L2 hit=0 miss=0 L3 hit=0 miss=0 backing=0 alloc0=4 alloc1=4 repartitions=0
SMTUCP cycle=116 bench=smt_ucp_balanced policy=0 stream_source=1 tid=1 stream=1 addr=00000028 L1 hit=0 miss=0 L2 hit=0 miss=0 L3 hit=0 miss=0 backing=0 alloc0=4 alloc1=4 repartitions=0
SMTUCP cycle=117 bench=smt_ucp_balanced policy=0 stream_source=1 tid=1 stream=1 addr=00000028 L1 hit=0 miss=0 L2 hit=0 miss=0 L3 hit=0 miss=0 backing=0 alloc0=4 alloc1=4 repartitions=0
SMTUCP cycle=118 bench=smt_ucp_balanced policy=0 stream_source=1 tid=0 stream=0 addr=0000000c L1 hit=0 miss=1 L2 hit=0 miss=0 L3 hit=0 miss=0 backing=0 alloc0=4 alloc1=4 repartitions=0
SMTUCP cycle=119 bench=smt_ucp_balanced policy=0 stream_source=1 tid=0 stream=0 addr=0000000c L1 hit=0 miss=0 L2 hit=0 miss=1 L3 hit=1 miss=0 backing=0 alloc0=4 alloc1=4 repartitions=0
SMTUCP cycle=120 bench=smt_ucp_balanced policy=0 stream_source=1 tid=0 stream=0 addr=0000000c L1 hit=0 miss=0 L2 hit=0 miss=0 L3 hit=0 miss=0 backing=0 alloc0=4 alloc1=4 repartitions=0
SMTUCP cycle=121 bench=smt_ucp_balanced policy=0 stream_source=1 tid=0 stream=0 addr=0000000c L1 hit=0 miss=0 L2 hit=0 miss=0 L3 hit=0 miss=0 backing=0 alloc0=4 alloc1=4 repartitions=0
SMTUCP cycle=122 bench=smt_ucp_balanced policy=0 stream_source=1 tid=0 stream=0 addr=0000000c L1 hit=0 miss=0 L2 hit=0 miss=0 L3 hit=0 miss=0 backing=0 alloc0=4 alloc1=4 repartitions=0
SMTUCP cycle=123 bench=smt_ucp_balanced policy=0 stream_source=1 tid=1 stream=1 addr=0000002c L1 hit=x miss=x L2 hit=0 miss=0 L3 hit=0 miss=0 backing=0 alloc0=4 alloc1=4 repartitions=0
SMTUCP cycle=124 bench=smt_ucp_balanced policy=0 stream_source=1 tid=0 stream=1 addr=0000002c L1 hit=0 miss=0 L2 hit=0 miss=1 L3 hit=1 miss=0 backing=0 alloc0=4 alloc1=4 repartitions=0
SMTUCP cycle=125 bench=smt_ucp_balanced policy=0 stream_source=1 tid=0 stream=1 addr=0000002c L1 hit=0 miss=0 L2 hit=0 miss=0 L3 hit=0 miss=0 backing=0 alloc0=4 alloc1=4 repartitions=0
SMTUCP cycle=126 bench=smt_ucp_balanced policy=0 stream_source=1 tid=0 stream=1 addr=0000002c L1 hit=0 miss=0 L2 hit=0 miss=0 L3 hit=0 miss=0 backing=0 alloc0=4 alloc1=4 repartitions=0
SMTUCP cycle=127 bench=smt_ucp_balanced policy=0 stream_source=1 tid=0 stream=1 addr=0000002c L1 hit=0 miss=0 L2 hit=0 miss=0 L3 hit=0 miss=0 backing=0 alloc0=4 alloc1=4 repartitions=0
SMTUCP cycle=7 bench=smt_ucp_hot_stream policy=1 stream_source=1 tid=0 stream=0 addr=00000000 L1 hit=0 miss=1 L2 hit=0 miss=0 L3 hit=0 miss=0 backing=0 alloc0=6 alloc1=2 repartitions=0
SMTUCP cycle=8 bench=smt_ucp_hot_stream policy=1 stream_source=1 tid=0 stream=0 addr=00000000 L1 hit=0 miss=0 L2 hit=0 miss=1 L3 hit=0 miss=1 backing=1 alloc0=6 alloc1=2 repartitions=0
SMTUCP cycle=9 bench=smt_ucp_hot_stream policy=1 stream_source=1 tid=0 stream=0 addr=00000000 L1 hit=0 miss=0 L2 hit=0 miss=0 L3 hit=0 miss=0 backing=0 alloc0=6 alloc1=2 repartitions=0
SMTUCP cycle=10 bench=smt_ucp_hot_stream policy=1 stream_source=1 tid=0 stream=0 addr=00000000 L1 hit=0 miss=0 L2 hit=0 miss=0 L3 hit=0 miss=0 backing=0 alloc0=6 alloc1=2 repartitions=0
SMTUCP cycle=11 bench=smt_ucp_hot_stream policy=1 stream_source=1 tid=0 stream=0 addr=00000000 L1 hit=0 miss=0 L2 hit=0 miss=0 L3 hit=0 miss=0 backing=0 alloc0=6 alloc1=2 repartitions=0
SMTUCP cycle=12 bench=smt_ucp_hot_stream policy=1 stream_source=1 tid=0 stream=0 addr=00000000 L1 hit=0 miss=0 L2 hit=0 miss=0 L3 hit=0 miss=0 backing=0 alloc0=6 alloc1=2 repartitions=0
SMTUCP cycle=13 bench=smt_ucp_hot_stream policy=1 stream_source=1 tid=0 stream=0 addr=00000000 L1 hit=0 miss=0 L2 hit=0 miss=0 L3 hit=0 miss=0 backing=0 alloc0=6 alloc1=2 repartitions=0
SMTUCP cycle=14 bench=smt_ucp_hot_stream policy=1 stream_source=1 tid=0 stream=0 addr=00000000 L1 hit=0 miss=0 L2 hit=0 miss=0 L3 hit=0 miss=0 backing=0 alloc0=6 alloc1=2 repartitions=0
SMTUCP cycle=15 bench=smt_ucp_hot_stream policy=1 stream_source=1 tid=0 stream=0 addr=00000000 L1 hit=0 miss=0 L2 hit=0 miss=0 L3 hit=0 miss=0 backing=0 alloc0=6 alloc1=2 repartitions=0
SMTUCP cycle=16 bench=smt_ucp_hot_stream policy=1 stream_source=1 tid=0 stream=0 addr=00000000 L1 hit=0 miss=0 L2 hit=0 miss=0 L3 hit=0 miss=0 backing=0 alloc0=6 alloc1=2 repartitions=0
SMTUCP cycle=17 bench=smt_ucp_hot_stream policy=1 stream_source=1 tid=0 stream=0 addr=00000000 L1 hit=0 miss=0 L2 hit=0 miss=0 L3 hit=0 miss=0 backing=0 alloc0=6 alloc1=2 repartitions=0
SMTUCP cycle=18 bench=smt_ucp_hot_stream policy=1 stream_source=1 tid=0 stream=0 addr=00000000 L1 hit=0 miss=0 L2 hit=0 miss=0 L3 hit=0 miss=0 backing=0 alloc0=6 alloc1=2 repartitions=0
SMTUCP cycle=19 bench=smt_ucp_hot_stream policy=1 stream_source=1 tid=0 stream=0 addr=00000000 L1 hit=0 miss=0 L2 hit=0 miss=0 L3 hit=0 miss=0 backing=0 alloc0=6 alloc1=2 repartitions=0
SMTUCP cycle=20 bench=smt_ucp_hot_stream policy=1 stream_source=1 tid=1 stream=1 addr=00000020 L1 hit=0 miss=1 L2 hit=0 miss=0 L3 hit=0 miss=0 backing=0 alloc0=6 alloc1=2 repartitions=0
SMTUCP cycle=21 bench=smt_ucp_hot_stream policy=1 stream_source=1 tid=1 stream=1 addr=00000020 L1 hit=0 miss=0 L2 hit=0 miss=1 L3 hit=0 miss=1 backing=1 alloc0=6 alloc1=2 repartitions=0
SMTUCP cycle=22 bench=smt_ucp_hot_stream policy=1 stream_source=1 tid=1 stream=1 addr=00000020 L1 hit=0 miss=0 L2 hit=0 miss=0 L3 hit=0 miss=0 backing=0 alloc0=6 alloc1=2 repartitions=0
SMTUCP cycle=23 bench=smt_ucp_hot_stream policy=1 stream_source=1 tid=1 stream=1 addr=00000020 L1 hit=0 miss=0 L2 hit=0 miss=0 L3 hit=0 miss=0 backing=0 alloc0=6 alloc1=2 repartitions=0
SMTUCP cycle=24 bench=smt_ucp_hot_stream policy=1 stream_source=1 tid=1 stream=1 addr=00000020 L1 hit=0 miss=0 L2 hit=0 miss=0 L3 hit=0 miss=0 backing=0 alloc0=6 alloc1=2 repartitions=0
SMTUCP cycle=25 bench=smt_ucp_hot_stream policy=1 stream_source=1 tid=1 stream=1 addr=00000020 L1 hit=0 miss=0 L2 hit=0 miss=0 L3 hit=0 miss=0 backing=0 alloc0=6 alloc1=2 repartitions=0
SMTUCP cycle=26 bench=smt_ucp_hot_stream policy=1 stream_source=1 tid=1 stream=1 addr=00000020 L1 hit=0 miss=0 L2 hit=0 miss=0 L3 hit=0 miss=0 backing=0 alloc0=6 alloc1=2 repartitions=0
SMTUCP cycle=27 bench=smt_ucp_hot_stream policy=1 stream_source=1 tid=1 stream=1 addr=00000020 L1 hit=0 miss=0 L2 hit=0 miss=0 L3 hit=0 miss=0 backing=0 alloc0=6 alloc1=2 repartitions=0
SMTUCP cycle=28 bench=smt_ucp_hot_stream policy=1 stream_source=1 tid=1 stream=1 addr=00000020 L1 hit=0 miss=0 L2 hit=0 miss=0 L3 hit=0 miss=0 backing=0 alloc0=6 alloc1=2 repartitions=0
SMTUCP cycle=29 bench=smt_ucp_hot_stream policy=1 stream_source=1 tid=1 stream=1 addr=00000020 L1 hit=0 miss=0 L2 hit=0 miss=0 L3 hit=0 miss=0 backing=0 alloc0=6 alloc1=2 repartitions=0
SMTUCP cycle=30 bench=smt_ucp_hot_stream policy=1 stream_source=1 tid=1 stream=1 addr=00000020 L1 hit=0 miss=0 L2 hit=0 miss=0 L3 hit=0 miss=0 backing=0 alloc0=6 alloc1=2 repartitions=0
SMTUCP cycle=31 bench=smt_ucp_hot_stream policy=1 stream_source=1 tid=1 stream=1 addr=00000020 L1 hit=0 miss=0 L2 hit=0 miss=0 L3 hit=0 miss=0 backing=0 alloc0=6 alloc1=2 repartitions=0
SMTUCP cycle=32 bench=smt_ucp_hot_stream policy=1 stream_source=1 tid=1 stream=1 addr=00000020 L1 hit=0 miss=0 L2 hit=0 miss=0 L3 hit=0 miss=0 backing=0 alloc0=6 alloc1=2 repartitions=0
SMTUCP cycle=33 bench=smt_ucp_hot_stream policy=1 stream_source=1 tid=0 stream=0 addr=00000008 L1 hit=0 miss=1 L2 hit=0 miss=0 L3 hit=0 miss=0 backing=0 alloc0=6 alloc1=2 repartitions=0
SMTUCP cycle=34 bench=smt_ucp_hot_stream policy=1 stream_source=1 tid=0 stream=0 addr=00000008 L1 hit=0 miss=0 L2 hit=0 miss=1 L3 hit=0 miss=1 backing=1 alloc0=6 alloc1=2 repartitions=0
SMTUCP cycle=35 bench=smt_ucp_hot_stream policy=1 stream_source=1 tid=0 stream=0 addr=00000008 L1 hit=0 miss=0 L2 hit=0 miss=0 L3 hit=0 miss=0 backing=0 alloc0=6 alloc1=2 repartitions=0
SMTUCP cycle=36 bench=smt_ucp_hot_stream policy=1 stream_source=1 tid=0 stream=0 addr=00000008 L1 hit=0 miss=0 L2 hit=0 miss=0 L3 hit=0 miss=0 backing=0 alloc0=6 alloc1=2 repartitions=0
SMTUCP cycle=37 bench=smt_ucp_hot_stream policy=1 stream_source=1 tid=0 stream=0 addr=00000008 L1 hit=0 miss=0 L2 hit=0 miss=0 L3 hit=0 miss=0 backing=0 alloc0=6 alloc1=2 repartitions=0
SMTUCP cycle=38 bench=smt_ucp_hot_stream policy=1 stream_source=1 tid=0 stream=0 addr=00000008 L1 hit=0 miss=0 L2 hit=0 miss=0 L3 hit=0 miss=0 backing=0 alloc0=6 alloc1=2 repartitions=0
SMTUCP cycle=39 bench=smt_ucp_hot_stream policy=1 stream_source=1 tid=0 stream=0 addr=00000008 L1 hit=0 miss=0 L2 hit=0 miss=0 L3 hit=0 miss=0 backing=0 alloc0=6 alloc1=2 repartitions=0
SMTUCP cycle=40 bench=smt_ucp_hot_stream policy=1 stream_source=1 tid=0 stream=0 addr=00000008 L1 hit=0 miss=0 L2 hit=0 miss=0 L3 hit=0 miss=0 backing=0 alloc0=6 alloc1=2 repartitions=0
SMTUCP cycle=41 bench=smt_ucp_hot_stream policy=1 stream_source=1 tid=0 stream=0 addr=00000008 L1 hit=0 miss=0 L2 hit=0 miss=0 L3 hit=0 miss=0 backing=0 alloc0=6 alloc1=2 repartitions=0
SMTUCP cycle=42 bench=smt_ucp_hot_stream policy=1 stream_source=1 tid=0 stream=0 addr=00000008 L1 hit=0 miss=0 L2 hit=0 miss=0 L3 hit=0 miss=0 backing=0 alloc0=6 alloc1=2 repartitions=0
SMTUCP cycle=43 bench=smt_ucp_hot_stream policy=1 stream_source=1 tid=0 stream=0 addr=00000008 L1 hit=0 miss=0 L2 hit=0 miss=0 L3 hit=0 miss=0 backing=0 alloc0=6 alloc1=2 repartitions=0
SMTUCP cycle=44 bench=smt_ucp_hot_stream policy=1 stream_source=1 tid=0 stream=0 addr=00000008 L1 hit=0 miss=0 L2 hit=0 miss=0 L3 hit=0 miss=0 backing=0 alloc0=6 alloc1=2 repartitions=0
SMTUCP cycle=45 bench=smt_ucp_hot_stream policy=1 stream_source=1 tid=0 stream=0 addr=00000008 L1 hit=0 miss=0 L2 hit=0 miss=0 L3 hit=0 miss=0 backing=0 alloc0=6 alloc1=2 repartitions=0
SMTUCP cycle=46 bench=smt_ucp_hot_stream policy=1 stream_source=1 tid=1 stream=1 addr=00000024 L1 hit=x miss=x L2 hit=0 miss=0 L3 hit=0 miss=0 backing=0 alloc0=6 alloc1=2 repartitions=0
SMTUCP cycle=47 bench=smt_ucp_hot_stream policy=1 stream_source=1 tid=0 stream=1 addr=00000024 L1 hit=0 miss=0 L2 hit=0 miss=1 L3 hit=0 miss=1 backing=1 alloc0=6 alloc1=2 repartitions=0
SMTUCP cycle=48 bench=smt_ucp_hot_stream policy=1 stream_source=1 tid=0 stream=1 addr=00000024 L1 hit=0 miss=0 L2 hit=0 miss=0 L3 hit=0 miss=0 backing=0 alloc0=6 alloc1=2 repartitions=0
SMTUCP cycle=49 bench=smt_ucp_hot_stream policy=1 stream_source=1 tid=0 stream=1 addr=00000024 L1 hit=0 miss=0 L2 hit=0 miss=0 L3 hit=0 miss=0 backing=0 alloc0=6 alloc1=2 repartitions=0
SMTUCP cycle=50 bench=smt_ucp_hot_stream policy=1 stream_source=1 tid=0 stream=1 addr=00000024 L1 hit=0 miss=0 L2 hit=0 miss=0 L3 hit=0 miss=0 backing=0 alloc0=6 alloc1=2 repartitions=0
SMTUCP cycle=51 bench=smt_ucp_hot_stream policy=1 stream_source=1 tid=0 stream=1 addr=00000024 L1 hit=0 miss=0 L2 hit=0 miss=0 L3 hit=0 miss=0 backing=0 alloc0=6 alloc1=2 repartitions=0
SMTUCP cycle=52 bench=smt_ucp_hot_stream policy=1 stream_source=1 tid=0 stream=1 addr=00000024 L1 hit=0 miss=0 L2 hit=0 miss=0 L3 hit=0 miss=0 backing=0 alloc0=6 alloc1=2 repartitions=0
SMTUCP cycle=53 bench=smt_ucp_hot_stream policy=1 stream_source=1 tid=0 stream=1 addr=00000024 L1 hit=0 miss=0 L2 hit=0 miss=0 L3 hit=0 miss=0 backing=0 alloc0=6 alloc1=2 repartitions=0
SMTUCP cycle=54 bench=smt_ucp_hot_stream policy=1 stream_source=1 tid=0 stream=1 addr=00000024 L1 hit=0 miss=0 L2 hit=0 miss=0 L3 hit=0 miss=0 backing=0 alloc0=6 alloc1=2 repartitions=0
SMTUCP cycle=55 bench=smt_ucp_hot_stream policy=1 stream_source=1 tid=0 stream=1 addr=00000024 L1 hit=0 miss=0 L2 hit=0 miss=0 L3 hit=0 miss=0 backing=0 alloc0=6 alloc1=2 repartitions=0
SMTUCP cycle=56 bench=smt_ucp_hot_stream policy=1 stream_source=1 tid=0 stream=1 addr=00000024 L1 hit=0 miss=0 L2 hit=0 miss=0 L3 hit=0 miss=0 backing=0 alloc0=6 alloc1=2 repartitions=0
SMTUCP cycle=57 bench=smt_ucp_hot_stream policy=1 stream_source=1 tid=0 stream=1 addr=00000024 L1 hit=0 miss=0 L2 hit=0 miss=0 L3 hit=0 miss=0 backing=0 alloc0=6 alloc1=2 repartitions=0
SMTUCP cycle=58 bench=smt_ucp_hot_stream policy=1 stream_source=1 tid=0 stream=1 addr=00000024 L1 hit=0 miss=0 L2 hit=0 miss=0 L3 hit=0 miss=0 backing=0 alloc0=6 alloc1=2 repartitions=0
SMTUCP cycle=59 bench=smt_ucp_hot_stream policy=1 stream_source=1 tid=1 stream=1 addr=00000028 L1 hit=0 miss=1 L2 hit=0 miss=0 L3 hit=0 miss=0 backing=0 alloc0=6 alloc1=2 repartitions=0
SMTUCP cycle=60 bench=smt_ucp_hot_stream policy=1 stream_source=1 tid=1 stream=1 addr=00000028 L1 hit=0 miss=0 L2 hit=0 miss=1 L3 hit=0 miss=1 backing=1 alloc0=6 alloc1=2 repartitions=0
SMTUCP cycle=61 bench=smt_ucp_hot_stream policy=1 stream_source=1 tid=1 stream=1 addr=00000028 L1 hit=0 miss=0 L2 hit=0 miss=0 L3 hit=0 miss=0 backing=0 alloc0=6 alloc1=2 repartitions=0
SMTUCP cycle=62 bench=smt_ucp_hot_stream policy=1 stream_source=1 tid=1 stream=1 addr=00000028 L1 hit=0 miss=0 L2 hit=0 miss=0 L3 hit=0 miss=0 backing=0 alloc0=6 alloc1=2 repartitions=0
SMTUCP cycle=63 bench=smt_ucp_hot_stream policy=1 stream_source=1 tid=1 stream=1 addr=00000028 L1 hit=0 miss=0 L2 hit=0 miss=0 L3 hit=0 miss=0 backing=0 alloc0=6 alloc1=2 repartitions=0
SMTUCP cycle=64 bench=smt_ucp_hot_stream policy=1 stream_source=1 tid=1 stream=1 addr=00000028 L1 hit=0 miss=0 L2 hit=0 miss=0 L3 hit=0 miss=0 backing=0 alloc0=6 alloc1=2 repartitions=0
SMTUCP cycle=65 bench=smt_ucp_hot_stream policy=1 stream_source=1 tid=1 stream=1 addr=00000028 L1 hit=0 miss=0 L2 hit=0 miss=0 L3 hit=0 miss=0 backing=0 alloc0=6 alloc1=2 repartitions=0
SMTUCP cycle=66 bench=smt_ucp_hot_stream policy=1 stream_source=1 tid=1 stream=1 addr=00000028 L1 hit=0 miss=0 L2 hit=0 miss=0 L3 hit=0 miss=0 backing=0 alloc0=6 alloc1=2 repartitions=0
SMTUCP cycle=67 bench=smt_ucp_hot_stream policy=1 stream_source=1 tid=1 stream=1 addr=00000028 L1 hit=0 miss=0 L2 hit=0 miss=0 L3 hit=0 miss=0 backing=0 alloc0=6 alloc1=2 repartitions=0
SMTUCP cycle=68 bench=smt_ucp_hot_stream policy=1 stream_source=1 tid=1 stream=1 addr=00000028 L1 hit=0 miss=0 L2 hit=0 miss=0 L3 hit=0 miss=0 backing=0 alloc0=6 alloc1=2 repartitions=0
SMTUCP cycle=69 bench=smt_ucp_hot_stream policy=1 stream_source=1 tid=1 stream=1 addr=00000028 L1 hit=0 miss=0 L2 hit=0 miss=0 L3 hit=0 miss=0 backing=0 alloc0=6 alloc1=2 repartitions=0
SMTUCP cycle=70 bench=smt_ucp_hot_stream policy=1 stream_source=1 tid=1 stream=1 addr=00000028 L1 hit=0 miss=0 L2 hit=0 miss=0 L3 hit=0 miss=0 backing=0 alloc0=6 alloc1=2 repartitions=0
SMTUCP cycle=71 bench=smt_ucp_hot_stream policy=1 stream_source=1 tid=1 stream=1 addr=00000028 L1 hit=0 miss=0 L2 hit=0 miss=0 L3 hit=0 miss=0 backing=0 alloc0=6 alloc1=2 repartitions=0
SMTUCP cycle=72 bench=smt_ucp_hot_stream policy=1 stream_source=1 tid=0 stream=0 addr=00000008 L1 hit=1 miss=0 L2 hit=0 miss=0 L3 hit=0 miss=0 backing=0 alloc0=6 alloc1=2 repartitions=0
SMTUCP cycle=73 bench=smt_ucp_hot_stream policy=1 stream_source=1 tid=1 stream=1 addr=0000002c L1 hit=x miss=x L2 hit=0 miss=0 L3 hit=0 miss=0 backing=0 alloc0=6 alloc1=2 repartitions=0
SMTUCP cycle=74 bench=smt_ucp_hot_stream policy=1 stream_source=1 tid=0 stream=1 addr=0000002c L1 hit=0 miss=0 L2 hit=0 miss=1 L3 hit=0 miss=1 backing=1 alloc0=6 alloc1=2 repartitions=0
SMTUCP cycle=75 bench=smt_ucp_hot_stream policy=1 stream_source=1 tid=0 stream=1 addr=0000002c L1 hit=0 miss=0 L2 hit=0 miss=0 L3 hit=0 miss=0 backing=0 alloc0=6 alloc1=2 repartitions=0
SMTUCP cycle=76 bench=smt_ucp_hot_stream policy=1 stream_source=1 tid=0 stream=1 addr=0000002c L1 hit=0 miss=0 L2 hit=0 miss=0 L3 hit=0 miss=0 backing=0 alloc0=6 alloc1=2 repartitions=0
SMTUCP cycle=77 bench=smt_ucp_hot_stream policy=1 stream_source=1 tid=0 stream=1 addr=0000002c L1 hit=0 miss=0 L2 hit=0 miss=0 L3 hit=0 miss=0 backing=0 alloc0=6 alloc1=2 repartitions=0
SMTUCP cycle=78 bench=smt_ucp_hot_stream policy=1 stream_source=1 tid=0 stream=1 addr=0000002c L1 hit=0 miss=0 L2 hit=0 miss=0 L3 hit=0 miss=0 backing=0 alloc0=6 alloc1=2 repartitions=0
SMTUCP cycle=79 bench=smt_ucp_hot_stream policy=1 stream_source=1 tid=0 stream=1 addr=0000002c L1 hit=0 miss=0 L2 hit=0 miss=0 L3 hit=0 miss=0 backing=0 alloc0=6 alloc1=2 repartitions=0
SMTUCP cycle=80 bench=smt_ucp_hot_stream policy=1 stream_source=1 tid=0 stream=1 addr=0000002c L1 hit=0 miss=0 L2 hit=0 miss=0 L3 hit=0 miss=0 backing=0 alloc0=6 alloc1=2 repartitions=0
SMTUCP cycle=81 bench=smt_ucp_hot_stream policy=1 stream_source=1 tid=0 stream=1 addr=0000002c L1 hit=0 miss=0 L2 hit=0 miss=0 L3 hit=0 miss=0 backing=0 alloc0=6 alloc1=2 repartitions=0
SMTUCP cycle=82 bench=smt_ucp_hot_stream policy=1 stream_source=1 tid=0 stream=1 addr=0000002c L1 hit=0 miss=0 L2 hit=0 miss=0 L3 hit=0 miss=0 backing=0 alloc0=6 alloc1=2 repartitions=0
SMTUCP cycle=83 bench=smt_ucp_hot_stream policy=1 stream_source=1 tid=0 stream=1 addr=0000002c L1 hit=0 miss=0 L2 hit=0 miss=0 L3 hit=0 miss=0 backing=0 alloc0=6 alloc1=2 repartitions=0
SMTUCP cycle=84 bench=smt_ucp_hot_stream policy=1 stream_source=1 tid=0 stream=1 addr=0000002c L1 hit=0 miss=0 L2 hit=0 miss=0 L3 hit=0 miss=0 backing=0 alloc0=6 alloc1=2 repartitions=0
SMTUCP cycle=85 bench=smt_ucp_hot_stream policy=1 stream_source=1 tid=0 stream=1 addr=0000002c L1 hit=0 miss=0 L2 hit=0 miss=0 L3 hit=0 miss=0 backing=0 alloc0=6 alloc1=2 repartitions=0
SMTUCP cycle=86 bench=smt_ucp_hot_stream policy=1 stream_source=1 tid=1 stream=1 addr=00000030 L1 hit=0 miss=1 L2 hit=0 miss=0 L3 hit=0 miss=0 backing=0 alloc0=6 alloc1=2 repartitions=0
SMTUCP cycle=87 bench=smt_ucp_hot_stream policy=1 stream_source=1 tid=1 stream=1 addr=00000030 L1 hit=0 miss=0 L2 hit=0 miss=1 L3 hit=0 miss=1 backing=1 alloc0=6 alloc1=2 repartitions=0
SMTUCP cycle=88 bench=smt_ucp_hot_stream policy=1 stream_source=1 tid=1 stream=1 addr=00000030 L1 hit=0 miss=0 L2 hit=0 miss=0 L3 hit=0 miss=0 backing=0 alloc0=6 alloc1=2 repartitions=0
SMTUCP cycle=89 bench=smt_ucp_hot_stream policy=1 stream_source=1 tid=1 stream=1 addr=00000030 L1 hit=0 miss=0 L2 hit=0 miss=0 L3 hit=0 miss=0 backing=0 alloc0=6 alloc1=2 repartitions=0
SMTUCP cycle=90 bench=smt_ucp_hot_stream policy=1 stream_source=1 tid=1 stream=1 addr=00000030 L1 hit=0 miss=0 L2 hit=0 miss=0 L3 hit=0 miss=0 backing=0 alloc0=6 alloc1=2 repartitions=0
SMTUCP cycle=91 bench=smt_ucp_hot_stream policy=1 stream_source=1 tid=1 stream=1 addr=00000030 L1 hit=0 miss=0 L2 hit=0 miss=0 L3 hit=0 miss=0 backing=0 alloc0=6 alloc1=2 repartitions=0
SMTUCP cycle=92 bench=smt_ucp_hot_stream policy=1 stream_source=1 tid=1 stream=1 addr=00000030 L1 hit=0 miss=0 L2 hit=0 miss=0 L3 hit=0 miss=0 backing=0 alloc0=6 alloc1=2 repartitions=0
SMTUCP cycle=93 bench=smt_ucp_hot_stream policy=1 stream_source=1 tid=1 stream=1 addr=00000030 L1 hit=0 miss=0 L2 hit=0 miss=0 L3 hit=0 miss=0 backing=0 alloc0=6 alloc1=2 repartitions=0
SMTUCP cycle=94 bench=smt_ucp_hot_stream policy=1 stream_source=1 tid=1 stream=1 addr=00000030 L1 hit=0 miss=0 L2 hit=0 miss=0 L3 hit=0 miss=0 backing=0 alloc0=6 alloc1=2 repartitions=0
SMTUCP cycle=95 bench=smt_ucp_hot_stream policy=1 stream_source=1 tid=1 stream=1 addr=00000030 L1 hit=0 miss=0 L2 hit=0 miss=0 L3 hit=0 miss=0 backing=0 alloc0=6 alloc1=2 repartitions=0
SMTUCP cycle=96 bench=smt_ucp_hot_stream policy=1 stream_source=1 tid=1 stream=1 addr=00000030 L1 hit=0 miss=0 L2 hit=0 miss=0 L3 hit=0 miss=0 backing=0 alloc0=6 alloc1=2 repartitions=0
SMTUCP cycle=97 bench=smt_ucp_hot_stream policy=1 stream_source=1 tid=1 stream=1 addr=00000030 L1 hit=0 miss=0 L2 hit=0 miss=0 L3 hit=0 miss=0 backing=0 alloc0=6 alloc1=2 repartitions=0
SMTUCP cycle=98 bench=smt_ucp_hot_stream policy=1 stream_source=1 tid=1 stream=1 addr=00000030 L1 hit=0 miss=0 L2 hit=0 miss=0 L3 hit=0 miss=0 backing=0 alloc0=6 alloc1=2 repartitions=0
SMTUCP cycle=99 bench=smt_ucp_hot_stream policy=1 stream_source=1 tid=0 stream=0 addr=00000008 L1 hit=1 miss=0 L2 hit=0 miss=0 L3 hit=0 miss=0 backing=0 alloc0=6 alloc1=2 repartitions=0
SMTUCP cycle=100 bench=smt_ucp_hot_stream policy=1 stream_source=1 tid=1 stream=1 addr=00000034 L1 hit=x miss=x L2 hit=0 miss=0 L3 hit=0 miss=0 backing=0 alloc0=6 alloc1=2 repartitions=0
SMTUCP cycle=101 bench=smt_ucp_hot_stream policy=1 stream_source=1 tid=0 stream=1 addr=00000034 L1 hit=0 miss=0 L2 hit=0 miss=1 L3 hit=0 miss=1 backing=1 alloc0=6 alloc1=2 repartitions=0
SMTUCP cycle=102 bench=smt_ucp_hot_stream policy=1 stream_source=1 tid=0 stream=1 addr=00000034 L1 hit=0 miss=0 L2 hit=0 miss=0 L3 hit=0 miss=0 backing=0 alloc0=6 alloc1=2 repartitions=0
SMTUCP cycle=103 bench=smt_ucp_hot_stream policy=1 stream_source=1 tid=0 stream=1 addr=00000034 L1 hit=0 miss=0 L2 hit=0 miss=0 L3 hit=0 miss=0 backing=0 alloc0=6 alloc1=2 repartitions=0
SMTUCP cycle=104 bench=smt_ucp_hot_stream policy=1 stream_source=1 tid=0 stream=1 addr=00000034 L1 hit=0 miss=0 L2 hit=0 miss=0 L3 hit=0 miss=0 backing=0 alloc0=6 alloc1=2 repartitions=0
SMTUCP cycle=105 bench=smt_ucp_hot_stream policy=1 stream_source=1 tid=0 stream=1 addr=00000034 L1 hit=0 miss=0 L2 hit=0 miss=0 L3 hit=0 miss=0 backing=0 alloc0=6 alloc1=2 repartitions=0
SMTUCP cycle=106 bench=smt_ucp_hot_stream policy=1 stream_source=1 tid=0 stream=1 addr=00000034 L1 hit=0 miss=0 L2 hit=0 miss=0 L3 hit=0 miss=0 backing=0 alloc0=6 alloc1=2 repartitions=0
SMTUCP cycle=107 bench=smt_ucp_hot_stream policy=1 stream_source=1 tid=0 stream=1 addr=00000034 L1 hit=0 miss=0 L2 hit=0 miss=0 L3 hit=0 miss=0 backing=0 alloc0=6 alloc1=2 repartitions=0
SMTUCP cycle=108 bench=smt_ucp_hot_stream policy=1 stream_source=1 tid=0 stream=1 addr=00000034 L1 hit=0 miss=0 L2 hit=0 miss=0 L3 hit=0 miss=0 backing=0 alloc0=6 alloc1=2 repartitions=0
SMTUCP cycle=109 bench=smt_ucp_hot_stream policy=1 stream_source=1 tid=0 stream=1 addr=00000034 L1 hit=0 miss=0 L2 hit=0 miss=0 L3 hit=0 miss=0 backing=0 alloc0=6 alloc1=2 repartitions=0
SMTUCP cycle=110 bench=smt_ucp_hot_stream policy=1 stream_source=1 tid=0 stream=1 addr=00000034 L1 hit=0 miss=0 L2 hit=0 miss=0 L3 hit=0 miss=0 backing=0 alloc0=6 alloc1=2 repartitions=0
SMTUCP cycle=111 bench=smt_ucp_hot_stream policy=1 stream_source=1 tid=0 stream=1 addr=00000034 L1 hit=0 miss=0 L2 hit=0 miss=0 L3 hit=0 miss=0 backing=0 alloc0=6 alloc1=2 repartitions=0
SMTUCP cycle=112 bench=smt_ucp_hot_stream policy=1 stream_source=1 tid=0 stream=1 addr=00000034 L1 hit=0 miss=0 L2 hit=0 miss=0 L3 hit=0 miss=0 backing=0 alloc0=6 alloc1=2 repartitions=0
SMTUCP cycle=113 bench=smt_ucp_hot_stream policy=1 stream_source=1 tid=1 stream=1 addr=00000038 L1 hit=0 miss=1 L2 hit=0 miss=0 L3 hit=0 miss=0 backing=0 alloc0=6 alloc1=2 repartitions=0
SMTUCP cycle=114 bench=smt_ucp_hot_stream policy=1 stream_source=1 tid=1 stream=1 addr=00000038 L1 hit=0 miss=0 L2 hit=0 miss=1 L3 hit=0 miss=1 backing=1 alloc0=6 alloc1=2 repartitions=0
SMTUCP cycle=115 bench=smt_ucp_hot_stream policy=1 stream_source=1 tid=1 stream=1 addr=00000038 L1 hit=0 miss=0 L2 hit=0 miss=0 L3 hit=0 miss=0 backing=0 alloc0=6 alloc1=2 repartitions=0
SMTUCP cycle=116 bench=smt_ucp_hot_stream policy=1 stream_source=1 tid=1 stream=1 addr=00000038 L1 hit=0 miss=0 L2 hit=0 miss=0 L3 hit=0 miss=0 backing=0 alloc0=6 alloc1=2 repartitions=0
SMTUCP cycle=117 bench=smt_ucp_hot_stream policy=1 stream_source=1 tid=1 stream=1 addr=00000038 L1 hit=0 miss=0 L2 hit=0 miss=0 L3 hit=0 miss=0 backing=0 alloc0=6 alloc1=2 repartitions=0
SMTUCP cycle=118 bench=smt_ucp_hot_stream policy=1 stream_source=1 tid=1 stream=1 addr=00000038 L1 hit=0 miss=0 L2 hit=0 miss=0 L3 hit=0 miss=0 backing=0 alloc0=6 alloc1=2 repartitions=0
SMTUCP cycle=119 bench=smt_ucp_hot_stream policy=1 stream_source=1 tid=1 stream=1 addr=00000038 L1 hit=0 miss=0 L2 hit=0 miss=0 L3 hit=0 miss=0 backing=0 alloc0=6 alloc1=2 repartitions=0
SMTUCP cycle=120 bench=smt_ucp_hot_stream policy=1 stream_source=1 tid=1 stream=1 addr=00000038 L1 hit=0 miss=0 L2 hit=0 miss=0 L3 hit=0 miss=0 backing=0 alloc0=6 alloc1=2 repartitions=0
SMTUCP cycle=121 bench=smt_ucp_hot_stream policy=1 stream_source=1 tid=1 stream=1 addr=00000038 L1 hit=0 miss=0 L2 hit=0 miss=0 L3 hit=0 miss=0 backing=0 alloc0=6 alloc1=2 repartitions=0
SMTUCP cycle=122 bench=smt_ucp_hot_stream policy=1 stream_source=1 tid=1 stream=1 addr=00000038 L1 hit=0 miss=0 L2 hit=0 miss=0 L3 hit=0 miss=0 backing=0 alloc0=6 alloc1=2 repartitions=0
SMTUCP cycle=123 bench=smt_ucp_hot_stream policy=1 stream_source=1 tid=1 stream=1 addr=00000038 L1 hit=0 miss=0 L2 hit=0 miss=0 L3 hit=0 miss=0 backing=0 alloc0=6 alloc1=2 repartitions=0
SMTUCP cycle=124 bench=smt_ucp_hot_stream policy=1 stream_source=1 tid=1 stream=1 addr=00000038 L1 hit=0 miss=0 L2 hit=0 miss=0 L3 hit=0 miss=0 backing=0 alloc0=6 alloc1=2 repartitions=0
SMTUCP cycle=125 bench=smt_ucp_hot_stream policy=1 stream_source=1 tid=1 stream=1 addr=00000038 L1 hit=0 miss=0 L2 hit=0 miss=0 L3 hit=0 miss=0 backing=0 alloc0=6 alloc1=2 repartitions=0
SMTUCP cycle=126 bench=smt_ucp_hot_stream policy=1 stream_source=1 tid=0 stream=0 addr=00000008 L1 hit=1 miss=0 L2 hit=0 miss=0 L3 hit=0 miss=0 backing=0 alloc0=6 alloc1=2 repartitions=0
SMTUCP cycle=127 bench=smt_ucp_hot_stream policy=1 stream_source=1 tid=1 stream=1 addr=0000003c L1 hit=x miss=x L2 hit=0 miss=0 L3 hit=0 miss=0 backing=0 alloc0=6 alloc1=2 repartitions=0
SMTUCP cycle=128 bench=smt_ucp_hot_stream policy=1 stream_source=1 tid=0 stream=1 addr=0000003c L1 hit=0 miss=0 L2 hit=0 miss=1 L3 hit=0 miss=1 backing=1 alloc0=6 alloc1=2 repartitions=0
SMTUCP cycle=129 bench=smt_ucp_hot_stream policy=1 stream_source=1 tid=0 stream=1 addr=0000003c L1 hit=0 miss=0 L2 hit=0 miss=0 L3 hit=0 miss=0 backing=0 alloc0=6 alloc1=2 repartitions=0
SMTUCP cycle=130 bench=smt_ucp_hot_stream policy=1 stream_source=1 tid=0 stream=1 addr=0000003c L1 hit=0 miss=0 L2 hit=0 miss=0 L3 hit=0 miss=0 backing=0 alloc0=6 alloc1=2 repartitions=0
SMTUCP cycle=131 bench=smt_ucp_hot_stream policy=1 stream_source=1 tid=0 stream=1 addr=0000003c L1 hit=0 miss=0 L2 hit=0 miss=0 L3 hit=0 miss=0 backing=0 alloc0=6 alloc1=2 repartitions=0
SMTUCP cycle=132 bench=smt_ucp_hot_stream policy=1 stream_source=1 tid=0 stream=1 addr=0000003c L1 hit=0 miss=0 L2 hit=0 miss=0 L3 hit=0 miss=0 backing=0 alloc0=6 alloc1=2 repartitions=0
SMTUCP cycle=133 bench=smt_ucp_hot_stream policy=1 stream_source=1 tid=0 stream=1 addr=0000003c L1 hit=0 miss=0 L2 hit=0 miss=0 L3 hit=0 miss=0 backing=0 alloc0=6 alloc1=2 repartitions=0
SMTUCP cycle=134 bench=smt_ucp_hot_stream policy=1 stream_source=1 tid=0 stream=1 addr=0000003c L1 hit=0 miss=0 L2 hit=0 miss=0 L3 hit=0 miss=0 backing=0 alloc0=6 alloc1=2 repartitions=0
SMTUCP cycle=135 bench=smt_ucp_hot_stream policy=1 stream_source=1 tid=0 stream=1 addr=0000003c L1 hit=0 miss=0 L2 hit=0 miss=0 L3 hit=0 miss=0 backing=0 alloc0=6 alloc1=2 repartitions=0
SMTUCP cycle=136 bench=smt_ucp_hot_stream policy=1 stream_source=1 tid=0 stream=1 addr=0000003c L1 hit=0 miss=0 L2 hit=0 miss=0 L3 hit=0 miss=0 backing=0 alloc0=6 alloc1=2 repartitions=0
SMTUCP cycle=137 bench=smt_ucp_hot_stream policy=1 stream_source=1 tid=0 stream=1 addr=0000003c L1 hit=0 miss=0 L2 hit=0 miss=0 L3 hit=0 miss=0 backing=0 alloc0=6 alloc1=2 repartitions=0
SMTUCP cycle=138 bench=smt_ucp_hot_stream policy=1 stream_source=1 tid=0 stream=1 addr=0000003c L1 hit=0 miss=0 L2 hit=0 miss=0 L3 hit=0 miss=0 backing=0 alloc0=6 alloc1=2 repartitions=0
SMTUCP cycle=139 bench=smt_ucp_hot_stream policy=1 stream_source=1 tid=0 stream=1 addr=0000003c L1 hit=0 miss=0 L2 hit=0 miss=0 L3 hit=0 miss=0 backing=0 alloc0=6 alloc1=2 repartitions=0
SMTUCP cycle=140 bench=smt_ucp_hot_stream policy=1 stream_source=1 tid=1 stream=1 addr=00000040 L1 hit=0 miss=1 L2 hit=0 miss=0 L3 hit=0 miss=0 backing=0 alloc0=6 alloc1=2 repartitions=0
SMTUCP cycle=141 bench=smt_ucp_hot_stream policy=1 stream_source=1 tid=1 stream=1 addr=00000040 L1 hit=0 miss=0 L2 hit=0 miss=1 L3 hit=0 miss=1 backing=1 alloc0=6 alloc1=2 repartitions=0
SMTUCP cycle=142 bench=smt_ucp_hot_stream policy=1 stream_source=1 tid=1 stream=1 addr=00000040 L1 hit=0 miss=0 L2 hit=0 miss=0 L3 hit=0 miss=0 backing=0 alloc0=6 alloc1=2 repartitions=0
SMTUCP cycle=143 bench=smt_ucp_hot_stream policy=1 stream_source=1 tid=1 stream=1 addr=00000040 L1 hit=0 miss=0 L2 hit=0 miss=0 L3 hit=0 miss=0 backing=0 alloc0=6 alloc1=2 repartitions=0
SMTUCP cycle=144 bench=smt_ucp_hot_stream policy=1 stream_source=1 tid=1 stream=1 addr=00000040 L1 hit=0 miss=0 L2 hit=0 miss=0 L3 hit=0 miss=0 backing=0 alloc0=6 alloc1=2 repartitions=0
SMTUCP cycle=145 bench=smt_ucp_hot_stream policy=1 stream_source=1 tid=1 stream=1 addr=00000040 L1 hit=0 miss=0 L2 hit=0 miss=0 L3 hit=0 miss=0 backing=0 alloc0=6 alloc1=2 repartitions=0
SMTUCP cycle=146 bench=smt_ucp_hot_stream policy=1 stream_source=1 tid=1 stream=1 addr=00000040 L1 hit=0 miss=0 L2 hit=0 miss=0 L3 hit=0 miss=0 backing=0 alloc0=6 alloc1=2 repartitions=0
SMTUCP cycle=147 bench=smt_ucp_hot_stream policy=1 stream_source=1 tid=1 stream=1 addr=00000040 L1 hit=0 miss=0 L2 hit=0 miss=0 L3 hit=0 miss=0 backing=0 alloc0=6 alloc1=2 repartitions=0
SMTUCP cycle=148 bench=smt_ucp_hot_stream policy=1 stream_source=1 tid=1 stream=1 addr=00000040 L1 hit=0 miss=0 L2 hit=0 miss=0 L3 hit=0 miss=0 backing=0 alloc0=6 alloc1=2 repartitions=0
SMTUCP cycle=149 bench=smt_ucp_hot_stream policy=1 stream_source=1 tid=1 stream=1 addr=00000040 L1 hit=0 miss=0 L2 hit=0 miss=0 L3 hit=0 miss=0 backing=0 alloc0=6 alloc1=2 repartitions=0
SMTUCP cycle=150 bench=smt_ucp_hot_stream policy=1 stream_source=1 tid=1 stream=1 addr=00000040 L1 hit=0 miss=0 L2 hit=0 miss=0 L3 hit=0 miss=0 backing=0 alloc0=6 alloc1=2 repartitions=0
SMTUCP cycle=151 bench=smt_ucp_hot_stream policy=1 stream_source=1 tid=1 stream=1 addr=00000040 L1 hit=0 miss=0 L2 hit=0 miss=0 L3 hit=0 miss=0 backing=0 alloc0=6 alloc1=2 repartitions=0
SMTUCP cycle=152 bench=smt_ucp_hot_stream policy=1 stream_source=1 tid=1 stream=1 addr=00000040 L1 hit=0 miss=0 L2 hit=0 miss=0 L3 hit=0 miss=0 backing=0 alloc0=6 alloc1=2 repartitions=0
SMTUCP cycle=153 bench=smt_ucp_hot_stream policy=1 stream_source=1 tid=0 stream=0 addr=00000008 L1 hit=1 miss=0 L2 hit=0 miss=0 L3 hit=0 miss=0 backing=0 alloc0=6 alloc1=2 repartitions=0
SMTUCP cycle=154 bench=smt_ucp_hot_stream policy=1 stream_source=1 tid=1 stream=1 addr=00000044 L1 hit=x miss=x L2 hit=0 miss=0 L3 hit=0 miss=0 backing=0 alloc0=6 alloc1=2 repartitions=0
SMTUCP cycle=155 bench=smt_ucp_hot_stream policy=1 stream_source=1 tid=0 stream=1 addr=00000044 L1 hit=0 miss=0 L2 hit=0 miss=1 L3 hit=0 miss=1 backing=1 alloc0=6 alloc1=2 repartitions=0
SMTUCP cycle=156 bench=smt_ucp_hot_stream policy=1 stream_source=1 tid=0 stream=1 addr=00000044 L1 hit=0 miss=0 L2 hit=0 miss=0 L3 hit=0 miss=0 backing=0 alloc0=6 alloc1=2 repartitions=0
SMTUCP cycle=157 bench=smt_ucp_hot_stream policy=1 stream_source=1 tid=0 stream=1 addr=00000044 L1 hit=0 miss=0 L2 hit=0 miss=0 L3 hit=0 miss=0 backing=0 alloc0=6 alloc1=2 repartitions=0
SMTUCP cycle=158 bench=smt_ucp_hot_stream policy=1 stream_source=1 tid=0 stream=1 addr=00000044 L1 hit=0 miss=0 L2 hit=0 miss=0 L3 hit=0 miss=0 backing=0 alloc0=6 alloc1=2 repartitions=0
SMTUCP cycle=159 bench=smt_ucp_hot_stream policy=1 stream_source=1 tid=0 stream=1 addr=00000044 L1 hit=0 miss=0 L2 hit=0 miss=0 L3 hit=0 miss=0 backing=0 alloc0=6 alloc1=2 repartitions=0
SMTUCP cycle=160 bench=smt_ucp_hot_stream policy=1 stream_source=1 tid=0 stream=1 addr=00000044 L1 hit=0 miss=0 L2 hit=0 miss=0 L3 hit=0 miss=0 backing=0 alloc0=6 alloc1=2 repartitions=0
SMTUCP cycle=161 bench=smt_ucp_hot_stream policy=1 stream_source=1 tid=0 stream=1 addr=00000044 L1 hit=0 miss=0 L2 hit=0 miss=0 L3 hit=0 miss=0 backing=0 alloc0=6 alloc1=2 repartitions=0
SMTUCP cycle=162 bench=smt_ucp_hot_stream policy=1 stream_source=1 tid=0 stream=1 addr=00000044 L1 hit=0 miss=0 L2 hit=0 miss=0 L3 hit=0 miss=0 backing=0 alloc0=6 alloc1=2 repartitions=0
SMTUCP cycle=163 bench=smt_ucp_hot_stream policy=1 stream_source=1 tid=0 stream=1 addr=00000044 L1 hit=0 miss=0 L2 hit=0 miss=0 L3 hit=0 miss=0 backing=0 alloc0=6 alloc1=2 repartitions=0
SMTUCP cycle=164 bench=smt_ucp_hot_stream policy=1 stream_source=1 tid=0 stream=1 addr=00000044 L1 hit=0 miss=0 L2 hit=0 miss=0 L3 hit=0 miss=0 backing=0 alloc0=6 alloc1=2 repartitions=0
SMTUCP cycle=165 bench=smt_ucp_hot_stream policy=1 stream_source=1 tid=0 stream=1 addr=00000044 L1 hit=0 miss=0 L2 hit=0 miss=0 L3 hit=0 miss=0 backing=0 alloc0=6 alloc1=2 repartitions=0
SMTUCP cycle=166 bench=smt_ucp_hot_stream policy=1 stream_source=1 tid=0 stream=1 addr=00000044 L1 hit=0 miss=0 L2 hit=0 miss=0 L3 hit=0 miss=0 backing=0 alloc0=6 alloc1=2 repartitions=0
SMTUCP cycle=167 bench=smt_ucp_hot_stream policy=1 stream_source=1 tid=1 stream=1 addr=00000048 L1 hit=0 miss=1 L2 hit=0 miss=0 L3 hit=0 miss=0 backing=0 alloc0=6 alloc1=2 repartitions=0
SMTUCP cycle=168 bench=smt_ucp_hot_stream policy=1 stream_source=1 tid=1 stream=1 addr=00000048 L1 hit=0 miss=0 L2 hit=0 miss=1 L3 hit=0 miss=1 backing=1 alloc0=6 alloc1=2 repartitions=0
SMTUCP cycle=169 bench=smt_ucp_hot_stream policy=1 stream_source=1 tid=1 stream=1 addr=00000048 L1 hit=0 miss=0 L2 hit=0 miss=0 L3 hit=0 miss=0 backing=0 alloc0=6 alloc1=2 repartitions=0
SMTUCP cycle=170 bench=smt_ucp_hot_stream policy=1 stream_source=1 tid=1 stream=1 addr=00000048 L1 hit=0 miss=0 L2 hit=0 miss=0 L3 hit=0 miss=0 backing=0 alloc0=6 alloc1=2 repartitions=0
SMTUCP cycle=171 bench=smt_ucp_hot_stream policy=1 stream_source=1 tid=1 stream=1 addr=00000048 L1 hit=0 miss=0 L2 hit=0 miss=0 L3 hit=0 miss=0 backing=0 alloc0=6 alloc1=2 repartitions=0
SMTUCP cycle=172 bench=smt_ucp_hot_stream policy=1 stream_source=1 tid=1 stream=1 addr=00000048 L1 hit=0 miss=0 L2 hit=0 miss=0 L3 hit=0 miss=0 backing=0 alloc0=6 alloc1=2 repartitions=0
SMTUCP cycle=173 bench=smt_ucp_hot_stream policy=1 stream_source=1 tid=1 stream=1 addr=00000048 L1 hit=0 miss=0 L2 hit=0 miss=0 L3 hit=0 miss=0 backing=0 alloc0=6 alloc1=2 repartitions=0
SMTUCP cycle=174 bench=smt_ucp_hot_stream policy=1 stream_source=1 tid=1 stream=1 addr=00000048 L1 hit=0 miss=0 L2 hit=0 miss=0 L3 hit=0 miss=0 backing=0 alloc0=6 alloc1=2 repartitions=0
SMTUCP cycle=175 bench=smt_ucp_hot_stream policy=1 stream_source=1 tid=1 stream=1 addr=00000048 L1 hit=0 miss=0 L2 hit=0 miss=0 L3 hit=0 miss=0 backing=0 alloc0=6 alloc1=2 repartitions=0
SMTUCP cycle=176 bench=smt_ucp_hot_stream policy=1 stream_source=1 tid=1 stream=1 addr=00000048 L1 hit=0 miss=0 L2 hit=0 miss=0 L3 hit=0 miss=0 backing=0 alloc0=6 alloc1=2 repartitions=0
SMTUCP cycle=177 bench=smt_ucp_hot_stream policy=1 stream_source=1 tid=1 stream=1 addr=00000048 L1 hit=0 miss=0 L2 hit=0 miss=0 L3 hit=0 miss=0 backing=0 alloc0=6 alloc1=2 repartitions=0
SMTUCP cycle=178 bench=smt_ucp_hot_stream policy=1 stream_source=1 tid=1 stream=1 addr=00000048 L1 hit=0 miss=0 L2 hit=0 miss=0 L3 hit=0 miss=0 backing=0 alloc0=6 alloc1=2 repartitions=0
SMTUCP cycle=179 bench=smt_ucp_hot_stream policy=1 stream_source=1 tid=1 stream=1 addr=00000048 L1 hit=0 miss=0 L2 hit=0 miss=0 L3 hit=0 miss=0 backing=0 alloc0=6 alloc1=2 repartitions=0
SMTUCP cycle=180 bench=smt_ucp_hot_stream policy=1 stream_source=1 tid=0 stream=0 addr=00000008 L1 hit=1 miss=0 L2 hit=0 miss=0 L3 hit=0 miss=0 backing=0 alloc0=6 alloc1=2 repartitions=0
SMTUCP cycle=181 bench=smt_ucp_hot_stream policy=1 stream_source=1 tid=1 stream=1 addr=0000004c L1 hit=x miss=x L2 hit=0 miss=0 L3 hit=0 miss=0 backing=0 alloc0=6 alloc1=2 repartitions=0
SMTUCP cycle=182 bench=smt_ucp_hot_stream policy=1 stream_source=1 tid=0 stream=1 addr=0000004c L1 hit=0 miss=0 L2 hit=0 miss=1 L3 hit=0 miss=1 backing=1 alloc0=6 alloc1=2 repartitions=0
SMTUCP cycle=183 bench=smt_ucp_hot_stream policy=1 stream_source=1 tid=0 stream=1 addr=0000004c L1 hit=0 miss=0 L2 hit=0 miss=0 L3 hit=0 miss=0 backing=0 alloc0=6 alloc1=2 repartitions=0
SMTUCP cycle=184 bench=smt_ucp_hot_stream policy=1 stream_source=1 tid=0 stream=1 addr=0000004c L1 hit=0 miss=0 L2 hit=0 miss=0 L3 hit=0 miss=0 backing=0 alloc0=6 alloc1=2 repartitions=0
SMTUCP cycle=185 bench=smt_ucp_hot_stream policy=1 stream_source=1 tid=0 stream=1 addr=0000004c L1 hit=0 miss=0 L2 hit=0 miss=0 L3 hit=0 miss=0 backing=0 alloc0=6 alloc1=2 repartitions=0
SMTUCP cycle=186 bench=smt_ucp_hot_stream policy=1 stream_source=1 tid=0 stream=1 addr=0000004c L1 hit=0 miss=0 L2 hit=0 miss=0 L3 hit=0 miss=0 backing=0 alloc0=6 alloc1=2 repartitions=0
SMTUCP cycle=187 bench=smt_ucp_hot_stream policy=1 stream_source=1 tid=0 stream=1 addr=0000004c L1 hit=0 miss=0 L2 hit=0 miss=0 L3 hit=0 miss=0 backing=0 alloc0=6 alloc1=2 repartitions=0
SMTUCP cycle=188 bench=smt_ucp_hot_stream policy=1 stream_source=1 tid=0 stream=1 addr=0000004c L1 hit=0 miss=0 L2 hit=0 miss=0 L3 hit=0 miss=0 backing=0 alloc0=6 alloc1=2 repartitions=0
SMTUCP cycle=189 bench=smt_ucp_hot_stream policy=1 stream_source=1 tid=0 stream=1 addr=0000004c L1 hit=0 miss=0 L2 hit=0 miss=0 L3 hit=0 miss=0 backing=0 alloc0=6 alloc1=2 repartitions=0
SMTUCP cycle=190 bench=smt_ucp_hot_stream policy=1 stream_source=1 tid=0 stream=1 addr=0000004c L1 hit=0 miss=0 L2 hit=0 miss=0 L3 hit=0 miss=0 backing=0 alloc0=6 alloc1=2 repartitions=0
SMTUCP cycle=191 bench=smt_ucp_hot_stream policy=1 stream_source=1 tid=0 stream=1 addr=0000004c L1 hit=0 miss=0 L2 hit=0 miss=0 L3 hit=0 miss=0 backing=0 alloc0=6 alloc1=2 repartitions=0
SMTUCP cycle=192 bench=smt_ucp_hot_stream policy=1 stream_source=1 tid=0 stream=1 addr=0000004c L1 hit=0 miss=0 L2 hit=0 miss=0 L3 hit=0 miss=0 backing=0 alloc0=6 alloc1=2 repartitions=0
SMTUCP cycle=193 bench=smt_ucp_hot_stream policy=1 stream_source=1 tid=0 stream=1 addr=0000004c L1 hit=0 miss=0 L2 hit=0 miss=0 L3 hit=0 miss=0 backing=0 alloc0=6 alloc1=2 repartitions=0
SMTUCP cycle=7 bench=smt_ucp_hot_stream policy=2 stream_source=1 tid=0 stream=0 addr=00000000 L1 hit=0 miss=1 L2 hit=0 miss=0 L3 hit=0 miss=0 backing=0 alloc0=4 alloc1=4 repartitions=0
SMTUCP cycle=8 bench=smt_ucp_hot_stream policy=2 stream_source=1 tid=0 stream=0 addr=00000000 L1 hit=0 miss=0 L2 hit=0 miss=1 L3 hit=0 miss=1 backing=1 alloc0=4 alloc1=4 repartitions=0
SMTUCP cycle=9 bench=smt_ucp_hot_stream policy=2 stream_source=1 tid=0 stream=0 addr=00000000 L1 hit=0 miss=0 L2 hit=0 miss=0 L3 hit=0 miss=0 backing=0 alloc0=4 alloc1=4 repartitions=0
SMTUCP cycle=10 bench=smt_ucp_hot_stream policy=2 stream_source=1 tid=0 stream=0 addr=00000000 L1 hit=0 miss=0 L2 hit=0 miss=0 L3 hit=0 miss=0 backing=0 alloc0=4 alloc1=4 repartitions=0
SMTUCP cycle=11 bench=smt_ucp_hot_stream policy=2 stream_source=1 tid=0 stream=0 addr=00000000 L1 hit=0 miss=0 L2 hit=0 miss=0 L3 hit=0 miss=0 backing=0 alloc0=4 alloc1=4 repartitions=0
SMTUCP cycle=12 bench=smt_ucp_hot_stream policy=2 stream_source=1 tid=0 stream=0 addr=00000000 L1 hit=0 miss=0 L2 hit=0 miss=0 L3 hit=0 miss=0 backing=0 alloc0=4 alloc1=4 repartitions=0
SMTUCP cycle=13 bench=smt_ucp_hot_stream policy=2 stream_source=1 tid=0 stream=0 addr=00000000 L1 hit=0 miss=0 L2 hit=0 miss=0 L3 hit=0 miss=0 backing=0 alloc0=4 alloc1=4 repartitions=0
SMTUCP cycle=14 bench=smt_ucp_hot_stream policy=2 stream_source=1 tid=0 stream=0 addr=00000000 L1 hit=0 miss=0 L2 hit=0 miss=0 L3 hit=0 miss=0 backing=0 alloc0=4 alloc1=4 repartitions=0
SMTUCP cycle=15 bench=smt_ucp_hot_stream policy=2 stream_source=1 tid=0 stream=0 addr=00000000 L1 hit=0 miss=0 L2 hit=0 miss=0 L3 hit=0 miss=0 backing=0 alloc0=4 alloc1=4 repartitions=0
SMTUCP cycle=16 bench=smt_ucp_hot_stream policy=2 stream_source=1 tid=0 stream=0 addr=00000000 L1 hit=0 miss=0 L2 hit=0 miss=0 L3 hit=0 miss=0 backing=0 alloc0=4 alloc1=4 repartitions=0
SMTUCP cycle=17 bench=smt_ucp_hot_stream policy=2 stream_source=1 tid=0 stream=0 addr=00000000 L1 hit=0 miss=0 L2 hit=0 miss=0 L3 hit=0 miss=0 backing=0 alloc0=4 alloc1=4 repartitions=0
SMTUCP cycle=18 bench=smt_ucp_hot_stream policy=2 stream_source=1 tid=0 stream=0 addr=00000000 L1 hit=0 miss=0 L2 hit=0 miss=0 L3 hit=0 miss=0 backing=0 alloc0=4 alloc1=4 repartitions=0
SMTUCP cycle=19 bench=smt_ucp_hot_stream policy=2 stream_source=1 tid=0 stream=0 addr=00000000 L1 hit=0 miss=0 L2 hit=0 miss=0 L3 hit=0 miss=0 backing=0 alloc0=4 alloc1=4 repartitions=0
SMTUCP cycle=20 bench=smt_ucp_hot_stream policy=2 stream_source=1 tid=1 stream=1 addr=00000020 L1 hit=0 miss=1 L2 hit=0 miss=0 L3 hit=0 miss=0 backing=0 alloc0=4 alloc1=4 repartitions=0
SMTUCP cycle=21 bench=smt_ucp_hot_stream policy=2 stream_source=1 tid=1 stream=1 addr=00000020 L1 hit=0 miss=0 L2 hit=0 miss=1 L3 hit=0 miss=1 backing=1 alloc0=4 alloc1=4 repartitions=0
SMTUCP cycle=22 bench=smt_ucp_hot_stream policy=2 stream_source=1 tid=1 stream=1 addr=00000020 L1 hit=0 miss=0 L2 hit=0 miss=0 L3 hit=0 miss=0 backing=0 alloc0=4 alloc1=4 repartitions=0
SMTUCP cycle=23 bench=smt_ucp_hot_stream policy=2 stream_source=1 tid=1 stream=1 addr=00000020 L1 hit=0 miss=0 L2 hit=0 miss=0 L3 hit=0 miss=0 backing=0 alloc0=4 alloc1=4 repartitions=0
SMTUCP cycle=24 bench=smt_ucp_hot_stream policy=2 stream_source=1 tid=1 stream=1 addr=00000020 L1 hit=0 miss=0 L2 hit=0 miss=0 L3 hit=0 miss=0 backing=0 alloc0=4 alloc1=4 repartitions=0
SMTUCP cycle=25 bench=smt_ucp_hot_stream policy=2 stream_source=1 tid=1 stream=1 addr=00000020 L1 hit=0 miss=0 L2 hit=0 miss=0 L3 hit=0 miss=0 backing=0 alloc0=4 alloc1=4 repartitions=0
SMTUCP cycle=26 bench=smt_ucp_hot_stream policy=2 stream_source=1 tid=1 stream=1 addr=00000020 L1 hit=0 miss=0 L2 hit=0 miss=0 L3 hit=0 miss=0 backing=0 alloc0=4 alloc1=4 repartitions=0
SMTUCP cycle=27 bench=smt_ucp_hot_stream policy=2 stream_source=1 tid=1 stream=1 addr=00000020 L1 hit=0 miss=0 L2 hit=0 miss=0 L3 hit=0 miss=0 backing=0 alloc0=4 alloc1=4 repartitions=0
SMTUCP cycle=28 bench=smt_ucp_hot_stream policy=2 stream_source=1 tid=1 stream=1 addr=00000020 L1 hit=0 miss=0 L2 hit=0 miss=0 L3 hit=0 miss=0 backing=0 alloc0=4 alloc1=4 repartitions=0
SMTUCP cycle=29 bench=smt_ucp_hot_stream policy=2 stream_source=1 tid=1 stream=1 addr=00000020 L1 hit=0 miss=0 L2 hit=0 miss=0 L3 hit=0 miss=0 backing=0 alloc0=4 alloc1=4 repartitions=0
SMTUCP cycle=30 bench=smt_ucp_hot_stream policy=2 stream_source=1 tid=1 stream=1 addr=00000020 L1 hit=0 miss=0 L2 hit=0 miss=0 L3 hit=0 miss=0 backing=0 alloc0=4 alloc1=4 repartitions=0
SMTUCP cycle=31 bench=smt_ucp_hot_stream policy=2 stream_source=1 tid=1 stream=1 addr=00000020 L1 hit=0 miss=0 L2 hit=0 miss=0 L3 hit=0 miss=0 backing=0 alloc0=4 alloc1=4 repartitions=0
SMTUCP cycle=32 bench=smt_ucp_hot_stream policy=2 stream_source=1 tid=1 stream=1 addr=00000020 L1 hit=0 miss=0 L2 hit=0 miss=0 L3 hit=0 miss=0 backing=0 alloc0=4 alloc1=4 repartitions=0
SMTUCP cycle=33 bench=smt_ucp_hot_stream policy=2 stream_source=1 tid=0 stream=0 addr=00000008 L1 hit=0 miss=1 L2 hit=0 miss=0 L3 hit=0 miss=0 backing=0 alloc0=4 alloc1=4 repartitions=0
SMTUCP cycle=34 bench=smt_ucp_hot_stream policy=2 stream_source=1 tid=0 stream=0 addr=00000008 L1 hit=0 miss=0 L2 hit=0 miss=1 L3 hit=0 miss=1 backing=1 alloc0=4 alloc1=4 repartitions=0
SMTUCP cycle=35 bench=smt_ucp_hot_stream policy=2 stream_source=1 tid=0 stream=0 addr=00000008 L1 hit=0 miss=0 L2 hit=0 miss=0 L3 hit=0 miss=0 backing=0 alloc0=4 alloc1=4 repartitions=0
SMTUCP cycle=36 bench=smt_ucp_hot_stream policy=2 stream_source=1 tid=0 stream=0 addr=00000008 L1 hit=0 miss=0 L2 hit=0 miss=0 L3 hit=0 miss=0 backing=0 alloc0=4 alloc1=4 repartitions=0
SMTUCP cycle=37 bench=smt_ucp_hot_stream policy=2 stream_source=1 tid=0 stream=0 addr=00000008 L1 hit=0 miss=0 L2 hit=0 miss=0 L3 hit=0 miss=0 backing=0 alloc0=4 alloc1=4 repartitions=0
SMTUCP cycle=38 bench=smt_ucp_hot_stream policy=2 stream_source=1 tid=0 stream=0 addr=00000008 L1 hit=0 miss=0 L2 hit=0 miss=0 L3 hit=0 miss=0 backing=0 alloc0=4 alloc1=4 repartitions=0
SMTUCP cycle=39 bench=smt_ucp_hot_stream policy=2 stream_source=1 tid=0 stream=0 addr=00000008 L1 hit=0 miss=0 L2 hit=0 miss=0 L3 hit=0 miss=0 backing=0 alloc0=4 alloc1=4 repartitions=0
SMTUCP cycle=40 bench=smt_ucp_hot_stream policy=2 stream_source=1 tid=0 stream=0 addr=00000008 L1 hit=0 miss=0 L2 hit=0 miss=0 L3 hit=0 miss=0 backing=0 alloc0=4 alloc1=4 repartitions=0
SMTUCP cycle=41 bench=smt_ucp_hot_stream policy=2 stream_source=1 tid=0 stream=0 addr=00000008 L1 hit=0 miss=0 L2 hit=0 miss=0 L3 hit=0 miss=0 backing=0 alloc0=4 alloc1=4 repartitions=0
SMTUCP cycle=42 bench=smt_ucp_hot_stream policy=2 stream_source=1 tid=0 stream=0 addr=00000008 L1 hit=0 miss=0 L2 hit=0 miss=0 L3 hit=0 miss=0 backing=0 alloc0=4 alloc1=4 repartitions=0
SMTUCP cycle=43 bench=smt_ucp_hot_stream policy=2 stream_source=1 tid=0 stream=0 addr=00000008 L1 hit=0 miss=0 L2 hit=0 miss=0 L3 hit=0 miss=0 backing=0 alloc0=4 alloc1=4 repartitions=0
SMTUCP cycle=44 bench=smt_ucp_hot_stream policy=2 stream_source=1 tid=0 stream=0 addr=00000008 L1 hit=0 miss=0 L2 hit=0 miss=0 L3 hit=0 miss=0 backing=0 alloc0=4 alloc1=4 repartitions=0
SMTUCP cycle=45 bench=smt_ucp_hot_stream policy=2 stream_source=1 tid=0 stream=0 addr=00000008 L1 hit=0 miss=0 L2 hit=0 miss=0 L3 hit=0 miss=0 backing=0 alloc0=4 alloc1=4 repartitions=0
SMTUCP cycle=46 bench=smt_ucp_hot_stream policy=2 stream_source=1 tid=1 stream=1 addr=00000024 L1 hit=x miss=x L2 hit=0 miss=0 L3 hit=0 miss=0 backing=0 alloc0=4 alloc1=4 repartitions=0
SMTUCP cycle=47 bench=smt_ucp_hot_stream policy=2 stream_source=1 tid=0 stream=1 addr=00000024 L1 hit=0 miss=0 L2 hit=0 miss=1 L3 hit=0 miss=1 backing=1 alloc0=4 alloc1=4 repartitions=0
SMTUCP cycle=48 bench=smt_ucp_hot_stream policy=2 stream_source=1 tid=0 stream=1 addr=00000024 L1 hit=0 miss=0 L2 hit=0 miss=0 L3 hit=0 miss=0 backing=0 alloc0=4 alloc1=4 repartitions=0
SMTUCP cycle=49 bench=smt_ucp_hot_stream policy=2 stream_source=1 tid=0 stream=1 addr=00000024 L1 hit=0 miss=0 L2 hit=0 miss=0 L3 hit=0 miss=0 backing=0 alloc0=4 alloc1=4 repartitions=0
SMTUCP cycle=50 bench=smt_ucp_hot_stream policy=2 stream_source=1 tid=0 stream=1 addr=00000024 L1 hit=0 miss=0 L2 hit=0 miss=0 L3 hit=0 miss=0 backing=0 alloc0=4 alloc1=4 repartitions=0
SMTUCP cycle=51 bench=smt_ucp_hot_stream policy=2 stream_source=1 tid=0 stream=1 addr=00000024 L1 hit=0 miss=0 L2 hit=0 miss=0 L3 hit=0 miss=0 backing=0 alloc0=4 alloc1=4 repartitions=0
SMTUCP cycle=52 bench=smt_ucp_hot_stream policy=2 stream_source=1 tid=0 stream=1 addr=00000024 L1 hit=0 miss=0 L2 hit=0 miss=0 L3 hit=0 miss=0 backing=0 alloc0=4 alloc1=4 repartitions=0
SMTUCP cycle=53 bench=smt_ucp_hot_stream policy=2 stream_source=1 tid=0 stream=1 addr=00000024 L1 hit=0 miss=0 L2 hit=0 miss=0 L3 hit=0 miss=0 backing=0 alloc0=4 alloc1=4 repartitions=0
SMTUCP cycle=54 bench=smt_ucp_hot_stream policy=2 stream_source=1 tid=0 stream=1 addr=00000024 L1 hit=0 miss=0 L2 hit=0 miss=0 L3 hit=0 miss=0 backing=0 alloc0=4 alloc1=4 repartitions=0
SMTUCP cycle=55 bench=smt_ucp_hot_stream policy=2 stream_source=1 tid=0 stream=1 addr=00000024 L1 hit=0 miss=0 L2 hit=0 miss=0 L3 hit=0 miss=0 backing=0 alloc0=4 alloc1=4 repartitions=0
SMTUCP cycle=56 bench=smt_ucp_hot_stream policy=2 stream_source=1 tid=0 stream=1 addr=00000024 L1 hit=0 miss=0 L2 hit=0 miss=0 L3 hit=0 miss=0 backing=0 alloc0=4 alloc1=4 repartitions=0
SMTUCP cycle=57 bench=smt_ucp_hot_stream policy=2 stream_source=1 tid=0 stream=1 addr=00000024 L1 hit=0 miss=0 L2 hit=0 miss=0 L3 hit=0 miss=0 backing=0 alloc0=4 alloc1=4 repartitions=0
SMTUCP cycle=58 bench=smt_ucp_hot_stream policy=2 stream_source=1 tid=0 stream=1 addr=00000024 L1 hit=0 miss=0 L2 hit=0 miss=0 L3 hit=0 miss=0 backing=0 alloc0=4 alloc1=4 repartitions=0
SMTUCP cycle=59 bench=smt_ucp_hot_stream policy=2 stream_source=1 tid=1 stream=1 addr=00000028 L1 hit=0 miss=1 L2 hit=0 miss=0 L3 hit=0 miss=0 backing=0 alloc0=4 alloc1=4 repartitions=0
SMTUCP cycle=60 bench=smt_ucp_hot_stream policy=2 stream_source=1 tid=1 stream=1 addr=00000028 L1 hit=0 miss=0 L2 hit=0 miss=1 L3 hit=0 miss=1 backing=1 alloc0=4 alloc1=4 repartitions=0
SMTUCP cycle=61 bench=smt_ucp_hot_stream policy=2 stream_source=1 tid=1 stream=1 addr=00000028 L1 hit=0 miss=0 L2 hit=0 miss=0 L3 hit=0 miss=0 backing=0 alloc0=4 alloc1=4 repartitions=0
SMTUCP cycle=62 bench=smt_ucp_hot_stream policy=2 stream_source=1 tid=1 stream=1 addr=00000028 L1 hit=0 miss=0 L2 hit=0 miss=0 L3 hit=0 miss=0 backing=0 alloc0=4 alloc1=4 repartitions=0
SMTUCP cycle=63 bench=smt_ucp_hot_stream policy=2 stream_source=1 tid=1 stream=1 addr=00000028 L1 hit=0 miss=0 L2 hit=0 miss=0 L3 hit=0 miss=0 backing=0 alloc0=4 alloc1=4 repartitions=0
SMTUCP cycle=64 bench=smt_ucp_hot_stream policy=2 stream_source=1 tid=1 stream=1 addr=00000028 L1 hit=0 miss=0 L2 hit=0 miss=0 L3 hit=0 miss=0 backing=0 alloc0=4 alloc1=4 repartitions=0
SMTUCP cycle=65 bench=smt_ucp_hot_stream policy=2 stream_source=1 tid=1 stream=1 addr=00000028 L1 hit=0 miss=0 L2 hit=0 miss=0 L3 hit=0 miss=0 backing=0 alloc0=4 alloc1=4 repartitions=0
SMTUCP cycle=66 bench=smt_ucp_hot_stream policy=2 stream_source=1 tid=1 stream=1 addr=00000028 L1 hit=0 miss=0 L2 hit=0 miss=0 L3 hit=0 miss=0 backing=0 alloc0=4 alloc1=4 repartitions=0
SMTUCP cycle=67 bench=smt_ucp_hot_stream policy=2 stream_source=1 tid=1 stream=1 addr=00000028 L1 hit=0 miss=0 L2 hit=0 miss=0 L3 hit=0 miss=0 backing=0 alloc0=4 alloc1=4 repartitions=0
SMTUCP cycle=68 bench=smt_ucp_hot_stream policy=2 stream_source=1 tid=1 stream=1 addr=00000028 L1 hit=0 miss=0 L2 hit=0 miss=0 L3 hit=0 miss=0 backing=0 alloc0=4 alloc1=4 repartitions=0
SMTUCP cycle=69 bench=smt_ucp_hot_stream policy=2 stream_source=1 tid=1 stream=1 addr=00000028 L1 hit=0 miss=0 L2 hit=0 miss=0 L3 hit=0 miss=0 backing=0 alloc0=4 alloc1=4 repartitions=0
SMTUCP cycle=70 bench=smt_ucp_hot_stream policy=2 stream_source=1 tid=1 stream=1 addr=00000028 L1 hit=0 miss=0 L2 hit=0 miss=0 L3 hit=0 miss=0 backing=0 alloc0=4 alloc1=4 repartitions=0
SMTUCP cycle=71 bench=smt_ucp_hot_stream policy=2 stream_source=1 tid=1 stream=1 addr=00000028 L1 hit=0 miss=0 L2 hit=0 miss=0 L3 hit=0 miss=0 backing=0 alloc0=4 alloc1=4 repartitions=0
SMTUCP cycle=72 bench=smt_ucp_hot_stream policy=2 stream_source=1 tid=0 stream=0 addr=00000008 L1 hit=1 miss=0 L2 hit=0 miss=0 L3 hit=0 miss=0 backing=0 alloc0=4 alloc1=4 repartitions=0
SMTUCP cycle=73 bench=smt_ucp_hot_stream policy=2 stream_source=1 tid=1 stream=1 addr=0000002c L1 hit=x miss=x L2 hit=0 miss=0 L3 hit=0 miss=0 backing=0 alloc0=4 alloc1=4 repartitions=0
SMTUCP cycle=74 bench=smt_ucp_hot_stream policy=2 stream_source=1 tid=0 stream=1 addr=0000002c L1 hit=0 miss=0 L2 hit=0 miss=1 L3 hit=0 miss=1 backing=1 alloc0=4 alloc1=4 repartitions=0
SMTUCP cycle=75 bench=smt_ucp_hot_stream policy=2 stream_source=1 tid=0 stream=1 addr=0000002c L1 hit=0 miss=0 L2 hit=0 miss=0 L3 hit=0 miss=0 backing=0 alloc0=4 alloc1=4 repartitions=0
SMTUCP cycle=76 bench=smt_ucp_hot_stream policy=2 stream_source=1 tid=0 stream=1 addr=0000002c L1 hit=0 miss=0 L2 hit=0 miss=0 L3 hit=0 miss=0 backing=0 alloc0=4 alloc1=4 repartitions=0
SMTUCP cycle=77 bench=smt_ucp_hot_stream policy=2 stream_source=1 tid=0 stream=1 addr=0000002c L1 hit=0 miss=0 L2 hit=0 miss=0 L3 hit=0 miss=0 backing=0 alloc0=4 alloc1=4 repartitions=0
SMTUCP cycle=78 bench=smt_ucp_hot_stream policy=2 stream_source=1 tid=0 stream=1 addr=0000002c L1 hit=0 miss=0 L2 hit=0 miss=0 L3 hit=0 miss=0 backing=0 alloc0=4 alloc1=4 repartitions=0
SMTUCP cycle=79 bench=smt_ucp_hot_stream policy=2 stream_source=1 tid=0 stream=1 addr=0000002c L1 hit=0 miss=0 L2 hit=0 miss=0 L3 hit=0 miss=0 backing=0 alloc0=4 alloc1=4 repartitions=0
SMTUCP cycle=80 bench=smt_ucp_hot_stream policy=2 stream_source=1 tid=0 stream=1 addr=0000002c L1 hit=0 miss=0 L2 hit=0 miss=0 L3 hit=0 miss=0 backing=0 alloc0=4 alloc1=4 repartitions=0
SMTUCP cycle=81 bench=smt_ucp_hot_stream policy=2 stream_source=1 tid=0 stream=1 addr=0000002c L1 hit=0 miss=0 L2 hit=0 miss=0 L3 hit=0 miss=0 backing=0 alloc0=4 alloc1=4 repartitions=0
SMTUCP cycle=82 bench=smt_ucp_hot_stream policy=2 stream_source=1 tid=0 stream=1 addr=0000002c L1 hit=0 miss=0 L2 hit=0 miss=0 L3 hit=0 miss=0 backing=0 alloc0=4 alloc1=4 repartitions=0
SMTUCP cycle=83 bench=smt_ucp_hot_stream policy=2 stream_source=1 tid=0 stream=1 addr=0000002c L1 hit=0 miss=0 L2 hit=0 miss=0 L3 hit=0 miss=0 backing=0 alloc0=4 alloc1=4 repartitions=0
SMTUCP cycle=84 bench=smt_ucp_hot_stream policy=2 stream_source=1 tid=0 stream=1 addr=0000002c L1 hit=0 miss=0 L2 hit=0 miss=0 L3 hit=0 miss=0 backing=0 alloc0=4 alloc1=4 repartitions=0
SMTUCP cycle=85 bench=smt_ucp_hot_stream policy=2 stream_source=1 tid=0 stream=1 addr=0000002c L1 hit=0 miss=0 L2 hit=0 miss=0 L3 hit=0 miss=0 backing=0 alloc0=4 alloc1=4 repartitions=0
SMTUCP cycle=86 bench=smt_ucp_hot_stream policy=2 stream_source=1 tid=1 stream=1 addr=00000030 L1 hit=0 miss=1 L2 hit=0 miss=0 L3 hit=0 miss=0 backing=0 alloc0=4 alloc1=4 repartitions=0
SMTUCP cycle=87 bench=smt_ucp_hot_stream policy=2 stream_source=1 tid=1 stream=1 addr=00000030 L1 hit=0 miss=0 L2 hit=0 miss=1 L3 hit=0 miss=1 backing=1 alloc0=4 alloc1=4 repartitions=0
SMTUCP cycle=88 bench=smt_ucp_hot_stream policy=2 stream_source=1 tid=1 stream=1 addr=00000030 L1 hit=0 miss=0 L2 hit=0 miss=0 L3 hit=0 miss=0 backing=0 alloc0=4 alloc1=4 repartitions=0
SMTUCP cycle=89 bench=smt_ucp_hot_stream policy=2 stream_source=1 tid=1 stream=1 addr=00000030 L1 hit=0 miss=0 L2 hit=0 miss=0 L3 hit=0 miss=0 backing=0 alloc0=4 alloc1=4 repartitions=0
SMTUCP cycle=90 bench=smt_ucp_hot_stream policy=2 stream_source=1 tid=1 stream=1 addr=00000030 L1 hit=0 miss=0 L2 hit=0 miss=0 L3 hit=0 miss=0 backing=0 alloc0=4 alloc1=4 repartitions=0
SMTUCP cycle=91 bench=smt_ucp_hot_stream policy=2 stream_source=1 tid=1 stream=1 addr=00000030 L1 hit=0 miss=0 L2 hit=0 miss=0 L3 hit=0 miss=0 backing=0 alloc0=4 alloc1=4 repartitions=0
SMTUCP cycle=92 bench=smt_ucp_hot_stream policy=2 stream_source=1 tid=1 stream=1 addr=00000030 L1 hit=0 miss=0 L2 hit=0 miss=0 L3 hit=0 miss=0 backing=0 alloc0=4 alloc1=4 repartitions=0
SMTUCP cycle=93 bench=smt_ucp_hot_stream policy=2 stream_source=1 tid=1 stream=1 addr=00000030 L1 hit=0 miss=0 L2 hit=0 miss=0 L3 hit=0 miss=0 backing=0 alloc0=4 alloc1=4 repartitions=0
SMTUCP cycle=94 bench=smt_ucp_hot_stream policy=2 stream_source=1 tid=1 stream=1 addr=00000030 L1 hit=0 miss=0 L2 hit=0 miss=0 L3 hit=0 miss=0 backing=0 alloc0=4 alloc1=4 repartitions=0
SMTUCP cycle=95 bench=smt_ucp_hot_stream policy=2 stream_source=1 tid=1 stream=1 addr=00000030 L1 hit=0 miss=0 L2 hit=0 miss=0 L3 hit=0 miss=0 backing=0 alloc0=4 alloc1=4 repartitions=0
SMTUCP cycle=96 bench=smt_ucp_hot_stream policy=2 stream_source=1 tid=1 stream=1 addr=00000030 L1 hit=0 miss=0 L2 hit=0 miss=0 L3 hit=0 miss=0 backing=0 alloc0=4 alloc1=4 repartitions=0
SMTUCP cycle=97 bench=smt_ucp_hot_stream policy=2 stream_source=1 tid=1 stream=1 addr=00000030 L1 hit=0 miss=0 L2 hit=0 miss=0 L3 hit=0 miss=0 backing=0 alloc0=4 alloc1=4 repartitions=0
SMTUCP cycle=98 bench=smt_ucp_hot_stream policy=2 stream_source=1 tid=1 stream=1 addr=00000030 L1 hit=0 miss=0 L2 hit=0 miss=0 L3 hit=0 miss=0 backing=0 alloc0=4 alloc1=4 repartitions=0
SMTUCP cycle=99 bench=smt_ucp_hot_stream policy=2 stream_source=1 tid=0 stream=0 addr=00000008 L1 hit=1 miss=0 L2 hit=0 miss=0 L3 hit=0 miss=0 backing=0 alloc0=4 alloc1=4 repartitions=0
SMTUCP cycle=100 bench=smt_ucp_hot_stream policy=2 stream_source=1 tid=1 stream=1 addr=00000034 L1 hit=x miss=x L2 hit=0 miss=0 L3 hit=0 miss=0 backing=0 alloc0=4 alloc1=4 repartitions=0
SMTUCP cycle=101 bench=smt_ucp_hot_stream policy=2 stream_source=1 tid=0 stream=1 addr=00000034 L1 hit=0 miss=0 L2 hit=0 miss=1 L3 hit=0 miss=1 backing=1 alloc0=4 alloc1=4 repartitions=0
SMTUCP cycle=102 bench=smt_ucp_hot_stream policy=2 stream_source=1 tid=0 stream=1 addr=00000034 L1 hit=0 miss=0 L2 hit=0 miss=0 L3 hit=0 miss=0 backing=0 alloc0=4 alloc1=4 repartitions=0
SMTUCP cycle=103 bench=smt_ucp_hot_stream policy=2 stream_source=1 tid=0 stream=1 addr=00000034 L1 hit=0 miss=0 L2 hit=0 miss=0 L3 hit=0 miss=0 backing=0 alloc0=4 alloc1=4 repartitions=0
SMTUCP cycle=104 bench=smt_ucp_hot_stream policy=2 stream_source=1 tid=0 stream=1 addr=00000034 L1 hit=0 miss=0 L2 hit=0 miss=0 L3 hit=0 miss=0 backing=0 alloc0=4 alloc1=4 repartitions=0
SMTUCP cycle=105 bench=smt_ucp_hot_stream policy=2 stream_source=1 tid=0 stream=1 addr=00000034 L1 hit=0 miss=0 L2 hit=0 miss=0 L3 hit=0 miss=0 backing=0 alloc0=4 alloc1=4 repartitions=0
SMTUCP cycle=106 bench=smt_ucp_hot_stream policy=2 stream_source=1 tid=0 stream=1 addr=00000034 L1 hit=0 miss=0 L2 hit=0 miss=0 L3 hit=0 miss=0 backing=0 alloc0=4 alloc1=4 repartitions=0
SMTUCP cycle=107 bench=smt_ucp_hot_stream policy=2 stream_source=1 tid=0 stream=1 addr=00000034 L1 hit=0 miss=0 L2 hit=0 miss=0 L3 hit=0 miss=0 backing=0 alloc0=4 alloc1=4 repartitions=0
SMTUCP cycle=108 bench=smt_ucp_hot_stream policy=2 stream_source=1 tid=0 stream=1 addr=00000034 L1 hit=0 miss=0 L2 hit=0 miss=0 L3 hit=0 miss=0 backing=0 alloc0=4 alloc1=4 repartitions=0
SMTUCP cycle=109 bench=smt_ucp_hot_stream policy=2 stream_source=1 tid=0 stream=1 addr=00000034 L1 hit=0 miss=0 L2 hit=0 miss=0 L3 hit=0 miss=0 backing=0 alloc0=4 alloc1=4 repartitions=0
SMTUCP cycle=110 bench=smt_ucp_hot_stream policy=2 stream_source=1 tid=0 stream=1 addr=00000034 L1 hit=0 miss=0 L2 hit=0 miss=0 L3 hit=0 miss=0 backing=0 alloc0=4 alloc1=4 repartitions=0
SMTUCP cycle=111 bench=smt_ucp_hot_stream policy=2 stream_source=1 tid=0 stream=1 addr=00000034 L1 hit=0 miss=0 L2 hit=0 miss=0 L3 hit=0 miss=0 backing=0 alloc0=4 alloc1=4 repartitions=0
SMTUCP cycle=112 bench=smt_ucp_hot_stream policy=2 stream_source=1 tid=0 stream=1 addr=00000034 L1 hit=0 miss=0 L2 hit=0 miss=0 L3 hit=0 miss=0 backing=0 alloc0=4 alloc1=4 repartitions=0
SMTUCP cycle=113 bench=smt_ucp_hot_stream policy=2 stream_source=1 tid=1 stream=1 addr=00000038 L1 hit=0 miss=1 L2 hit=0 miss=0 L3 hit=0 miss=0 backing=0 alloc0=4 alloc1=4 repartitions=0
SMTUCP cycle=114 bench=smt_ucp_hot_stream policy=2 stream_source=1 tid=1 stream=1 addr=00000038 L1 hit=0 miss=0 L2 hit=0 miss=1 L3 hit=0 miss=1 backing=1 alloc0=4 alloc1=4 repartitions=0
SMTUCP cycle=115 bench=smt_ucp_hot_stream policy=2 stream_source=1 tid=1 stream=1 addr=00000038 L1 hit=0 miss=0 L2 hit=0 miss=0 L3 hit=0 miss=0 backing=0 alloc0=4 alloc1=4 repartitions=0
SMTUCP cycle=116 bench=smt_ucp_hot_stream policy=2 stream_source=1 tid=1 stream=1 addr=00000038 L1 hit=0 miss=0 L2 hit=0 miss=0 L3 hit=0 miss=0 backing=0 alloc0=4 alloc1=4 repartitions=0
SMTUCP cycle=117 bench=smt_ucp_hot_stream policy=2 stream_source=1 tid=1 stream=1 addr=00000038 L1 hit=0 miss=0 L2 hit=0 miss=0 L3 hit=0 miss=0 backing=0 alloc0=4 alloc1=4 repartitions=0
SMTUCP cycle=118 bench=smt_ucp_hot_stream policy=2 stream_source=1 tid=1 stream=1 addr=00000038 L1 hit=0 miss=0 L2 hit=0 miss=0 L3 hit=0 miss=0 backing=0 alloc0=4 alloc1=4 repartitions=0
SMTUCP cycle=119 bench=smt_ucp_hot_stream policy=2 stream_source=1 tid=1 stream=1 addr=00000038 L1 hit=0 miss=0 L2 hit=0 miss=0 L3 hit=0 miss=0 backing=0 alloc0=4 alloc1=4 repartitions=0
SMTUCP cycle=120 bench=smt_ucp_hot_stream policy=2 stream_source=1 tid=1 stream=1 addr=00000038 L1 hit=0 miss=0 L2 hit=0 miss=0 L3 hit=0 miss=0 backing=0 alloc0=4 alloc1=4 repartitions=0
SMTUCP cycle=121 bench=smt_ucp_hot_stream policy=2 stream_source=1 tid=1 stream=1 addr=00000038 L1 hit=0 miss=0 L2 hit=0 miss=0 L3 hit=0 miss=0 backing=0 alloc0=4 alloc1=4 repartitions=0
SMTUCP cycle=122 bench=smt_ucp_hot_stream policy=2 stream_source=1 tid=1 stream=1 addr=00000038 L1 hit=0 miss=0 L2 hit=0 miss=0 L3 hit=0 miss=0 backing=0 alloc0=4 alloc1=4 repartitions=0
SMTUCP cycle=123 bench=smt_ucp_hot_stream policy=2 stream_source=1 tid=1 stream=1 addr=00000038 L1 hit=0 miss=0 L2 hit=0 miss=0 L3 hit=0 miss=0 backing=0 alloc0=4 alloc1=4 repartitions=0
SMTUCP cycle=124 bench=smt_ucp_hot_stream policy=2 stream_source=1 tid=1 stream=1 addr=00000038 L1 hit=0 miss=0 L2 hit=0 miss=0 L3 hit=0 miss=0 backing=0 alloc0=4 alloc1=4 repartitions=0
SMTUCP cycle=125 bench=smt_ucp_hot_stream policy=2 stream_source=1 tid=1 stream=1 addr=00000038 L1 hit=0 miss=0 L2 hit=0 miss=0 L3 hit=0 miss=0 backing=0 alloc0=4 alloc1=4 repartitions=0
SMTUCP cycle=126 bench=smt_ucp_hot_stream policy=2 stream_source=1 tid=0 stream=0 addr=00000008 L1 hit=1 miss=0 L2 hit=0 miss=0 L3 hit=0 miss=0 backing=0 alloc0=4 alloc1=4 repartitions=0
SMTUCP cycle=127 bench=smt_ucp_hot_stream policy=2 stream_source=1 tid=1 stream=1 addr=0000003c L1 hit=x miss=x L2 hit=0 miss=0 L3 hit=0 miss=0 backing=0 alloc0=4 alloc1=4 repartitions=0
SMTUCP cycle=128 bench=smt_ucp_hot_stream policy=2 stream_source=1 tid=0 stream=1 addr=0000003c L1 hit=0 miss=0 L2 hit=0 miss=1 L3 hit=0 miss=1 backing=1 alloc0=4 alloc1=4 repartitions=0
SMTUCP cycle=129 bench=smt_ucp_hot_stream policy=2 stream_source=1 tid=0 stream=1 addr=0000003c L1 hit=0 miss=0 L2 hit=0 miss=0 L3 hit=0 miss=0 backing=0 alloc0=4 alloc1=4 repartitions=0
SMTUCP cycle=130 bench=smt_ucp_hot_stream policy=2 stream_source=1 tid=0 stream=1 addr=0000003c L1 hit=0 miss=0 L2 hit=0 miss=0 L3 hit=0 miss=0 backing=0 alloc0=4 alloc1=4 repartitions=0
SMTUCP cycle=131 bench=smt_ucp_hot_stream policy=2 stream_source=1 tid=0 stream=1 addr=0000003c L1 hit=0 miss=0 L2 hit=0 miss=0 L3 hit=0 miss=0 backing=0 alloc0=4 alloc1=4 repartitions=0
SMTUCP cycle=132 bench=smt_ucp_hot_stream policy=2 stream_source=1 tid=0 stream=1 addr=0000003c L1 hit=0 miss=0 L2 hit=0 miss=0 L3 hit=0 miss=0 backing=0 alloc0=4 alloc1=4 repartitions=0
SMTUCP cycle=133 bench=smt_ucp_hot_stream policy=2 stream_source=1 tid=0 stream=1 addr=0000003c L1 hit=0 miss=0 L2 hit=0 miss=0 L3 hit=0 miss=0 backing=0 alloc0=4 alloc1=4 repartitions=0
SMTUCP cycle=134 bench=smt_ucp_hot_stream policy=2 stream_source=1 tid=0 stream=1 addr=0000003c L1 hit=0 miss=0 L2 hit=0 miss=0 L3 hit=0 miss=0 backing=0 alloc0=4 alloc1=4 repartitions=0
SMTUCP cycle=135 bench=smt_ucp_hot_stream policy=2 stream_source=1 tid=0 stream=1 addr=0000003c L1 hit=0 miss=0 L2 hit=0 miss=0 L3 hit=0 miss=0 backing=0 alloc0=4 alloc1=4 repartitions=0
SMTUCP cycle=136 bench=smt_ucp_hot_stream policy=2 stream_source=1 tid=0 stream=1 addr=0000003c L1 hit=0 miss=0 L2 hit=0 miss=0 L3 hit=0 miss=0 backing=0 alloc0=4 alloc1=4 repartitions=0
SMTUCP cycle=137 bench=smt_ucp_hot_stream policy=2 stream_source=1 tid=0 stream=1 addr=0000003c L1 hit=0 miss=0 L2 hit=0 miss=0 L3 hit=0 miss=0 backing=0 alloc0=4 alloc1=4 repartitions=0
SMTUCP cycle=138 bench=smt_ucp_hot_stream policy=2 stream_source=1 tid=0 stream=1 addr=0000003c L1 hit=0 miss=0 L2 hit=0 miss=0 L3 hit=0 miss=0 backing=0 alloc0=4 alloc1=4 repartitions=0
SMTUCP cycle=139 bench=smt_ucp_hot_stream policy=2 stream_source=1 tid=0 stream=1 addr=0000003c L1 hit=0 miss=0 L2 hit=0 miss=0 L3 hit=0 miss=0 backing=0 alloc0=4 alloc1=4 repartitions=0
SMTUCP cycle=140 bench=smt_ucp_hot_stream policy=2 stream_source=1 tid=1 stream=1 addr=00000040 L1 hit=0 miss=1 L2 hit=0 miss=0 L3 hit=0 miss=0 backing=0 alloc0=4 alloc1=4 repartitions=0
SMTUCP cycle=141 bench=smt_ucp_hot_stream policy=2 stream_source=1 tid=1 stream=1 addr=00000040 L1 hit=0 miss=0 L2 hit=0 miss=1 L3 hit=0 miss=1 backing=1 alloc0=4 alloc1=4 repartitions=0
SMTUCP cycle=142 bench=smt_ucp_hot_stream policy=2 stream_source=1 tid=1 stream=1 addr=00000040 L1 hit=0 miss=0 L2 hit=0 miss=0 L3 hit=0 miss=0 backing=0 alloc0=4 alloc1=4 repartitions=0
SMTUCP cycle=143 bench=smt_ucp_hot_stream policy=2 stream_source=1 tid=1 stream=1 addr=00000040 L1 hit=0 miss=0 L2 hit=0 miss=0 L3 hit=0 miss=0 backing=0 alloc0=4 alloc1=4 repartitions=0
SMTUCP cycle=144 bench=smt_ucp_hot_stream policy=2 stream_source=1 tid=1 stream=1 addr=00000040 L1 hit=0 miss=0 L2 hit=0 miss=0 L3 hit=0 miss=0 backing=0 alloc0=4 alloc1=4 repartitions=0
SMTUCP cycle=145 bench=smt_ucp_hot_stream policy=2 stream_source=1 tid=1 stream=1 addr=00000040 L1 hit=0 miss=0 L2 hit=0 miss=0 L3 hit=0 miss=0 backing=0 alloc0=4 alloc1=4 repartitions=0
SMTUCP cycle=146 bench=smt_ucp_hot_stream policy=2 stream_source=1 tid=1 stream=1 addr=00000040 L1 hit=0 miss=0 L2 hit=0 miss=0 L3 hit=0 miss=0 backing=0 alloc0=4 alloc1=4 repartitions=0
SMTUCP cycle=147 bench=smt_ucp_hot_stream policy=2 stream_source=1 tid=1 stream=1 addr=00000040 L1 hit=0 miss=0 L2 hit=0 miss=0 L3 hit=0 miss=0 backing=0 alloc0=4 alloc1=4 repartitions=0
SMTUCP cycle=148 bench=smt_ucp_hot_stream policy=2 stream_source=1 tid=1 stream=1 addr=00000040 L1 hit=0 miss=0 L2 hit=0 miss=0 L3 hit=0 miss=0 backing=0 alloc0=4 alloc1=4 repartitions=0
SMTUCP cycle=149 bench=smt_ucp_hot_stream policy=2 stream_source=1 tid=1 stream=1 addr=00000040 L1 hit=0 miss=0 L2 hit=0 miss=0 L3 hit=0 miss=0 backing=0 alloc0=4 alloc1=4 repartitions=0
SMTUCP cycle=150 bench=smt_ucp_hot_stream policy=2 stream_source=1 tid=1 stream=1 addr=00000040 L1 hit=0 miss=0 L2 hit=0 miss=0 L3 hit=0 miss=0 backing=0 alloc0=4 alloc1=4 repartitions=0
SMTUCP cycle=151 bench=smt_ucp_hot_stream policy=2 stream_source=1 tid=1 stream=1 addr=00000040 L1 hit=0 miss=0 L2 hit=0 miss=0 L3 hit=0 miss=0 backing=0 alloc0=4 alloc1=4 repartitions=0
SMTUCP cycle=152 bench=smt_ucp_hot_stream policy=2 stream_source=1 tid=1 stream=1 addr=00000040 L1 hit=0 miss=0 L2 hit=0 miss=0 L3 hit=0 miss=0 backing=0 alloc0=4 alloc1=4 repartitions=0
SMTUCP cycle=153 bench=smt_ucp_hot_stream policy=2 stream_source=1 tid=0 stream=0 addr=00000008 L1 hit=1 miss=0 L2 hit=0 miss=0 L3 hit=0 miss=0 backing=0 alloc0=4 alloc1=4 repartitions=0
SMTUCP cycle=154 bench=smt_ucp_hot_stream policy=2 stream_source=1 tid=1 stream=1 addr=00000044 L1 hit=x miss=x L2 hit=0 miss=0 L3 hit=0 miss=0 backing=0 alloc0=4 alloc1=4 repartitions=0
SMTUCP cycle=155 bench=smt_ucp_hot_stream policy=2 stream_source=1 tid=0 stream=1 addr=00000044 L1 hit=0 miss=0 L2 hit=0 miss=1 L3 hit=0 miss=1 backing=1 alloc0=4 alloc1=4 repartitions=0
SMTUCP cycle=156 bench=smt_ucp_hot_stream policy=2 stream_source=1 tid=0 stream=1 addr=00000044 L1 hit=0 miss=0 L2 hit=0 miss=0 L3 hit=0 miss=0 backing=0 alloc0=4 alloc1=4 repartitions=0
SMTUCP cycle=157 bench=smt_ucp_hot_stream policy=2 stream_source=1 tid=0 stream=1 addr=00000044 L1 hit=0 miss=0 L2 hit=0 miss=0 L3 hit=0 miss=0 backing=0 alloc0=4 alloc1=4 repartitions=0
SMTUCP cycle=158 bench=smt_ucp_hot_stream policy=2 stream_source=1 tid=0 stream=1 addr=00000044 L1 hit=0 miss=0 L2 hit=0 miss=0 L3 hit=0 miss=0 backing=0 alloc0=4 alloc1=4 repartitions=0
SMTUCP cycle=159 bench=smt_ucp_hot_stream policy=2 stream_source=1 tid=0 stream=1 addr=00000044 L1 hit=0 miss=0 L2 hit=0 miss=0 L3 hit=0 miss=0 backing=0 alloc0=4 alloc1=4 repartitions=0
SMTUCP cycle=160 bench=smt_ucp_hot_stream policy=2 stream_source=1 tid=0 stream=1 addr=00000044 L1 hit=0 miss=0 L2 hit=0 miss=0 L3 hit=0 miss=0 backing=0 alloc0=4 alloc1=4 repartitions=0
SMTUCP cycle=161 bench=smt_ucp_hot_stream policy=2 stream_source=1 tid=0 stream=1 addr=00000044 L1 hit=0 miss=0 L2 hit=0 miss=0 L3 hit=0 miss=0 backing=0 alloc0=4 alloc1=4 repartitions=0
SMTUCP cycle=162 bench=smt_ucp_hot_stream policy=2 stream_source=1 tid=0 stream=1 addr=00000044 L1 hit=0 miss=0 L2 hit=0 miss=0 L3 hit=0 miss=0 backing=0 alloc0=4 alloc1=4 repartitions=0
SMTUCP cycle=163 bench=smt_ucp_hot_stream policy=2 stream_source=1 tid=0 stream=1 addr=00000044 L1 hit=0 miss=0 L2 hit=0 miss=0 L3 hit=0 miss=0 backing=0 alloc0=4 alloc1=4 repartitions=0
SMTUCP cycle=164 bench=smt_ucp_hot_stream policy=2 stream_source=1 tid=0 stream=1 addr=00000044 L1 hit=0 miss=0 L2 hit=0 miss=0 L3 hit=0 miss=0 backing=0 alloc0=4 alloc1=4 repartitions=0
SMTUCP cycle=165 bench=smt_ucp_hot_stream policy=2 stream_source=1 tid=0 stream=1 addr=00000044 L1 hit=0 miss=0 L2 hit=0 miss=0 L3 hit=0 miss=0 backing=0 alloc0=4 alloc1=4 repartitions=0
SMTUCP cycle=166 bench=smt_ucp_hot_stream policy=2 stream_source=1 tid=0 stream=1 addr=00000044 L1 hit=0 miss=0 L2 hit=0 miss=0 L3 hit=0 miss=0 backing=0 alloc0=4 alloc1=4 repartitions=0
SMTUCP cycle=167 bench=smt_ucp_hot_stream policy=2 stream_source=1 tid=1 stream=1 addr=00000048 L1 hit=0 miss=1 L2 hit=0 miss=0 L3 hit=0 miss=0 backing=0 alloc0=4 alloc1=4 repartitions=0
SMTUCP cycle=168 bench=smt_ucp_hot_stream policy=2 stream_source=1 tid=1 stream=1 addr=00000048 L1 hit=0 miss=0 L2 hit=0 miss=1 L3 hit=0 miss=1 backing=1 alloc0=4 alloc1=4 repartitions=0
SMTUCP cycle=169 bench=smt_ucp_hot_stream policy=2 stream_source=1 tid=1 stream=1 addr=00000048 L1 hit=0 miss=0 L2 hit=0 miss=0 L3 hit=0 miss=0 backing=0 alloc0=4 alloc1=4 repartitions=0
SMTUCP cycle=170 bench=smt_ucp_hot_stream policy=2 stream_source=1 tid=1 stream=1 addr=00000048 L1 hit=0 miss=0 L2 hit=0 miss=0 L3 hit=0 miss=0 backing=0 alloc0=4 alloc1=4 repartitions=0
SMTUCP cycle=171 bench=smt_ucp_hot_stream policy=2 stream_source=1 tid=1 stream=1 addr=00000048 L1 hit=0 miss=0 L2 hit=0 miss=0 L3 hit=0 miss=0 backing=0 alloc0=4 alloc1=4 repartitions=0
SMTUCP cycle=172 bench=smt_ucp_hot_stream policy=2 stream_source=1 tid=1 stream=1 addr=00000048 L1 hit=0 miss=0 L2 hit=0 miss=0 L3 hit=0 miss=0 backing=0 alloc0=4 alloc1=4 repartitions=0
SMTUCP cycle=173 bench=smt_ucp_hot_stream policy=2 stream_source=1 tid=1 stream=1 addr=00000048 L1 hit=0 miss=0 L2 hit=0 miss=0 L3 hit=0 miss=0 backing=0 alloc0=4 alloc1=4 repartitions=0
SMTUCP cycle=174 bench=smt_ucp_hot_stream policy=2 stream_source=1 tid=1 stream=1 addr=00000048 L1 hit=0 miss=0 L2 hit=0 miss=0 L3 hit=0 miss=0 backing=0 alloc0=4 alloc1=4 repartitions=0
SMTUCP cycle=175 bench=smt_ucp_hot_stream policy=2 stream_source=1 tid=1 stream=1 addr=00000048 L1 hit=0 miss=0 L2 hit=0 miss=0 L3 hit=0 miss=0 backing=0 alloc0=4 alloc1=4 repartitions=0
SMTUCP cycle=176 bench=smt_ucp_hot_stream policy=2 stream_source=1 tid=1 stream=1 addr=00000048 L1 hit=0 miss=0 L2 hit=0 miss=0 L3 hit=0 miss=0 backing=0 alloc0=4 alloc1=4 repartitions=0
SMTUCP cycle=177 bench=smt_ucp_hot_stream policy=2 stream_source=1 tid=1 stream=1 addr=00000048 L1 hit=0 miss=0 L2 hit=0 miss=0 L3 hit=0 miss=0 backing=0 alloc0=4 alloc1=4 repartitions=0
SMTUCP cycle=178 bench=smt_ucp_hot_stream policy=2 stream_source=1 tid=1 stream=1 addr=00000048 L1 hit=0 miss=0 L2 hit=0 miss=0 L3 hit=0 miss=0 backing=0 alloc0=4 alloc1=4 repartitions=0
SMTUCP cycle=179 bench=smt_ucp_hot_stream policy=2 stream_source=1 tid=1 stream=1 addr=00000048 L1 hit=0 miss=0 L2 hit=0 miss=0 L3 hit=0 miss=0 backing=0 alloc0=4 alloc1=4 repartitions=0
SMTUCP cycle=180 bench=smt_ucp_hot_stream policy=2 stream_source=1 tid=0 stream=0 addr=00000008 L1 hit=1 miss=0 L2 hit=0 miss=0 L3 hit=0 miss=0 backing=0 alloc0=4 alloc1=4 repartitions=0
SMTUCP cycle=181 bench=smt_ucp_hot_stream policy=2 stream_source=1 tid=1 stream=1 addr=0000004c L1 hit=x miss=x L2 hit=0 miss=0 L3 hit=0 miss=0 backing=0 alloc0=4 alloc1=4 repartitions=0
SMTUCP cycle=182 bench=smt_ucp_hot_stream policy=2 stream_source=1 tid=0 stream=1 addr=0000004c L1 hit=0 miss=0 L2 hit=0 miss=1 L3 hit=0 miss=1 backing=1 alloc0=4 alloc1=4 repartitions=0
SMTUCP cycle=183 bench=smt_ucp_hot_stream policy=2 stream_source=1 tid=0 stream=1 addr=0000004c L1 hit=0 miss=0 L2 hit=0 miss=0 L3 hit=0 miss=0 backing=0 alloc0=4 alloc1=4 repartitions=0
SMTUCP cycle=184 bench=smt_ucp_hot_stream policy=2 stream_source=1 tid=0 stream=1 addr=0000004c L1 hit=0 miss=0 L2 hit=0 miss=0 L3 hit=0 miss=0 backing=0 alloc0=4 alloc1=4 repartitions=0
SMTUCP cycle=185 bench=smt_ucp_hot_stream policy=2 stream_source=1 tid=0 stream=1 addr=0000004c L1 hit=0 miss=0 L2 hit=0 miss=0 L3 hit=0 miss=0 backing=0 alloc0=4 alloc1=4 repartitions=0
SMTUCP cycle=186 bench=smt_ucp_hot_stream policy=2 stream_source=1 tid=0 stream=1 addr=0000004c L1 hit=0 miss=0 L2 hit=0 miss=0 L3 hit=0 miss=0 backing=0 alloc0=4 alloc1=4 repartitions=0
SMTUCP cycle=187 bench=smt_ucp_hot_stream policy=2 stream_source=1 tid=0 stream=1 addr=0000004c L1 hit=0 miss=0 L2 hit=0 miss=0 L3 hit=0 miss=0 backing=0 alloc0=4 alloc1=4 repartitions=0
SMTUCP cycle=188 bench=smt_ucp_hot_stream policy=2 stream_source=1 tid=0 stream=1 addr=0000004c L1 hit=0 miss=0 L2 hit=0 miss=0 L3 hit=0 miss=0 backing=0 alloc0=4 alloc1=4 repartitions=0
SMTUCP cycle=189 bench=smt_ucp_hot_stream policy=2 stream_source=1 tid=0 stream=1 addr=0000004c L1 hit=0 miss=0 L2 hit=0 miss=0 L3 hit=0 miss=0 backing=0 alloc0=4 alloc1=4 repartitions=0
SMTUCP cycle=190 bench=smt_ucp_hot_stream policy=2 stream_source=1 tid=0 stream=1 addr=0000004c L1 hit=0 miss=0 L2 hit=0 miss=0 L3 hit=0 miss=0 backing=0 alloc0=4 alloc1=4 repartitions=0
SMTUCP cycle=191 bench=smt_ucp_hot_stream policy=2 stream_source=1 tid=0 stream=1 addr=0000004c L1 hit=0 miss=0 L2 hit=0 miss=0 L3 hit=0 miss=0 backing=0 alloc0=4 alloc1=4 repartitions=0
SMTUCP cycle=192 bench=smt_ucp_hot_stream policy=2 stream_source=1 tid=0 stream=1 addr=0000004c L1 hit=0 miss=0 L2 hit=0 miss=0 L3 hit=0 miss=0 backing=0 alloc0=4 alloc1=4 repartitions=0
SMTUCP cycle=193 bench=smt_ucp_hot_stream policy=2 stream_source=1 tid=0 stream=1 addr=0000004c L1 hit=0 miss=0 L2 hit=0 miss=0 L3 hit=0 miss=0 backing=0 alloc0=4 alloc1=4 repartitions=0
